cuda
成功: RNCMPT00001_RNCMPT.pkl_A1CF（長さ340）
成功: RNCMPT00291_RNCMPT.pkl_A1CF（長さ340）
成功: RNCMPT00123_RNCMPT.pkl_A2BP1（長さ169）
成功: RNCMPT00265_RNCMPT.pkl_An_0265（長さ365）
成功: RNCMPT00287_RNCMPT.pkl_An_0287（長さ171）
成功: RNCMPT00002_RNCMPT.pkl_ANKHD1（長さ163）
成功: RNCMPT00270_RNCMPT.pkl_ARET（長さ98）
成功: RNCMPT00114_RNCMPT.pkl_ARET（長さ467）
成功: RNCMPT00003_RNCMPT.pkl_ARET（長さ604）
成功: RNCMPT00180_RNCMPT.pkl_ASD-1（長さ404）
成功: RNCMPT00284_RNCMPT.pkl_At_0284（長さ143）
成功: RNCMPT00134_RNCMPT.pkl_B52（長さ241）
成功: RNCMPT00122_RNCMPT.pkl_BRU-3（長さ416）
成功: RNCMPT00004_RNCMPT.pkl_BRUNOL4（長さ481）
成功: RNCMPT00166_RNCMPT.pkl_BRUNOL5（長さ485）
成功: RNCMPT00187_RNCMPT.pkl_BRUNOL6（長さ481）
成功: RNCMPT00129_RNCMPT.pkl_CG11360（長さ271）
成功: RNCMPT00006_RNCMPT.pkl_CG14718（長さ179）
成功: RNCMPT00131_RNCMPT.pkl_CG17838（長さ339）
成功: RNCMPT00147_RNCMPT.pkl_CG2931（長さ153）
成功: RNCMPT00007_RNCMPT.pkl_CG2950（長さ164）
成功: RNCMPT00009_RNCMPT.pkl_CG33714（長さ90）
成功: RNCMPT00010_RNCMPT.pkl_CG5213（長さ247）
成功: RNCMPT00146_RNCMPT.pkl_CG7804（長さ231）
成功: RNCMPT00144_RNCMPT.pkl_CG7903（長さ118）
成功: RNCMPT00008_RNCMPT.pkl_CNOT4（長さ177）
成功: RNCMPT00156_RNCMPT.pkl_CNOT4（長さ177）
成功: RNCMPT00012_RNCMPT.pkl_CPEB2（長さ273）
成功: RNCMPT00158_RNCMPT.pkl_CPEB4（長さ278）
成功: RNCMPT00133_RNCMPT.pkl_CPO（長さ183）
成功: RNCMPT00013_RNCMPT.pkl_DAZAP1（長さ378）
成功: RNCMPT00273_RNCMPT.pkl_EIF-2ALPHA（長さ341）
成功: RNCMPT00121_RNCMPT.pkl_ELAV（長さ383）
成功: RNCMPT00149_RNCMPT.pkl_ENOX1（長さ161）
成功: RNCMPT00150_RNCMPT.pkl_ESRP2（長さ391）
成功: RNCMPT00183_RNCMPT.pkl_ETR-1（長さ588）
成功: RNCMPT00014_RNCMPT.pkl_EXC-7（長さ456）
成功: RNCMPT00015_RNCMPT.pkl_FMR1（長さ248）
成功: RNCMPT00016_RNCMPT.pkl_FMR1（長さ277）
成功: RNCMPT00120_RNCMPT.pkl_FNE（長さ356）
成功: RNCMPT00017_RNCMPT.pkl_FOX-1（長さ415）
成功: RNCMPT00018_RNCMPT.pkl_FUS（長さ179）
成功: RNCMPT00161_RNCMPT.pkl_FXR1（長さ232）
成功: RNCMPT00020_RNCMPT.pkl_FXR2（長さ232）
成功: RNCMPT00021_RNCMPT.pkl_G3BP2（長さ167）
成功: RNCMPT00022_RNCMPT.pkl_HNRNPA1（長さ226）
成功: RNCMPT00023_RNCMPT.pkl_HNRNPA1L2（長さ226）
成功: RNCMPT00024_RNCMPT.pkl_HNRNPA2B1（長さ233）
成功: RNCMPT00245_RNCMPT.pkl_HNRNPAB（長さ205）
成功: RNCMPT00025_RNCMPT.pkl_HNRNPC（長さ131）
成功: RNCMPT00167_RNCMPT.pkl_HNRNPCL1（長さ131）
成功: RNCMPT00160_RNCMPT.pkl_HNRNPH2（長さ408）
成功: RNCMPT00026_RNCMPT.pkl_HNRNPK（長さ464）
成功: RNCMPT00027_RNCMPT.pkl_HNRNPL（長さ558）
成功: RNCMPT00091_RNCMPT.pkl_HNRNPL（長さ589）
成功: RNCMPT00288_RNCMPT.pkl_HNRNPR（長さ339）
成功: RNCMPT00289_RNCMPT.pkl_Hnrnpr（長さ339）
成功: RNCMPT00178_RNCMPT.pkl_HNRPLL（長さ542）
成功: RNCMPT00118_RNCMPT.pkl_HOW（長さ194）
成功: RNCMPT00028_RNCMPT.pkl_HRB27C（長さ218）
成功: RNCMPT00093_RNCMPT.pkl_HRB27C（長さ421）
成功: RNCMPT00029_RNCMPT.pkl_HRB87F（長さ236）
成功: RNCMPT00095_RNCMPT.pkl_HRB98DE（長さ191）
成功: RNCMPT00096_RNCMPT.pkl_HRB98DE（長さ191）
成功: RNCMPT00094_RNCMPT.pkl_HRB98DE（長さ365）
成功: RNCMPT00031_RNCMPT.pkl_Hrp1p（長さ194）
成功: RNCMPT00112_RNCMPT.pkl_HuR（長さ325）
成功: RNCMPT00117_RNCMPT.pkl_HuR（長さ325）
成功: RNCMPT00136_RNCMPT.pkl_HuR（長さ325）
成功: RNCMPT00032_RNCMPT.pkl_HuR（長さ325）
成功: RNCMPT00274_RNCMPT.pkl_HuR（長さ325）
成功: RNCMPT00033_RNCMPT.pkl_IGF2BP2（長さ599）
成功: RNCMPT00172_RNCMPT.pkl_IGF2BP3（長さ579）
成功: RNCMPT00169_RNCMPT.pkl_KHDRBS1（長さ185）
成功: RNCMPT00062_RNCMPT.pkl_KHDRBS1（長さ205）
成功: RNCMPT00185_RNCMPT.pkl_KHDRBS2（長さ181）
成功: RNCMPT00034_RNCMPT.pkl_KHDRBS3（長さ183）
成功: RNCMPT00035_RNCMPT.pkl_LARK（長さ207）
成功: RNCMPT00097_RNCMPT.pkl_LARK（長さ207）
成功: RNCMPT00124_RNCMPT.pkl_LARK（長さ352）
成功: RNCMPT00036_RNCMPT.pkl_LIN28A（長さ209）
成功: RNCMPT00162_RNCMPT.pkl_LIN28A（長さ209）
成功: RNCMPT00212_RNCMPT.pkl_Lm_0212（長さ235）
成功: RNCMPT00223_RNCMPT.pkl_Lm_0223（長さ217）
成功: RNCMPT00254_RNCMPT.pkl_Lm_0254（長さ281）
成功: RNCMPT00255_RNCMPT.pkl_Lm_0255（長さ409）
成功: RNCMPT00234_RNCMPT.pkl_MAL13P1.35（長さ323）
成功: RNCMPT00197_RNCMPT.pkl_MAL8P1.40（長さ271）
成功: RNCMPT00037_RNCMPT.pkl_MATR3（長さ253）
成功: RNCMPT00038_RNCMPT.pkl_MBNL1（長さ382）
成功: RNCMPT00181_RNCMPT.pkl_MEC-8（長さ312）
成功: RNCMPT00039_RNCMPT.pkl_MEX-5（長さ468）
成功: RNCMPT00140_RNCMPT.pkl_MOD（長さ407）
成功: RNCMPT00040_RNCMPT.pkl_MSI（長さ100）
成功: RNCMPT00100_RNCMPT.pkl_MSI（長さ258）
成功: RNCMPT00099_RNCMPT.pkl_MSI（長さ188）
成功: RNCMPT00041_RNCMPT.pkl_MSI1（長さ230）
成功: RNCMPT00176_RNCMPT.pkl_MSI1（長さ362）
成功: RNCMPT00137_RNCMPT.pkl_MUB（長さ96）
成功: RNCMPT00042_RNCMPT.pkl_Nab2p（長さ75）
成功: RNCMPT00238_RNCMPT.pkl_NCU02404（長さ438）
成功: RNCMPT00209_RNCMPT.pkl_NCU08034（長さ247）
成功: RNCMPT00261_RNCMPT.pkl_Ng_0261（長さ407）
成功: RNCMPT00278_RNCMPT.pkl_Nv_0278（長さ177）
成功: RNCMPT00126_RNCMPT.pkl_ORB2（長さ273）
成功: RNCMPT00262_RNCMPT.pkl_Ot_0262（長さ347）
成功: RNCMPT00263_RNCMPT.pkl_Ot_0263（長さ210）
成功: RNCMPT00139_RNCMPT.pkl_PABP（長さ408）
成功: RNCMPT00155_RNCMPT.pkl_PABPC1（長さ414）
成功: RNCMPT00153_RNCMPT.pkl_PABPC3（長さ414）
成功: RNCMPT00043_RNCMPT.pkl_PABPC4（長さ414）
成功: RNCMPT00171_RNCMPT.pkl_PABPC5（長さ382）
成功: RNCMPT00157_RNCMPT.pkl_PABPN1（長さ170）
成功: RNCMPT00011_RNCMPT.pkl_PAPI（長さ576）
成功: RNCMPT00186_RNCMPT.pkl_PCBP1（長さ356）
成功: RNCMPT00239_RNCMPT.pkl_PCBP1（長さ356）
成功: RNCMPT00044_RNCMPT.pkl_PCBP2（長さ335）
成功: RNCMPT00246_RNCMPT.pkl_Pcbp2（長さ318）
成功: RNCMPT00215_RNCMPT.pkl_PCBP3（長さ339）
成功: RNCMPT00199_RNCMPT.pkl_PF10_0068（長さ246）
成功: RNCMPT00240_RNCMPT.pkl_PF10_0214（長さ279）
成功: RNCMPT00200_RNCMPT.pkl_PF13_0315（長さ455）
成功: RNCMPT00235_RNCMPT.pkl_PFF0320c（長さ534）
成功: RNCMPT00202_RNCMPT.pkl_PFI1435w（長さ289）
成功: RNCMPT00203_RNCMPT.pkl_PFI1695c（長さ193）
成功: RNCMPT00206_RNCMPT.pkl_Pp_0206（長さ352）
成功: RNCMPT00228_RNCMPT.pkl_Pp_0228（長さ386）
成功: RNCMPT00229_RNCMPT.pkl_Pp_0229（長さ337）
成功: RNCMPT00237_RNCMPT.pkl_Pp_0237（長さ235）
成功: RNCMPT00045_RNCMPT.pkl_PPRC1（長さ164）
成功: RNCMPT00249_RNCMPT.pkl_Pr_0249（長さ228）
成功: RNCMPT00268_RNCMPT.pkl_PTBP1（長さ530）
成功: RNCMPT00269_RNCMPT.pkl_PTBP1（長さ530）
成功: RNCMPT00141_RNCMPT.pkl_PUF68（長さ556）
成功: RNCMPT00101_RNCMPT.pkl_PUM（長さ338）
成功: RNCMPT00102_RNCMPT.pkl_PUM（長さ338）
成功: RNCMPT00103_RNCMPT.pkl_PUM（長さ338）
成功: RNCMPT00104_RNCMPT.pkl_PUM（長さ338）
成功: RNCMPT00105_RNCMPT.pkl_PUM（長さ338）
成功: RNCMPT00046_RNCMPT.pkl_PUM（長さ391）
成功: RNCMPT00047_RNCMPT.pkl_QKI（長さ341）
成功: RNCMPT00142_RNCMPT.pkl_QKR58E-1（長さ168）
成功: RNCMPT00159_RNCMPT.pkl_RALY（長さ136）
成功: RNCMPT00168_RNCMPT.pkl_RBFOX1（長さ169）
成功: RNCMPT00184_RNCMPT.pkl_RBM24（長さ131）
成功: RNCMPT00285_RNCMPT.pkl_Rbm24（長さ131）
成功: RNCMPT00049_RNCMPT.pkl_RBM28（長さ617）
成功: RNCMPT00050_RNCMPT.pkl_RBM3（長さ128）
Error processing RNCMPT00051_RNCMPT.pkl_RBM38: '708090100110120'
成功: RNCMPT00283_RNCMPT.pkl_Rbm38（長さ145）
成功: RNCMPT00113_RNCMPT.pkl_RBM4（長さ177）
成功: RNCMPT00052_RNCMPT.pkl_RBM4（長さ177）
成功: RNCMPT00248_RNCMPT.pkl_Rbm4.3（長さ191）
成功: RNCMPT00053_RNCMPT.pkl_RBM41（長さ153）
成功: RNCMPT00151_RNCMPT.pkl_RBM42（長さ148）
成功: RNCMPT00282_RNCMPT.pkl_Rbm42（長さ148）
成功: RNCMPT00241_RNCMPT.pkl_RBM45（長さ476）
成功: RNCMPT00054_RNCMPT.pkl_RBM46（長さ340）
成功: RNCMPT00279_RNCMPT.pkl_RBM47（長さ340）
成功: RNCMPT00280_RNCMPT.pkl_Rbm47（長さ340）
成功: RNCMPT00055_RNCMPT.pkl_RBM5（長さ546）
成功: RNCMPT00154_RNCMPT.pkl_RBM5（長さ303）
成功: RNCMPT00170_RNCMPT.pkl_RBM6（長さ367）
成功: RNCMPT00056_RNCMPT.pkl_RBM8A（長さ153）
成功: RNCMPT00152_RNCMPT.pkl_RBMS1（長さ246）
成功: RNCMPT00173_RNCMPT.pkl_RBMS3（長さ246）
成功: RNCMPT00057_RNCMPT.pkl_RBMS3（長さ246）
成功: RNCMPT00058_RNCMPT.pkl_RBP1（長さ128）
成功: RNCMPT00127_RNCMPT.pkl_RBP1-LIKE（長さ128）
成功: RNCMPT00132_RNCMPT.pkl_RBP9（長さ383）
成功: RNCMPT00059_RNCMPT.pkl_REF2（長さ170）
成功: RNCMPT00138_RNCMPT.pkl_RIN（長さ175）
成功: RNCMPT00060_RNCMPT.pkl_RNP4F（長さ170）
成功: RNCMPT00205_RNCMPT.pkl_RO3G_00049（長さ238）
成功: RNCMPT00148_RNCMPT.pkl_ROX8（長さ338）
成功: RNCMPT00061_RNCMPT.pkl_RSF1（長さ127）
成功: RNCMPT00063_RNCMPT.pkl_SAMD4A（長さ161）
成功: RNCMPT00064_RNCMPT.pkl_SART3（長さ267）
成功: RNCMPT00065_RNCMPT.pkl_SF1（長さ186）
成功: RNCMPT00066_RNCMPT.pkl_SF2（長さ245）
成功: RNCMPT00224_RNCMPT.pkl_Sf3b4（長さ212）
成功: RNCMPT00177_RNCMPT.pkl_SFPQ（長さ221）
成功: RNCMPT00174_RNCMPT.pkl_SHEP（長さ600）
成功: RNCMPT00175_RNCMPT.pkl_SHEP（長さ498）
成功: RNCMPT00068_RNCMPT.pkl_SHEP（長さ378）
成功: RNCMPT00069_RNCMPT.pkl_SM（長さ436）
成功: RNCMPT00232_RNCMPT.pkl_Smp_067420（長さ223）
成功: RNCMPT00145_RNCMPT.pkl_SNF（長さ216）
成功: RNCMPT00070_RNCMPT.pkl_SNRNP70（長さ171）
成功: RNCMPT00143_RNCMPT.pkl_SNRNP70K（長さ171）
成功: RNCMPT00071_RNCMPT.pkl_SNRPA（長さ282）
成功: RNCMPT00272_RNCMPT.pkl_SRP54（長さ240）
成功: RNCMPT00106_RNCMPT.pkl_SRSF1（長さ202）
成功: RNCMPT00107_RNCMPT.pkl_SRSF1（長さ202）
成功: RNCMPT00108_RNCMPT.pkl_SRSF1（長さ202）
成功: RNCMPT00109_RNCMPT.pkl_SRSF1（長さ202）
成功: RNCMPT00110_RNCMPT.pkl_SRSF1（長さ202）
成功: RNCMPT00163_RNCMPT.pkl_SRSF1（長さ248）
成功: RNCMPT00088_RNCMPT.pkl_SRSF10（長さ92）
成功: RNCMPT00089_RNCMPT.pkl_SRSF10（長さ92）
成功: RNCMPT00090_RNCMPT.pkl_SRSF10（長さ92）
成功: RNCMPT00019_RNCMPT.pkl_SRSF10（長さ92）
成功: RNCMPT00072_RNCMPT.pkl_SRSF2（長さ120）
成功: RNCMPT00073_RNCMPT.pkl_SRSF7（長さ124）
成功: RNCMPT00074_RNCMPT.pkl_SRSF9（長さ221）
成功: RNCMPT00067_RNCMPT.pkl_SRSF9（長さ221）
成功: RNCMPT00179_RNCMPT.pkl_SUP-12（長さ248）
成功: RNCMPT00182_RNCMPT.pkl_SUP-26（長さ476）
成功: RNCMPT00119_RNCMPT.pkl_SXL（長さ255）
成功: RNCMPT00281_RNCMPT.pkl_Syncrip（長さ339）
成功: RNCMPT00076_RNCMPT.pkl_TARDBP（長さ260）
成功: RNCMPT00216_RNCMPT.pkl_Tb_0216（長さ270）
成功: RNCMPT00217_RNCMPT.pkl_Tb_0217（長さ386）
成功: RNCMPT00218_RNCMPT.pkl_Tb_0218（長さ323）
成功: RNCMPT00219_RNCMPT.pkl_Tb_0219（長さ262）
成功: RNCMPT00220_RNCMPT.pkl_Tb_0220（長さ264）
成功: RNCMPT00230_RNCMPT.pkl_Tb_0230（長さ419）
成功: RNCMPT00251_RNCMPT.pkl_Tb_0251（長さ457）
成功: RNCMPT00252_RNCMPT.pkl_Tb_0252（長さ377）
成功: RNCMPT00253_RNCMPT.pkl_Tb_0253（長さ424）
成功: RNCMPT00165_RNCMPT.pkl_TIA1（長さ350）
成功: RNCMPT00077_RNCMPT.pkl_TIA1（長さ375）
成功: RNCMPT00256_RNCMPT.pkl_TIAR-1（長さ356）
成功: RNCMPT00005_RNCMPT.pkl_TIAR-3（長さ275）
成功: RNCMPT00225_RNCMPT.pkl_Tp_0225（長さ267）
成功: RNCMPT00078_RNCMPT.pkl_TRA2（長さ171）
成功: RNCMPT00075_RNCMPT.pkl_TUT1（長さ912）
成功: RNCMPT00226_RNCMPT.pkl_Tv_0226（長さ203）
成功: RNCMPT00236_RNCMPT.pkl_Tv_0236（長さ310）
成功: RNCMPT00257_RNCMPT.pkl_Tv_0257（長さ307）
成功: RNCMPT00258_RNCMPT.pkl_Tv_0258（長さ230）
成功: RNCMPT00259_RNCMPT.pkl_Tv_0259（長さ248）
成功: RNCMPT00079_RNCMPT.pkl_U2AF2（長さ375）
成功: RNCMPT00080_RNCMPT.pkl_U2AF50（長さ372）
成功: RNCMPT00081_RNCMPT.pkl_UNC-75（長さ514）
成功: RNCMPT00111_RNCMPT.pkl_Vts1p（長さ86）
成功: RNCMPT00082_RNCMPT.pkl_Vts1p（長さ86）
成功: RNCMPT00116_RNCMPT.pkl_YBX1（長さ324）
成功: RNCMPT00083_RNCMPT.pkl_YBX1（長さ324）
成功: RNCMPT00084_RNCMPT.pkl_YBX2（長さ364）
成功: RNCMPT00085_RNCMPT.pkl_ZC3H10（長さ434）
成功: RNCMPT00086_RNCMPT.pkl_ZC3H14（長さ736）
成功: RNCMPT00087_RNCMPT.pkl_ZCRB1（長さ132）
成功: RNCMPT00164_RNCMPT.pkl_ZNF638（長さ376）
特徴量を保存しました。
