Trainデータ数: 13703
Testデータ数: 621
Epoch 1, Loss: 1.1713, Time: 39.20s
Epoch 2, Loss: 0.7392, Time: 34.97s
Epoch 3, Loss: 0.5636, Time: 35.70s
Epoch 4, Loss: 0.4953, Time: 34.94s
Epoch 5, Loss: 0.4576, Time: 35.55s
Epoch 6, Loss: 0.4304, Time: 35.21s
Epoch 7, Loss: 0.4077, Time: 37.79s
Epoch 8, Loss: 0.3866, Time: 42.33s
Epoch 9, Loss: 0.3710, Time: 36.50s
Epoch 10, Loss: 0.3599, Time: 41.58s
Epoch 11, Loss: 0.3495, Time: 42.51s
Epoch 12, Loss: 0.3418, Time: 42.69s
Epoch 13, Loss: 0.3334, Time: 42.62s
Epoch 14, Loss: 0.3255, Time: 42.87s
Epoch 15, Loss: 0.3183, Time: 41.50s
Epoch 16, Loss: 0.3105, Time: 43.26s
Epoch 17, Loss: 0.3028, Time: 42.55s
Epoch 18, Loss: 0.2955, Time: 37.18s
Epoch 19, Loss: 0.2877, Time: 34.68s
Epoch 20, Loss: 0.2803, Time: 36.80s
Epoch 21, Loss: 0.2725, Time: 35.06s
Epoch 22, Loss: 0.2655, Time: 36.45s
Epoch 23, Loss: 0.2584, Time: 35.74s
Epoch 24, Loss: 0.2518, Time: 35.02s
Epoch 25, Loss: 0.2453, Time: 36.95s
Epoch 26, Loss: 0.2399, Time: 36.61s
Epoch 27, Loss: 0.2348, Time: 34.96s
Epoch 28, Loss: 0.2289, Time: 43.96s
Epoch 29, Loss: 0.2241, Time: 37.26s
Epoch 30, Loss: 0.2188, Time: 39.54s
Epoch 31, Loss: 0.2141, Time: 42.08s
Epoch 32, Loss: 0.2087, Time: 41.98s
Epoch 33, Loss: 0.2053, Time: 41.59s
Epoch 34, Loss: 0.2004, Time: 42.16s
Epoch 35, Loss: 0.1964, Time: 41.70s
Epoch 36, Loss: 0.1927, Time: 42.39s
Epoch 37, Loss: 0.1885, Time: 41.80s
Epoch 38, Loss: 0.1853, Time: 39.50s
Epoch 39, Loss: 0.1817, Time: 35.86s
Epoch 40, Loss: 0.1783, Time: 36.40s
Epoch 41, Loss: 0.1751, Time: 36.61s
Epoch 42, Loss: 0.1722, Time: 36.26s
Epoch 43, Loss: 0.1694, Time: 36.04s
Epoch 44, Loss: 0.1662, Time: 35.56s
Epoch 45, Loss: 0.1632, Time: 35.15s
Epoch 46, Loss: 0.1611, Time: 35.27s
Epoch 47, Loss: 0.1581, Time: 37.59s
Epoch 48, Loss: 0.1552, Time: 37.52s
Epoch 49, Loss: 0.1530, Time: 41.20s
Epoch 50, Loss: 0.1507, Time: 42.23s
Epoch 51, Loss: 0.1483, Time: 41.02s
Epoch 52, Loss: 0.1464, Time: 41.23s
Epoch 53, Loss: 0.1442, Time: 42.46s
Epoch 54, Loss: 0.1417, Time: 41.99s
Epoch 55, Loss: 0.1397, Time: 42.22s
Epoch 56, Loss: 0.1380, Time: 39.71s
Epoch 57, Loss: 0.1358, Time: 35.89s
Epoch 58, Loss: 0.1341, Time: 36.80s
Epoch 59, Loss: 0.1319, Time: 36.37s
Epoch 60, Loss: 0.1300, Time: 36.12s
Epoch 61, Loss: 0.1283, Time: 36.38s
Epoch 62, Loss: 0.1263, Time: 35.83s
Epoch 63, Loss: 0.1250, Time: 36.86s
Epoch 64, Loss: 0.1228, Time: 34.91s
Epoch 65, Loss: 0.1215, Time: 36.36s
Epoch 66, Loss: 0.1198, Time: 34.97s
Epoch 67, Loss: 0.1183, Time: 40.67s
Epoch 68, Loss: 0.1167, Time: 40.51s
Epoch 69, Loss: 0.1156, Time: 38.95s
Epoch 70, Loss: 0.1136, Time: 41.17s
Epoch 71, Loss: 0.1120, Time: 41.62s
Epoch 72, Loss: 0.1103, Time: 43.02s
Epoch 73, Loss: 0.1087, Time: 42.24s
Epoch 74, Loss: 0.1078, Time: 43.41s
Epoch 75, Loss: 0.1062, Time: 42.41s
Epoch 76, Loss: 0.1053, Time: 41.61s
Epoch 77, Loss: 0.1037, Time: 41.84s
Epoch 78, Loss: 0.1020, Time: 41.25s
Epoch 79, Loss: 0.1007, Time: 35.26s
Epoch 80, Loss: 0.0989, Time: 36.74s
Epoch 81, Loss: 0.0980, Time: 36.38s
Epoch 82, Loss: 0.0965, Time: 36.69s
Epoch 83, Loss: 0.0959, Time: 36.00s
Epoch 84, Loss: 0.0941, Time: 35.90s
Epoch 85, Loss: 0.0930, Time: 36.10s
Epoch 86, Loss: 0.0918, Time: 36.27s
Epoch 87, Loss: 0.0909, Time: 36.52s
Epoch 88, Loss: 0.0894, Time: 34.58s
Epoch 89, Loss: 0.0883, Time: 35.21s
Epoch 90, Loss: 0.0873, Time: 35.22s
Epoch 91, Loss: 0.0863, Time: 36.16s
Epoch 92, Loss: 0.0850, Time: 34.86s
Epoch 93, Loss: 0.0842, Time: 35.21s
Epoch 94, Loss: 0.0828, Time: 44.77s
Epoch 95, Loss: 0.0817, Time: 36.45s
Epoch 96, Loss: 0.0808, Time: 38.64s
Epoch 97, Loss: 0.0801, Time: 41.82s
Epoch 98, Loss: 0.0793, Time: 42.36s
Epoch 99, Loss: 0.0781, Time: 41.53s
Epoch 100, Loss: 0.0768, Time: 41.60s
Epoch 101, Loss: 0.0761, Time: 42.00s
Epoch 102, Loss: 0.0755, Time: 42.06s
Epoch 103, Loss: 0.0742, Time: 42.42s
Epoch 104, Loss: 0.0735, Time: 41.43s
Epoch 105, Loss: 0.0726, Time: 41.26s
Epoch 106, Loss: 0.0716, Time: 39.49s
Epoch 107, Loss: 0.0707, Time: 36.67s
Epoch 108, Loss: 0.0699, Time: 35.50s
Epoch 109, Loss: 0.0695, Time: 35.75s
Epoch 110, Loss: 0.0684, Time: 36.31s
Epoch 111, Loss: 0.0680, Time: 35.92s
Epoch 112, Loss: 0.0673, Time: 36.40s
Epoch 113, Loss: 0.0661, Time: 36.27s
Epoch 114, Loss: 0.0655, Time: 36.82s
Epoch 115, Loss: 0.0646, Time: 37.09s
Epoch 116, Loss: 0.0637, Time: 37.49s
Epoch 117, Loss: 0.0634, Time: 36.61s
Epoch 118, Loss: 0.0628, Time: 36.89s
Epoch 119, Loss: 0.0617, Time: 37.41s
Epoch 120, Loss: 0.0613, Time: 37.97s
Epoch 121, Loss: 0.0606, Time: 37.28s
Epoch 122, Loss: 0.0599, Time: 37.08s
Epoch 123, Loss: 0.0591, Time: 37.39s
Epoch 124, Loss: 0.0587, Time: 37.76s
Epoch 125, Loss: 0.0583, Time: 38.01s
Epoch 126, Loss: 0.0573, Time: 36.51s
Epoch 127, Loss: 0.0567, Time: 38.16s
Epoch 128, Loss: 0.0564, Time: 38.26s
Epoch 129, Loss: 0.0558, Time: 36.62s
Epoch 130, Loss: 0.0552, Time: 37.57s
Epoch 131, Loss: 0.0548, Time: 37.34s
Epoch 132, Loss: 0.0541, Time: 37.39s
Epoch 133, Loss: 0.0535, Time: 36.24s
Epoch 134, Loss: 0.0531, Time: 37.93s
Epoch 135, Loss: 0.0524, Time: 37.06s
Epoch 136, Loss: 0.0519, Time: 37.50s
Epoch 137, Loss: 0.0515, Time: 37.65s
Epoch 138, Loss: 0.0511, Time: 37.58s
Epoch 139, Loss: 0.0507, Time: 37.36s
Epoch 140, Loss: 0.0501, Time: 37.28s
Epoch 141, Loss: 0.0498, Time: 36.81s
Epoch 142, Loss: 0.0492, Time: 34.63s
Epoch 143, Loss: 0.0488, Time: 34.95s
Epoch 144, Loss: 0.0478, Time: 34.03s
Epoch 145, Loss: 0.0476, Time: 35.06s
Epoch 146, Loss: 0.0474, Time: 36.10s
Epoch 147, Loss: 0.0467, Time: 35.72s
Epoch 148, Loss: 0.0466, Time: 35.49s
Epoch 149, Loss: 0.0463, Time: 34.92s
Epoch 150, Loss: 0.0456, Time: 34.66s
Epoch 151, Loss: 0.0452, Time: 34.97s
Epoch 152, Loss: 0.0447, Time: 35.43s
Epoch 153, Loss: 0.0445, Time: 35.49s
Epoch 154, Loss: 0.0441, Time: 34.60s
Epoch 155, Loss: 0.0435, Time: 34.88s
Epoch 156, Loss: 0.0430, Time: 35.73s
Epoch 157, Loss: 0.0428, Time: 35.33s
Epoch 158, Loss: 0.0425, Time: 34.59s
Epoch 159, Loss: 0.0424, Time: 35.21s
Epoch 160, Loss: 0.0419, Time: 35.58s
Epoch 161, Loss: 0.0413, Time: 36.59s
Epoch 162, Loss: 0.0412, Time: 34.60s
Epoch 163, Loss: 0.0408, Time: 35.14s
Epoch 164, Loss: 0.0405, Time: 35.31s
Epoch 165, Loss: 0.0399, Time: 34.19s
Epoch 166, Loss: 0.0398, Time: 35.13s
Epoch 167, Loss: 0.0394, Time: 35.31s
Epoch 168, Loss: 0.0393, Time: 36.11s
Epoch 169, Loss: 0.0387, Time: 34.49s
Epoch 170, Loss: 0.0385, Time: 34.76s
Epoch 171, Loss: 0.0382, Time: 34.76s
Epoch 172, Loss: 0.0377, Time: 33.78s
Epoch 173, Loss: 0.0379, Time: 34.60s
Epoch 174, Loss: 0.0372, Time: 34.14s
Epoch 175, Loss: 0.0371, Time: 34.70s
Epoch 176, Loss: 0.0369, Time: 35.96s
Epoch 177, Loss: 0.0366, Time: 35.61s
Epoch 178, Loss: 0.0362, Time: 34.38s
Epoch 179, Loss: 0.0361, Time: 34.48s
Epoch 180, Loss: 0.0359, Time: 33.99s
Epoch 181, Loss: 0.0352, Time: 35.84s
Epoch 182, Loss: 0.0354, Time: 35.52s
Epoch 183, Loss: 0.0351, Time: 34.57s
Epoch 184, Loss: 0.0348, Time: 35.33s
Epoch 185, Loss: 0.0345, Time: 34.45s
Epoch 186, Loss: 0.0341, Time: 35.38s
Epoch 187, Loss: 0.0341, Time: 35.47s
Epoch 188, Loss: 0.0337, Time: 34.88s
Epoch 189, Loss: 0.0334, Time: 35.48s
Epoch 190, Loss: 0.0331, Time: 34.05s
Epoch 191, Loss: 0.0332, Time: 34.90s
Epoch 192, Loss: 0.0331, Time: 34.60s
Epoch 193, Loss: 0.0323, Time: 34.98s
Epoch 194, Loss: 0.0325, Time: 34.87s
Epoch 195, Loss: 0.0322, Time: 34.78s
Epoch 196, Loss: 0.0321, Time: 35.56s
Epoch 197, Loss: 0.0319, Time: 35.21s
Epoch 198, Loss: 0.0316, Time: 34.03s
Epoch 199, Loss: 0.0313, Time: 34.89s
Epoch 200, Loss: 0.0309, Time: 34.86s
Epoch 201, Loss: 0.0310, Time: 35.43s
Epoch 202, Loss: 0.0309, Time: 35.07s
Epoch 203, Loss: 0.0304, Time: 34.77s
Epoch 204, Loss: 0.0306, Time: 35.24s
Epoch 205, Loss: 0.0302, Time: 35.21s
Epoch 206, Loss: 0.0303, Time: 35.69s
Epoch 207, Loss: 0.0297, Time: 34.45s
Epoch 208, Loss: 0.0297, Time: 36.13s
Epoch 209, Loss: 0.0294, Time: 34.45s
Epoch 210, Loss: 0.0292, Time: 34.64s
Epoch 211, Loss: 0.0293, Time: 35.39s
Epoch 212, Loss: 0.0288, Time: 34.33s
Epoch 213, Loss: 0.0287, Time: 36.30s
Epoch 214, Loss: 0.0284, Time: 36.73s
Epoch 215, Loss: 0.0285, Time: 34.79s
Epoch 216, Loss: 0.0281, Time: 35.55s
Epoch 217, Loss: 0.0282, Time: 34.93s
Epoch 218, Loss: 0.0281, Time: 34.57s
Epoch 219, Loss: 0.0279, Time: 34.54s
Epoch 220, Loss: 0.0278, Time: 34.64s
Epoch 221, Loss: 0.0276, Time: 34.39s
Epoch 222, Loss: 0.0274, Time: 35.09s
Epoch 223, Loss: 0.0272, Time: 33.97s
Epoch 224, Loss: 0.0273, Time: 34.07s
Epoch 225, Loss: 0.0268, Time: 35.49s
Epoch 226, Loss: 0.0267, Time: 35.23s
Epoch 227, Loss: 0.0265, Time: 35.17s
Epoch 228, Loss: 0.0267, Time: 34.67s
Epoch 229, Loss: 0.0263, Time: 36.03s
Epoch 230, Loss: 0.0263, Time: 34.83s
Epoch 231, Loss: 0.0260, Time: 35.19s
Epoch 232, Loss: 0.0260, Time: 35.03s
Epoch 233, Loss: 0.0259, Time: 34.05s
Epoch 234, Loss: 0.0254, Time: 35.32s
Epoch 235, Loss: 0.0255, Time: 35.51s
Epoch 236, Loss: 0.0256, Time: 33.98s
Epoch 237, Loss: 0.0252, Time: 34.52s
Epoch 238, Loss: 0.0251, Time: 34.63s
Epoch 239, Loss: 0.0250, Time: 35.67s
Epoch 240, Loss: 0.0249, Time: 34.96s
Epoch 241, Loss: 0.0248, Time: 35.20s
Epoch 242, Loss: 0.0248, Time: 35.41s
Epoch 243, Loss: 0.0246, Time: 35.16s
Epoch 244, Loss: 0.0246, Time: 34.58s
Epoch 245, Loss: 0.0244, Time: 35.45s
Epoch 246, Loss: 0.0242, Time: 34.58s
Epoch 247, Loss: 0.0240, Time: 35.08s
Epoch 248, Loss: 0.0241, Time: 35.30s
Epoch 249, Loss: 0.0239, Time: 33.46s
Epoch 250, Loss: 0.0237, Time: 35.07s
Epoch 251, Loss: 0.0236, Time: 35.17s
Epoch 252, Loss: 0.0237, Time: 34.58s
Epoch 253, Loss: 0.0235, Time: 34.63s
Epoch 254, Loss: 0.0233, Time: 35.46s
Epoch 255, Loss: 0.0234, Time: 34.39s
Epoch 256, Loss: 0.0231, Time: 33.76s
Epoch 257, Loss: 0.0230, Time: 34.91s
Epoch 258, Loss: 0.0230, Time: 35.10s
Epoch 259, Loss: 0.0229, Time: 36.47s
Epoch 260, Loss: 0.0227, Time: 33.86s
Epoch 261, Loss: 0.0227, Time: 35.17s
Epoch 262, Loss: 0.0228, Time: 34.47s
Epoch 263, Loss: 0.0224, Time: 35.09s
Epoch 264, Loss: 0.0224, Time: 35.20s
Epoch 265, Loss: 0.0222, Time: 35.65s
Epoch 266, Loss: 0.0222, Time: 36.02s
Epoch 267, Loss: 0.0219, Time: 34.76s
Epoch 268, Loss: 0.0223, Time: 35.09s
Epoch 269, Loss: 0.0219, Time: 35.32s
Epoch 270, Loss: 0.0219, Time: 35.48s
Epoch 271, Loss: 0.0217, Time: 35.41s
Epoch 272, Loss: 0.0217, Time: 34.81s
Epoch 273, Loss: 0.0216, Time: 35.68s
Epoch 274, Loss: 0.0215, Time: 35.59s
Epoch 275, Loss: 0.0213, Time: 35.24s
Epoch 276, Loss: 0.0214, Time: 35.08s
Epoch 277, Loss: 0.0213, Time: 35.53s
Epoch 278, Loss: 0.0213, Time: 36.32s
Epoch 279, Loss: 0.0211, Time: 33.88s
Epoch 280, Loss: 0.0210, Time: 35.11s
Epoch 281, Loss: 0.0210, Time: 34.42s
Epoch 282, Loss: 0.0209, Time: 35.71s
Epoch 283, Loss: 0.0209, Time: 35.80s
Epoch 284, Loss: 0.0207, Time: 34.99s
Epoch 285, Loss: 0.0208, Time: 34.31s
Epoch 286, Loss: 0.0205, Time: 35.28s
Epoch 287, Loss: 0.0206, Time: 36.29s
Epoch 288, Loss: 0.0204, Time: 34.71s
Epoch 289, Loss: 0.0202, Time: 35.57s
Epoch 290, Loss: 0.0204, Time: 35.56s
Epoch 291, Loss: 0.0203, Time: 34.04s
Epoch 292, Loss: 0.0200, Time: 35.29s
Epoch 293, Loss: 0.0200, Time: 36.17s
Epoch 294, Loss: 0.0201, Time: 35.14s
Epoch 295, Loss: 0.0199, Time: 34.81s
Epoch 296, Loss: 0.0199, Time: 35.73s
Epoch 297, Loss: 0.0198, Time: 35.49s
Epoch 298, Loss: 0.0198, Time: 35.08s
Epoch 299, Loss: 0.0196, Time: 35.26s
Epoch 300, Loss: 0.0195, Time: 34.24s
Epoch 301, Loss: 0.0195, Time: 34.78s
Epoch 302, Loss: 0.0195, Time: 35.30s
Epoch 303, Loss: 0.0195, Time: 34.14s
Epoch 304, Loss: 0.0195, Time: 35.70s
Epoch 305, Loss: 0.0193, Time: 34.63s
Epoch 306, Loss: 0.0191, Time: 34.65s
Epoch 307, Loss: 0.0192, Time: 34.84s
Epoch 308, Loss: 0.0192, Time: 35.34s
Epoch 309, Loss: 0.0190, Time: 35.82s
Epoch 310, Loss: 0.0191, Time: 35.98s
Epoch 311, Loss: 0.0189, Time: 35.09s
Epoch 312, Loss: 0.0189, Time: 34.77s
Epoch 313, Loss: 0.0189, Time: 34.94s
Epoch 314, Loss: 0.0186, Time: 34.85s
Epoch 315, Loss: 0.0187, Time: 35.11s
Epoch 316, Loss: 0.0185, Time: 35.19s
Epoch 317, Loss: 0.0185, Time: 34.90s
Epoch 318, Loss: 0.0183, Time: 35.37s
Epoch 319, Loss: 0.0186, Time: 35.50s
Epoch 320, Loss: 0.0184, Time: 34.20s
Epoch 321, Loss: 0.0185, Time: 36.33s
Epoch 322, Loss: 0.0184, Time: 35.86s
Epoch 323, Loss: 0.0181, Time: 35.53s
Epoch 324, Loss: 0.0181, Time: 34.07s
Epoch 325, Loss: 0.0182, Time: 33.47s
Epoch 326, Loss: 0.0180, Time: 33.11s
Epoch 327, Loss: 0.0181, Time: 33.49s
Epoch 328, Loss: 0.0181, Time: 33.72s
Epoch 329, Loss: 0.0179, Time: 33.46s
Epoch 330, Loss: 0.0179, Time: 35.16s
Epoch 331, Loss: 0.0179, Time: 33.19s
Epoch 332, Loss: 0.0178, Time: 34.52s
Epoch 333, Loss: 0.0177, Time: 32.69s
Epoch 334, Loss: 0.0177, Time: 33.29s
Epoch 335, Loss: 0.0177, Time: 33.14s
Epoch 336, Loss: 0.0175, Time: 34.71s
Epoch 337, Loss: 0.0176, Time: 33.47s
Epoch 338, Loss: 0.0174, Time: 34.25s
Epoch 339, Loss: 0.0176, Time: 33.71s
Epoch 340, Loss: 0.0173, Time: 33.11s
Epoch 341, Loss: 0.0174, Time: 34.43s
Epoch 342, Loss: 0.0172, Time: 35.03s
Epoch 343, Loss: 0.0171, Time: 33.50s
Epoch 344, Loss: 0.0170, Time: 33.69s
Epoch 345, Loss: 0.0170, Time: 34.40s
Epoch 346, Loss: 0.0172, Time: 34.25s
Epoch 347, Loss: 0.0171, Time: 34.65s
Epoch 348, Loss: 0.0171, Time: 35.23s
Epoch 349, Loss: 0.0169, Time: 34.87s
Epoch 350, Loss: 0.0169, Time: 33.88s
Epoch 351, Loss: 0.0169, Time: 33.54s
Epoch 352, Loss: 0.0169, Time: 34.74s
Epoch 353, Loss: 0.0168, Time: 34.19s
Epoch 354, Loss: 0.0167, Time: 34.21s
Epoch 355, Loss: 0.0167, Time: 34.65s
Epoch 356, Loss: 0.0167, Time: 35.20s
Epoch 357, Loss: 0.0167, Time: 34.54s
Epoch 358, Loss: 0.0166, Time: 34.10s
Epoch 359, Loss: 0.0165, Time: 34.53s
Epoch 360, Loss: 0.0166, Time: 33.66s
Epoch 361, Loss: 0.0165, Time: 33.31s
Epoch 362, Loss: 0.0165, Time: 35.21s
Epoch 363, Loss: 0.0165, Time: 34.99s
Epoch 364, Loss: 0.0166, Time: 34.38s
Epoch 365, Loss: 0.0163, Time: 34.77s
Epoch 366, Loss: 0.0164, Time: 34.03s
Epoch 367, Loss: 0.0161, Time: 34.10s
Epoch 368, Loss: 0.0162, Time: 34.68s
Epoch 369, Loss: 0.0161, Time: 33.49s
Epoch 370, Loss: 0.0164, Time: 34.08s
Epoch 371, Loss: 0.0162, Time: 33.06s
Epoch 372, Loss: 0.0160, Time: 34.66s
Epoch 373, Loss: 0.0162, Time: 33.79s
Epoch 374, Loss: 0.0161, Time: 33.69s
Epoch 375, Loss: 0.0160, Time: 34.32s
Epoch 376, Loss: 0.0158, Time: 33.81s
Epoch 377, Loss: 0.0160, Time: 35.11s
Epoch 378, Loss: 0.0161, Time: 33.75s
Epoch 379, Loss: 0.0158, Time: 35.07s
Epoch 380, Loss: 0.0157, Time: 33.90s
Epoch 381, Loss: 0.0159, Time: 34.09s
Epoch 382, Loss: 0.0157, Time: 34.60s
Epoch 383, Loss: 0.0157, Time: 34.21s
Epoch 384, Loss: 0.0158, Time: 34.48s
Epoch 385, Loss: 0.0157, Time: 34.02s
Epoch 386, Loss: 0.0155, Time: 35.12s
Epoch 387, Loss: 0.0156, Time: 33.85s
Epoch 388, Loss: 0.0154, Time: 34.68s
Epoch 389, Loss: 0.0155, Time: 34.55s
Epoch 390, Loss: 0.0154, Time: 34.17s
Epoch 391, Loss: 0.0155, Time: 34.54s
Epoch 392, Loss: 0.0154, Time: 34.69s
Epoch 393, Loss: 0.0154, Time: 34.31s
Epoch 394, Loss: 0.0154, Time: 33.79s
Epoch 395, Loss: 0.0155, Time: 34.42s
Epoch 396, Loss: 0.0152, Time: 34.23s
Epoch 397, Loss: 0.0153, Time: 34.50s
Epoch 398, Loss: 0.0153, Time: 35.39s
Epoch 399, Loss: 0.0154, Time: 34.51s
Epoch 400, Loss: 0.0152, Time: 34.41s
Epoch 401, Loss: 0.0152, Time: 33.55s
Epoch 402, Loss: 0.0150, Time: 34.07s
Epoch 403, Loss: 0.0150, Time: 34.26s
Epoch 404, Loss: 0.0151, Time: 34.88s
Epoch 405, Loss: 0.0152, Time: 33.80s
Epoch 406, Loss: 0.0150, Time: 34.06s
Epoch 407, Loss: 0.0150, Time: 34.33s
Epoch 408, Loss: 0.0150, Time: 33.61s
Epoch 409, Loss: 0.0149, Time: 34.40s
Epoch 410, Loss: 0.0149, Time: 34.13s
Epoch 411, Loss: 0.0149, Time: 34.23s
Epoch 412, Loss: 0.0148, Time: 33.67s
Epoch 413, Loss: 0.0149, Time: 34.72s
Epoch 414, Loss: 0.0149, Time: 34.48s
Epoch 415, Loss: 0.0148, Time: 33.39s
Epoch 416, Loss: 0.0149, Time: 34.00s
Epoch 417, Loss: 0.0146, Time: 34.01s
Epoch 418, Loss: 0.0146, Time: 34.28s
Epoch 419, Loss: 0.0147, Time: 34.97s
Epoch 420, Loss: 0.0147, Time: 35.15s
Epoch 421, Loss: 0.0147, Time: 33.69s
Epoch 422, Loss: 0.0146, Time: 33.17s
Epoch 423, Loss: 0.0145, Time: 34.24s
Epoch 424, Loss: 0.0146, Time: 34.22s
Epoch 425, Loss: 0.0145, Time: 32.89s
Epoch 426, Loss: 0.0144, Time: 34.30s
Epoch 427, Loss: 0.0144, Time: 34.19s
Epoch 428, Loss: 0.0144, Time: 33.94s
Epoch 429, Loss: 0.0146, Time: 34.30s
Epoch 430, Loss: 0.0145, Time: 35.13s
Epoch 431, Loss: 0.0143, Time: 34.07s
Epoch 432, Loss: 0.0143, Time: 34.33s
Epoch 433, Loss: 0.0143, Time: 34.83s
Epoch 434, Loss: 0.0144, Time: 33.23s
Epoch 435, Loss: 0.0143, Time: 33.47s
Epoch 436, Loss: 0.0143, Time: 33.18s
Epoch 437, Loss: 0.0143, Time: 33.71s
Epoch 438, Loss: 0.0142, Time: 33.68s
Epoch 439, Loss: 0.0141, Time: 33.61s
Epoch 440, Loss: 0.0142, Time: 34.94s
Epoch 441, Loss: 0.0142, Time: 34.32s
Epoch 442, Loss: 0.0141, Time: 34.57s
Epoch 443, Loss: 0.0141, Time: 34.62s
Epoch 444, Loss: 0.0143, Time: 34.45s
Epoch 445, Loss: 0.0141, Time: 36.13s
Epoch 446, Loss: 0.0140, Time: 35.64s
Epoch 447, Loss: 0.0141, Time: 36.71s
Epoch 448, Loss: 0.0141, Time: 37.64s
Epoch 449, Loss: 0.0140, Time: 36.35s
Epoch 450, Loss: 0.0140, Time: 36.76s
Epoch 451, Loss: 0.0139, Time: 36.40s
Epoch 452, Loss: 0.0140, Time: 37.20s
Epoch 453, Loss: 0.0139, Time: 36.95s
Epoch 454, Loss: 0.0139, Time: 36.23s
Epoch 455, Loss: 0.0138, Time: 36.72s
Epoch 456, Loss: 0.0139, Time: 36.19s
Epoch 457, Loss: 0.0139, Time: 36.50s
Epoch 458, Loss: 0.0137, Time: 36.45s
Epoch 459, Loss: 0.0137, Time: 36.53s
Epoch 460, Loss: 0.0137, Time: 36.29s
Epoch 461, Loss: 0.0137, Time: 37.04s
Epoch 462, Loss: 0.0138, Time: 36.30s
Epoch 463, Loss: 0.0137, Time: 37.87s
Epoch 464, Loss: 0.0136, Time: 37.03s
Epoch 465, Loss: 0.0137, Time: 36.48s
Epoch 466, Loss: 0.0135, Time: 35.72s
Epoch 467, Loss: 0.0136, Time: 36.56s
Epoch 468, Loss: 0.0137, Time: 37.05s
Epoch 469, Loss: 0.0136, Time: 36.43s
Epoch 470, Loss: 0.0135, Time: 36.34s
Epoch 471, Loss: 0.0135, Time: 36.05s
Epoch 472, Loss: 0.0135, Time: 36.03s
Epoch 473, Loss: 0.0136, Time: 36.36s
Epoch 474, Loss: 0.0136, Time: 35.66s
Epoch 475, Loss: 0.0135, Time: 35.07s
Epoch 476, Loss: 0.0134, Time: 35.56s
Epoch 477, Loss: 0.0133, Time: 35.58s
Epoch 478, Loss: 0.0135, Time: 35.90s
Epoch 479, Loss: 0.0135, Time: 35.07s
Epoch 480, Loss: 0.0134, Time: 37.41s
Epoch 481, Loss: 0.0133, Time: 35.66s
Epoch 482, Loss: 0.0134, Time: 35.24s
Epoch 483, Loss: 0.0133, Time: 36.91s
Epoch 484, Loss: 0.0133, Time: 36.31s
Epoch 485, Loss: 0.0133, Time: 35.99s
Epoch 486, Loss: 0.0132, Time: 36.45s
Epoch 487, Loss: 0.0133, Time: 36.19s
Epoch 488, Loss: 0.0132, Time: 36.23s
Epoch 489, Loss: 0.0133, Time: 35.47s
Epoch 490, Loss: 0.0134, Time: 35.60s
Epoch 491, Loss: 0.0133, Time: 36.56s
Epoch 492, Loss: 0.0132, Time: 36.14s
Epoch 493, Loss: 0.0131, Time: 35.20s
Epoch 494, Loss: 0.0133, Time: 35.24s
Epoch 495, Loss: 0.0131, Time: 35.98s
Epoch 496, Loss: 0.0130, Time: 35.63s
Epoch 497, Loss: 0.0131, Time: 37.02s
Epoch 498, Loss: 0.0131, Time: 36.24s
Epoch 499, Loss: 0.0132, Time: 35.97s
Epoch 500, Loss: 0.0129, Time: 35.17s
Epoch 501, Loss: 0.0130, Time: 35.83s
Epoch 502, Loss: 0.0130, Time: 35.86s
Epoch 503, Loss: 0.0130, Time: 35.58s
Epoch 504, Loss: 0.0129, Time: 36.21s
Epoch 505, Loss: 0.0130, Time: 35.73s
Epoch 506, Loss: 0.0131, Time: 35.60s
Epoch 507, Loss: 0.0129, Time: 35.93s
Epoch 508, Loss: 0.0129, Time: 36.66s
Epoch 509, Loss: 0.0130, Time: 36.89s
Epoch 510, Loss: 0.0129, Time: 36.15s
Epoch 511, Loss: 0.0129, Time: 35.39s
Epoch 512, Loss: 0.0129, Time: 35.62s
Epoch 513, Loss: 0.0128, Time: 36.22s
Epoch 514, Loss: 0.0129, Time: 35.26s
Epoch 515, Loss: 0.0128, Time: 36.09s
Epoch 516, Loss: 0.0128, Time: 34.96s
Epoch 517, Loss: 0.0127, Time: 35.21s
Epoch 518, Loss: 0.0129, Time: 36.73s
Epoch 519, Loss: 0.0128, Time: 34.81s
Epoch 520, Loss: 0.0128, Time: 35.50s
Epoch 521, Loss: 0.0128, Time: 36.13s
Epoch 522, Loss: 0.0127, Time: 36.56s
Epoch 523, Loss: 0.0127, Time: 36.96s
Epoch 524, Loss: 0.0127, Time: 34.61s
Epoch 525, Loss: 0.0127, Time: 36.05s
Epoch 526, Loss: 0.0127, Time: 36.27s
Epoch 527, Loss: 0.0126, Time: 35.15s
Epoch 528, Loss: 0.0126, Time: 35.10s
Epoch 529, Loss: 0.0127, Time: 36.06s
Epoch 530, Loss: 0.0126, Time: 36.69s
Epoch 531, Loss: 0.0126, Time: 36.59s
Epoch 532, Loss: 0.0126, Time: 36.94s
Epoch 533, Loss: 0.0126, Time: 35.42s
Epoch 534, Loss: 0.0126, Time: 34.90s
Epoch 535, Loss: 0.0126, Time: 35.71s
Epoch 536, Loss: 0.0125, Time: 35.01s
Epoch 537, Loss: 0.0126, Time: 35.73s
Epoch 538, Loss: 0.0126, Time: 34.61s
Epoch 539, Loss: 0.0126, Time: 35.89s
Epoch 540, Loss: 0.0125, Time: 35.79s
Epoch 541, Loss: 0.0124, Time: 35.37s
Epoch 542, Loss: 0.0125, Time: 36.31s
Epoch 543, Loss: 0.0125, Time: 36.07s
Epoch 544, Loss: 0.0123, Time: 34.61s
Epoch 545, Loss: 0.0125, Time: 35.19s
Epoch 546, Loss: 0.0123, Time: 35.21s
Epoch 547, Loss: 0.0124, Time: 36.38s
Epoch 548, Loss: 0.0124, Time: 35.78s
Epoch 549, Loss: 0.0123, Time: 37.07s
Epoch 550, Loss: 0.0123, Time: 35.69s
Epoch 551, Loss: 0.0123, Time: 34.64s
Epoch 552, Loss: 0.0123, Time: 35.16s
Epoch 553, Loss: 0.0124, Time: 35.62s
Epoch 554, Loss: 0.0122, Time: 36.18s
Epoch 555, Loss: 0.0122, Time: 36.67s
Epoch 556, Loss: 0.0124, Time: 35.18s
Epoch 557, Loss: 0.0124, Time: 34.79s
Epoch 558, Loss: 0.0123, Time: 35.40s
Epoch 559, Loss: 0.0123, Time: 35.23s
Epoch 560, Loss: 0.0122, Time: 34.35s
Epoch 561, Loss: 0.0121, Time: 35.79s
Epoch 562, Loss: 0.0123, Time: 35.06s
Epoch 563, Loss: 0.0122, Time: 35.27s
Epoch 564, Loss: 0.0121, Time: 35.65s
Epoch 565, Loss: 0.0123, Time: 34.69s
Epoch 566, Loss: 0.0122, Time: 35.48s
Epoch 567, Loss: 0.0121, Time: 35.78s
Epoch 568, Loss: 0.0123, Time: 34.61s
Epoch 569, Loss: 0.0122, Time: 35.63s
Epoch 570, Loss: 0.0121, Time: 35.57s
Epoch 571, Loss: 0.0121, Time: 34.75s
Epoch 572, Loss: 0.0121, Time: 36.01s
Epoch 573, Loss: 0.0121, Time: 34.45s
Epoch 574, Loss: 0.0121, Time: 36.00s
Epoch 575, Loss: 0.0120, Time: 36.44s
Epoch 576, Loss: 0.0119, Time: 34.75s
Epoch 577, Loss: 0.0120, Time: 36.39s
Epoch 578, Loss: 0.0121, Time: 35.77s
Epoch 579, Loss: 0.0120, Time: 36.00s
Epoch 580, Loss: 0.0120, Time: 35.04s
Epoch 581, Loss: 0.0120, Time: 34.80s
Epoch 582, Loss: 0.0121, Time: 35.02s
Epoch 583, Loss: 0.0120, Time: 35.24s
Epoch 584, Loss: 0.0120, Time: 35.35s
Epoch 585, Loss: 0.0120, Time: 34.85s
Epoch 586, Loss: 0.0120, Time: 34.85s
Epoch 587, Loss: 0.0119, Time: 35.30s
Epoch 588, Loss: 0.0118, Time: 36.00s
Epoch 589, Loss: 0.0120, Time: 34.66s
Epoch 590, Loss: 0.0118, Time: 34.72s
Epoch 591, Loss: 0.0119, Time: 35.90s
Epoch 592, Loss: 0.0119, Time: 34.94s
Epoch 593, Loss: 0.0120, Time: 35.34s
Epoch 594, Loss: 0.0119, Time: 36.27s
Epoch 595, Loss: 0.0120, Time: 35.77s
Epoch 596, Loss: 0.0119, Time: 34.61s
Epoch 597, Loss: 0.0117, Time: 34.66s
Epoch 598, Loss: 0.0118, Time: 35.79s
Epoch 599, Loss: 0.0118, Time: 35.07s
Epoch 600, Loss: 0.0119, Time: 35.63s
Epoch 601, Loss: 0.0119, Time: 35.93s
Epoch 602, Loss: 0.0118, Time: 34.21s
Epoch 603, Loss: 0.0118, Time: 34.84s
Epoch 604, Loss: 0.0117, Time: 34.99s
Epoch 605, Loss: 0.0118, Time: 35.03s
Epoch 606, Loss: 0.0117, Time: 35.65s
Epoch 607, Loss: 0.0116, Time: 35.10s
Epoch 608, Loss: 0.0116, Time: 35.44s
Epoch 609, Loss: 0.0117, Time: 34.61s
Epoch 610, Loss: 0.0118, Time: 35.51s
Epoch 611, Loss: 0.0117, Time: 35.11s
Epoch 612, Loss: 0.0117, Time: 35.54s
Epoch 613, Loss: 0.0118, Time: 34.15s
Epoch 614, Loss: 0.0117, Time: 34.19s
Epoch 615, Loss: 0.0116, Time: 36.00s
Epoch 616, Loss: 0.0116, Time: 35.28s
Epoch 617, Loss: 0.0117, Time: 34.16s
Epoch 618, Loss: 0.0116, Time: 35.31s
Epoch 619, Loss: 0.0117, Time: 34.62s
Epoch 620, Loss: 0.0117, Time: 34.60s
Epoch 621, Loss: 0.0115, Time: 35.50s
Epoch 622, Loss: 0.0116, Time: 36.18s
Epoch 623, Loss: 0.0117, Time: 36.15s
Epoch 624, Loss: 0.0115, Time: 36.02s
Epoch 625, Loss: 0.0116, Time: 35.75s
Epoch 626, Loss: 0.0116, Time: 35.56s
Epoch 627, Loss: 0.0116, Time: 34.52s
Epoch 628, Loss: 0.0117, Time: 34.76s
Epoch 629, Loss: 0.0115, Time: 35.54s
Epoch 630, Loss: 0.0116, Time: 34.73s
Epoch 631, Loss: 0.0115, Time: 34.62s
Epoch 632, Loss: 0.0115, Time: 34.51s
Epoch 633, Loss: 0.0114, Time: 34.65s
Epoch 634, Loss: 0.0114, Time: 36.64s
Epoch 635, Loss: 0.0115, Time: 33.39s
Epoch 636, Loss: 0.0116, Time: 33.83s
Epoch 637, Loss: 0.0114, Time: 36.07s
Epoch 638, Loss: 0.0115, Time: 35.45s
Epoch 639, Loss: 0.0115, Time: 34.98s
Epoch 640, Loss: 0.0114, Time: 35.17s
Epoch 641, Loss: 0.0116, Time: 34.85s
Epoch 642, Loss: 0.0114, Time: 35.46s
Epoch 643, Loss: 0.0113, Time: 35.10s
Epoch 644, Loss: 0.0114, Time: 34.52s
Epoch 645, Loss: 0.0115, Time: 34.39s
Epoch 646, Loss: 0.0115, Time: 34.35s
Epoch 647, Loss: 0.0114, Time: 34.62s
Epoch 648, Loss: 0.0115, Time: 34.01s
Epoch 649, Loss: 0.0114, Time: 34.43s
Epoch 650, Loss: 0.0113, Time: 34.62s
Epoch 651, Loss: 0.0114, Time: 33.45s
Epoch 652, Loss: 0.0114, Time: 34.19s
Epoch 653, Loss: 0.0113, Time: 35.10s
Epoch 654, Loss: 0.0114, Time: 34.44s
Epoch 655, Loss: 0.0114, Time: 35.17s
Epoch 656, Loss: 0.0113, Time: 34.23s
Epoch 657, Loss: 0.0113, Time: 33.95s
Epoch 658, Loss: 0.0113, Time: 34.31s
Epoch 659, Loss: 0.0114, Time: 35.37s
Epoch 660, Loss: 0.0113, Time: 34.92s
Epoch 661, Loss: 0.0114, Time: 35.49s
Epoch 662, Loss: 0.0113, Time: 33.97s
Epoch 663, Loss: 0.0113, Time: 35.07s
Epoch 664, Loss: 0.0113, Time: 34.16s
Epoch 665, Loss: 0.0112, Time: 35.10s
Epoch 666, Loss: 0.0113, Time: 35.65s
Epoch 667, Loss: 0.0114, Time: 35.38s
Epoch 668, Loss: 0.0113, Time: 34.07s
Epoch 669, Loss: 0.0113, Time: 35.00s
Epoch 670, Loss: 0.0112, Time: 35.40s
Epoch 671, Loss: 0.0112, Time: 34.91s
Epoch 672, Loss: 0.0113, Time: 35.22s
Epoch 673, Loss: 0.0112, Time: 35.95s
Epoch 674, Loss: 0.0113, Time: 34.48s
Epoch 675, Loss: 0.0112, Time: 35.35s
Epoch 676, Loss: 0.0113, Time: 34.39s
Epoch 677, Loss: 0.0112, Time: 35.27s
Epoch 678, Loss: 0.0112, Time: 34.04s
Epoch 679, Loss: 0.0112, Time: 34.61s
Epoch 680, Loss: 0.0112, Time: 33.49s
Epoch 681, Loss: 0.0111, Time: 34.89s
Epoch 682, Loss: 0.0111, Time: 35.05s
Epoch 683, Loss: 0.0111, Time: 35.09s
Epoch 684, Loss: 0.0112, Time: 33.41s
Epoch 685, Loss: 0.0111, Time: 33.75s
Epoch 686, Loss: 0.0111, Time: 35.03s
Epoch 687, Loss: 0.0111, Time: 34.47s
Epoch 688, Loss: 0.0111, Time: 34.94s
Epoch 689, Loss: 0.0111, Time: 34.21s
Epoch 690, Loss: 0.0112, Time: 35.55s
Epoch 691, Loss: 0.0111, Time: 34.88s
Epoch 692, Loss: 0.0111, Time: 34.16s
Epoch 693, Loss: 0.0110, Time: 35.09s
Epoch 694, Loss: 0.0111, Time: 34.19s
Epoch 695, Loss: 0.0112, Time: 33.24s
Epoch 696, Loss: 0.0111, Time: 34.48s
Epoch 697, Loss: 0.0111, Time: 33.40s
Epoch 698, Loss: 0.0110, Time: 33.94s
Epoch 699, Loss: 0.0111, Time: 35.12s
Epoch 700, Loss: 0.0109, Time: 34.54s
Epoch 701, Loss: 0.0110, Time: 34.29s
Epoch 702, Loss: 0.0111, Time: 34.37s
Epoch 703, Loss: 0.0111, Time: 35.32s
Epoch 704, Loss: 0.0110, Time: 35.50s
Epoch 705, Loss: 0.0110, Time: 34.76s
Epoch 706, Loss: 0.0111, Time: 34.65s
Epoch 707, Loss: 0.0110, Time: 35.14s
Epoch 708, Loss: 0.0110, Time: 34.63s
Epoch 709, Loss: 0.0110, Time: 34.83s
Epoch 710, Loss: 0.0109, Time: 33.43s
Epoch 711, Loss: 0.0110, Time: 33.92s
Epoch 712, Loss: 0.0110, Time: 34.11s
Epoch 713, Loss: 0.0110, Time: 34.29s
Epoch 714, Loss: 0.0110, Time: 34.05s
Epoch 715, Loss: 0.0110, Time: 34.13s
Epoch 716, Loss: 0.0109, Time: 34.53s
Epoch 717, Loss: 0.0110, Time: 33.96s
Epoch 718, Loss: 0.0110, Time: 34.73s
Epoch 719, Loss: 0.0109, Time: 35.04s
Epoch 720, Loss: 0.0108, Time: 34.66s
Epoch 721, Loss: 0.0109, Time: 34.98s
Epoch 722, Loss: 0.0111, Time: 34.42s
Epoch 723, Loss: 0.0109, Time: 34.21s
Epoch 724, Loss: 0.0109, Time: 34.08s
Epoch 725, Loss: 0.0109, Time: 35.06s
Epoch 726, Loss: 0.0109, Time: 33.96s
Epoch 727, Loss: 0.0109, Time: 34.48s
Epoch 728, Loss: 0.0109, Time: 35.20s
Epoch 729, Loss: 0.0109, Time: 35.59s
Epoch 730, Loss: 0.0109, Time: 35.51s
Epoch 731, Loss: 0.0109, Time: 34.40s
Epoch 732, Loss: 0.0108, Time: 33.50s
Epoch 733, Loss: 0.0109, Time: 34.81s
Epoch 734, Loss: 0.0109, Time: 33.83s
Epoch 735, Loss: 0.0109, Time: 33.35s
Epoch 736, Loss: 0.0108, Time: 33.70s
Epoch 737, Loss: 0.0108, Time: 35.19s
Epoch 738, Loss: 0.0108, Time: 34.76s
Epoch 739, Loss: 0.0108, Time: 33.88s
Epoch 740, Loss: 0.0108, Time: 35.06s
Epoch 741, Loss: 0.0108, Time: 33.66s
Epoch 742, Loss: 0.0107, Time: 34.38s
Epoch 743, Loss: 0.0108, Time: 34.49s
Epoch 744, Loss: 0.0109, Time: 34.70s
Epoch 745, Loss: 0.0108, Time: 34.11s
Epoch 746, Loss: 0.0108, Time: 33.94s
Epoch 747, Loss: 0.0108, Time: 33.45s
Epoch 748, Loss: 0.0108, Time: 33.65s
Epoch 749, Loss: 0.0108, Time: 33.79s
Epoch 750, Loss: 0.0107, Time: 33.96s
Epoch 751, Loss: 0.0108, Time: 34.58s
Epoch 752, Loss: 0.0108, Time: 34.26s
Epoch 753, Loss: 0.0107, Time: 34.85s
Epoch 754, Loss: 0.0108, Time: 34.29s
Epoch 755, Loss: 0.0107, Time: 34.65s
Epoch 756, Loss: 0.0108, Time: 34.76s
Epoch 757, Loss: 0.0106, Time: 35.10s
Epoch 758, Loss: 0.0108, Time: 34.06s
Epoch 759, Loss: 0.0107, Time: 34.00s
Epoch 760, Loss: 0.0107, Time: 34.19s
Epoch 761, Loss: 0.0107, Time: 33.87s
Epoch 762, Loss: 0.0107, Time: 34.08s
Epoch 763, Loss: 0.0108, Time: 34.39s
Epoch 764, Loss: 0.0107, Time: 34.56s
Epoch 765, Loss: 0.0108, Time: 34.69s
Epoch 766, Loss: 0.0106, Time: 33.29s
Epoch 767, Loss: 0.0107, Time: 33.55s
Epoch 768, Loss: 0.0107, Time: 34.76s
Epoch 769, Loss: 0.0107, Time: 35.18s
Epoch 770, Loss: 0.0107, Time: 34.57s
Epoch 771, Loss: 0.0106, Time: 33.68s
Epoch 772, Loss: 0.0106, Time: 34.50s
Epoch 773, Loss: 0.0107, Time: 34.14s
Epoch 774, Loss: 0.0106, Time: 34.65s
Epoch 775, Loss: 0.0106, Time: 34.00s
Epoch 776, Loss: 0.0106, Time: 34.59s
Epoch 777, Loss: 0.0107, Time: 33.38s
Epoch 778, Loss: 0.0106, Time: 32.90s
Epoch 779, Loss: 0.0106, Time: 33.53s
Epoch 780, Loss: 0.0107, Time: 34.50s
Epoch 781, Loss: 0.0105, Time: 33.43s
Epoch 782, Loss: 0.0106, Time: 33.79s
Epoch 783, Loss: 0.0105, Time: 35.13s
Epoch 784, Loss: 0.0106, Time: 32.83s
Epoch 785, Loss: 0.0106, Time: 33.54s
Epoch 786, Loss: 0.0107, Time: 34.34s
Epoch 787, Loss: 0.0106, Time: 34.24s
Epoch 788, Loss: 0.0105, Time: 34.90s
Epoch 789, Loss: 0.0106, Time: 35.08s
Epoch 790, Loss: 0.0106, Time: 34.54s
Epoch 791, Loss: 0.0105, Time: 33.64s
Epoch 792, Loss: 0.0106, Time: 33.52s
Epoch 793, Loss: 0.0107, Time: 33.37s
Epoch 794, Loss: 0.0105, Time: 34.19s
Epoch 795, Loss: 0.0104, Time: 34.66s
Epoch 796, Loss: 0.0105, Time: 35.73s
Epoch 797, Loss: 0.0106, Time: 34.92s
Epoch 798, Loss: 0.0105, Time: 34.63s
Epoch 799, Loss: 0.0105, Time: 35.73s
Epoch 800, Loss: 0.0106, Time: 33.72s
Epoch 801, Loss: 0.0106, Time: 33.83s
Epoch 802, Loss: 0.0105, Time: 35.09s
Epoch 803, Loss: 0.0105, Time: 34.84s
Epoch 804, Loss: 0.0106, Time: 35.17s
Epoch 805, Loss: 0.0106, Time: 34.59s
Epoch 806, Loss: 0.0105, Time: 34.59s
Epoch 807, Loss: 0.0106, Time: 33.26s
Epoch 808, Loss: 0.0105, Time: 34.60s
Epoch 809, Loss: 0.0105, Time: 34.90s
Epoch 810, Loss: 0.0105, Time: 34.73s
Epoch 811, Loss: 0.0105, Time: 34.81s
Epoch 812, Loss: 0.0105, Time: 36.02s
Epoch 813, Loss: 0.0105, Time: 34.27s
Epoch 814, Loss: 0.0105, Time: 33.38s
Epoch 815, Loss: 0.0104, Time: 33.64s
Epoch 816, Loss: 0.0105, Time: 34.88s
Epoch 817, Loss: 0.0104, Time: 34.28s
Epoch 818, Loss: 0.0105, Time: 34.73s
Epoch 819, Loss: 0.0105, Time: 33.70s
Epoch 820, Loss: 0.0105, Time: 35.20s
Epoch 821, Loss: 0.0105, Time: 34.80s
Epoch 822, Loss: 0.0105, Time: 35.30s
Epoch 823, Loss: 0.0104, Time: 34.65s
Epoch 824, Loss: 0.0104, Time: 34.70s
Epoch 825, Loss: 0.0105, Time: 34.19s
Epoch 826, Loss: 0.0104, Time: 34.70s
Epoch 827, Loss: 0.0104, Time: 33.68s
Epoch 828, Loss: 0.0104, Time: 34.10s
Epoch 829, Loss: 0.0104, Time: 34.16s
Epoch 830, Loss: 0.0104, Time: 33.89s
Epoch 831, Loss: 0.0104, Time: 33.92s
Epoch 832, Loss: 0.0103, Time: 34.93s
Epoch 833, Loss: 0.0103, Time: 34.11s
Epoch 834, Loss: 0.0104, Time: 34.40s
Epoch 835, Loss: 0.0105, Time: 33.97s
Epoch 836, Loss: 0.0103, Time: 34.24s
Epoch 837, Loss: 0.0104, Time: 33.26s
Epoch 838, Loss: 0.0103, Time: 34.22s
Epoch 839, Loss: 0.0103, Time: 34.23s
Epoch 840, Loss: 0.0104, Time: 34.15s
Epoch 841, Loss: 0.0103, Time: 35.16s
Epoch 842, Loss: 0.0104, Time: 35.43s
Epoch 843, Loss: 0.0104, Time: 34.27s
Epoch 844, Loss: 0.0103, Time: 34.04s
Epoch 845, Loss: 0.0103, Time: 34.20s
Epoch 846, Loss: 0.0103, Time: 33.70s
Epoch 847, Loss: 0.0104, Time: 33.91s
Epoch 848, Loss: 0.0103, Time: 34.61s
Epoch 849, Loss: 0.0104, Time: 33.79s
Epoch 850, Loss: 0.0103, Time: 34.83s
Epoch 851, Loss: 0.0103, Time: 34.11s
Epoch 852, Loss: 0.0103, Time: 33.96s
Epoch 853, Loss: 0.0103, Time: 34.51s
Epoch 854, Loss: 0.0103, Time: 33.34s
Epoch 855, Loss: 0.0103, Time: 33.87s
Epoch 856, Loss: 0.0103, Time: 34.29s
Epoch 857, Loss: 0.0102, Time: 34.73s
Epoch 858, Loss: 0.0103, Time: 35.50s
Epoch 859, Loss: 0.0103, Time: 34.84s
Epoch 860, Loss: 0.0103, Time: 33.76s
Epoch 861, Loss: 0.0102, Time: 35.28s
Epoch 862, Loss: 0.0103, Time: 34.42s
Epoch 863, Loss: 0.0103, Time: 33.95s
Epoch 864, Loss: 0.0102, Time: 33.29s
Epoch 865, Loss: 0.0103, Time: 35.56s
Epoch 866, Loss: 0.0102, Time: 35.26s
Epoch 867, Loss: 0.0102, Time: 34.79s
Epoch 868, Loss: 0.0103, Time: 34.18s
Epoch 869, Loss: 0.0102, Time: 34.72s
Epoch 870, Loss: 0.0102, Time: 34.62s
Epoch 871, Loss: 0.0102, Time: 33.89s
Epoch 872, Loss: 0.0102, Time: 34.17s
Epoch 873, Loss: 0.0102, Time: 34.32s
Epoch 874, Loss: 0.0103, Time: 34.78s
Epoch 875, Loss: 0.0102, Time: 34.44s
Epoch 876, Loss: 0.0102, Time: 33.67s
Epoch 877, Loss: 0.0102, Time: 34.01s
Epoch 878, Loss: 0.0102, Time: 34.51s
Epoch 879, Loss: 0.0102, Time: 33.77s
Epoch 880, Loss: 0.0102, Time: 34.10s
Epoch 881, Loss: 0.0102, Time: 33.76s
Epoch 882, Loss: 0.0102, Time: 34.53s
Epoch 883, Loss: 0.0101, Time: 34.57s
Epoch 884, Loss: 0.0102, Time: 34.06s
Epoch 885, Loss: 0.0102, Time: 35.13s
Epoch 886, Loss: 0.0102, Time: 34.14s
Epoch 887, Loss: 0.0102, Time: 35.19s
Epoch 888, Loss: 0.0102, Time: 33.62s
Epoch 889, Loss: 0.0102, Time: 34.93s
Epoch 890, Loss: 0.0100, Time: 34.56s
Epoch 891, Loss: 0.0102, Time: 34.79s
Epoch 892, Loss: 0.0101, Time: 34.00s
Epoch 893, Loss: 0.0101, Time: 34.85s
Epoch 894, Loss: 0.0102, Time: 35.57s
Epoch 895, Loss: 0.0102, Time: 34.64s
Epoch 896, Loss: 0.0101, Time: 33.20s
Epoch 897, Loss: 0.0101, Time: 33.42s
Epoch 898, Loss: 0.0101, Time: 34.40s
Epoch 899, Loss: 0.0101, Time: 34.29s
Epoch 900, Loss: 0.0100, Time: 33.76s
Epoch 901, Loss: 0.0102, Time: 34.27s
Epoch 902, Loss: 0.0102, Time: 34.11s
Epoch 903, Loss: 0.0101, Time: 34.11s
Epoch 904, Loss: 0.0100, Time: 34.70s
Epoch 905, Loss: 0.0101, Time: 34.83s
Epoch 906, Loss: 0.0101, Time: 34.23s
Epoch 907, Loss: 0.0102, Time: 34.28s
Epoch 908, Loss: 0.0102, Time: 34.59s
Epoch 909, Loss: 0.0101, Time: 33.67s
Epoch 910, Loss: 0.0101, Time: 35.31s
Epoch 911, Loss: 0.0101, Time: 34.81s
Epoch 912, Loss: 0.0101, Time: 33.71s
Epoch 913, Loss: 0.0101, Time: 34.72s
Epoch 914, Loss: 0.0101, Time: 34.05s
Epoch 915, Loss: 0.0101, Time: 34.73s
Epoch 916, Loss: 0.0100, Time: 33.98s
Epoch 917, Loss: 0.0100, Time: 34.74s
Epoch 918, Loss: 0.0101, Time: 33.61s
Epoch 919, Loss: 0.0101, Time: 34.15s
Epoch 920, Loss: 0.0101, Time: 34.56s
Epoch 921, Loss: 0.0101, Time: 34.39s
Epoch 922, Loss: 0.0101, Time: 34.44s
Epoch 923, Loss: 0.0099, Time: 34.50s
Epoch 924, Loss: 0.0100, Time: 34.33s
Epoch 925, Loss: 0.0100, Time: 34.96s
Epoch 926, Loss: 0.0101, Time: 33.10s
Epoch 927, Loss: 0.0100, Time: 34.17s
Epoch 928, Loss: 0.0101, Time: 34.85s
Epoch 929, Loss: 0.0100, Time: 34.38s
Epoch 930, Loss: 0.0100, Time: 35.11s
Epoch 931, Loss: 0.0101, Time: 35.37s
Epoch 932, Loss: 0.0099, Time: 35.25s
Epoch 933, Loss: 0.0101, Time: 33.77s
Epoch 934, Loss: 0.0100, Time: 34.43s
Epoch 935, Loss: 0.0100, Time: 34.90s
Epoch 936, Loss: 0.0101, Time: 35.48s
Epoch 937, Loss: 0.0100, Time: 32.54s
Epoch 938, Loss: 0.0101, Time: 34.28s
Epoch 939, Loss: 0.0100, Time: 33.67s
Epoch 940, Loss: 0.0100, Time: 33.86s
Epoch 941, Loss: 0.0100, Time: 33.87s
Epoch 942, Loss: 0.0099, Time: 33.30s
Epoch 943, Loss: 0.0100, Time: 34.98s
Epoch 944, Loss: 0.0100, Time: 34.34s
Epoch 945, Loss: 0.0100, Time: 34.47s
Epoch 946, Loss: 0.0100, Time: 34.50s
Epoch 947, Loss: 0.0099, Time: 35.30s
Epoch 948, Loss: 0.0100, Time: 33.83s
Epoch 949, Loss: 0.0099, Time: 34.35s
Epoch 950, Loss: 0.0100, Time: 34.84s
Epoch 951, Loss: 0.0100, Time: 33.92s
Epoch 952, Loss: 0.0100, Time: 35.05s
Epoch 953, Loss: 0.0101, Time: 34.27s
Epoch 954, Loss: 0.0099, Time: 34.32s
Epoch 955, Loss: 0.0100, Time: 34.24s
Epoch 956, Loss: 0.0099, Time: 33.79s
Epoch 957, Loss: 0.0099, Time: 35.48s
Epoch 958, Loss: 0.0099, Time: 34.80s
Epoch 959, Loss: 0.0099, Time: 33.77s
Epoch 960, Loss: 0.0099, Time: 35.03s
Epoch 961, Loss: 0.0099, Time: 33.51s
Epoch 962, Loss: 0.0099, Time: 35.18s
Epoch 963, Loss: 0.0099, Time: 34.13s
Epoch 964, Loss: 0.0099, Time: 34.86s
Epoch 965, Loss: 0.0100, Time: 34.05s
Epoch 966, Loss: 0.0100, Time: 34.73s
Epoch 967, Loss: 0.0100, Time: 33.88s
Epoch 968, Loss: 0.0099, Time: 35.13s
Epoch 969, Loss: 0.0099, Time: 34.52s
Epoch 970, Loss: 0.0099, Time: 33.81s
Epoch 971, Loss: 0.0098, Time: 35.48s
Epoch 972, Loss: 0.0099, Time: 33.77s
Epoch 973, Loss: 0.0099, Time: 34.50s
Epoch 974, Loss: 0.0099, Time: 34.37s
Epoch 975, Loss: 0.0099, Time: 33.73s
Epoch 976, Loss: 0.0099, Time: 33.96s
Epoch 977, Loss: 0.0099, Time: 33.69s
Epoch 978, Loss: 0.0099, Time: 34.75s
Epoch 979, Loss: 0.0098, Time: 35.50s
Epoch 980, Loss: 0.0100, Time: 35.76s
Epoch 981, Loss: 0.0099, Time: 35.20s
Epoch 982, Loss: 0.0099, Time: 34.50s
Epoch 983, Loss: 0.0099, Time: 34.10s
Epoch 984, Loss: 0.0098, Time: 33.87s
Epoch 985, Loss: 0.0099, Time: 33.26s
Epoch 986, Loss: 0.0100, Time: 33.73s
Epoch 987, Loss: 0.0099, Time: 33.98s
Epoch 988, Loss: 0.0099, Time: 33.52s
Epoch 989, Loss: 0.0099, Time: 34.41s
Epoch 990, Loss: 0.0099, Time: 34.12s
Epoch 991, Loss: 0.0099, Time: 34.71s
Epoch 992, Loss: 0.0099, Time: 34.76s
Epoch 993, Loss: 0.0099, Time: 34.09s
Epoch 994, Loss: 0.0098, Time: 35.36s
Epoch 995, Loss: 0.0098, Time: 33.82s
Epoch 996, Loss: 0.0098, Time: 33.05s
Epoch 997, Loss: 0.0098, Time: 34.91s
Epoch 998, Loss: 0.0099, Time: 34.38s
Epoch 999, Loss: 0.0098, Time: 34.27s
Epoch 1000, Loss: 0.0098, Time: 33.17s
モデルを保存しました。

==== Testデータからランダムに5件表示 ====

