Trainデータ数: 13703
Testデータ数: 621
Epoch 1, Loss: 1.3107, Time: 48.20s
Epoch 2, Loss: 1.1430, Time: 35.75s
Epoch 3, Loss: 1.0413, Time: 45.77s
Epoch 4, Loss: 0.9748, Time: 44.03s
Epoch 5, Loss: 0.9398, Time: 35.91s
Epoch 6, Loss: 0.9161, Time: 37.74s
Epoch 7, Loss: 0.8971, Time: 43.02s
Epoch 8, Loss: 0.8754, Time: 37.43s
Epoch 9, Loss: 0.8496, Time: 43.25s
Epoch 10, Loss: 0.8261, Time: 38.63s
Epoch 11, Loss: 0.8049, Time: 33.45s
Epoch 12, Loss: 0.7916, Time: 37.07s
Epoch 13, Loss: 0.7793, Time: 37.79s
Epoch 14, Loss: 0.7689, Time: 37.94s
Epoch 15, Loss: 0.7595, Time: 43.60s
Epoch 16, Loss: 0.7533, Time: 34.93s
Epoch 17, Loss: 0.7437, Time: 35.50s
Epoch 18, Loss: 0.7359, Time: 51.26s
Epoch 19, Loss: 0.7288, Time: 56.92s
Epoch 20, Loss: 0.7207, Time: 54.75s
Epoch 21, Loss: 0.7140, Time: 51.92s
Epoch 22, Loss: 0.7087, Time: 82.37s
Epoch 23, Loss: 0.7029, Time: 59.95s
Epoch 24, Loss: 0.7006, Time: 57.46s
Epoch 25, Loss: 0.6953, Time: 53.74s
Epoch 26, Loss: 0.6912, Time: 54.06s
Epoch 27, Loss: 0.6869, Time: 54.90s
Epoch 28, Loss: 0.6839, Time: 51.87s
Epoch 29, Loss: 0.6811, Time: 58.18s
Epoch 30, Loss: 0.6777, Time: 54.58s
Epoch 31, Loss: 0.6720, Time: 55.31s
Epoch 32, Loss: 0.6684, Time: 54.02s
Epoch 33, Loss: 0.6647, Time: 57.32s
Epoch 34, Loss: 0.6608, Time: 56.59s
Epoch 35, Loss: 0.6572, Time: 52.31s
Epoch 36, Loss: 0.6538, Time: 55.06s
Epoch 37, Loss: 0.6510, Time: 54.51s
Epoch 38, Loss: 0.6473, Time: 55.38s
Epoch 39, Loss: 0.6442, Time: 60.49s
Epoch 40, Loss: 0.6415, Time: 57.20s
Epoch 41, Loss: 0.6394, Time: 50.24s
Epoch 42, Loss: 0.6346, Time: 49.66s
Epoch 43, Loss: 0.6326, Time: 48.27s
Epoch 44, Loss: 0.6296, Time: 51.78s
Epoch 45, Loss: 0.6254, Time: 48.57s
Epoch 46, Loss: 0.6233, Time: 55.52s
Epoch 47, Loss: 0.6230, Time: 39.48s
Epoch 48, Loss: 0.6204, Time: 39.97s
Epoch 49, Loss: 0.6165, Time: 40.13s
Epoch 50, Loss: 0.6133, Time: 39.70s
Epoch 51, Loss: 0.6126, Time: 42.76s
Epoch 52, Loss: 0.6095, Time: 44.85s
Epoch 53, Loss: 0.6080, Time: 46.76s
Epoch 54, Loss: 0.6056, Time: 46.59s
Epoch 55, Loss: 0.6048, Time: 45.31s
Epoch 56, Loss: 0.6016, Time: 45.52s
Epoch 57, Loss: 0.6007, Time: 43.42s
Epoch 58, Loss: 0.5998, Time: 41.16s
Epoch 59, Loss: 0.5973, Time: 38.45s
Epoch 60, Loss: 0.5950, Time: 40.16s
Epoch 61, Loss: 0.5928, Time: 39.98s
Epoch 62, Loss: 0.5921, Time: 40.65s
Epoch 63, Loss: 0.5901, Time: 43.92s
Epoch 64, Loss: 0.5877, Time: 39.19s
Epoch 65, Loss: 0.5888, Time: 41.86s
Epoch 66, Loss: 0.5849, Time: 38.45s
Epoch 67, Loss: 0.5842, Time: 42.19s
Epoch 68, Loss: 0.5824, Time: 41.61s
Epoch 69, Loss: 0.5800, Time: 40.55s
Epoch 70, Loss: 0.5792, Time: 39.57s
Epoch 71, Loss: 0.5760, Time: 43.17s
Epoch 72, Loss: 0.5757, Time: 38.82s
Epoch 73, Loss: 0.5734, Time: 39.88s
Epoch 74, Loss: 0.5731, Time: 40.02s
Epoch 75, Loss: 0.5717, Time: 41.06s
Epoch 76, Loss: 0.5693, Time: 39.59s
Epoch 77, Loss: 0.5679, Time: 40.77s
Epoch 78, Loss: 0.5657, Time: 41.92s
Epoch 79, Loss: 0.5642, Time: 43.34s
Epoch 80, Loss: 0.5645, Time: 47.71s
Epoch 81, Loss: 0.5627, Time: 42.46s
Epoch 82, Loss: 0.5597, Time: 42.77s
Epoch 83, Loss: 0.5589, Time: 41.87s
Epoch 84, Loss: 0.5574, Time: 43.49s
Epoch 85, Loss: 0.5561, Time: 43.06s
Epoch 86, Loss: 0.5548, Time: 40.27s
Epoch 87, Loss: 0.5527, Time: 42.18s
Epoch 88, Loss: 0.5519, Time: 43.75s
Epoch 89, Loss: 0.5502, Time: 41.77s
Epoch 90, Loss: 0.5487, Time: 39.13s
Epoch 91, Loss: 0.5468, Time: 42.55s
Epoch 92, Loss: 0.5460, Time: 38.07s
Epoch 93, Loss: 0.5452, Time: 38.20s
Epoch 94, Loss: 0.5443, Time: 43.35s
Epoch 95, Loss: 0.5417, Time: 40.10s
Epoch 96, Loss: 0.5416, Time: 40.33s
Epoch 97, Loss: 0.5389, Time: 40.64s
Epoch 98, Loss: 0.5384, Time: 43.69s
Epoch 99, Loss: 0.5365, Time: 43.39s
Epoch 100, Loss: 0.5349, Time: 44.45s
Epoch 101, Loss: 0.5342, Time: 41.12s
Epoch 102, Loss: 0.5326, Time: 45.03s
Epoch 103, Loss: 0.5319, Time: 40.16s
Epoch 104, Loss: 0.5302, Time: 41.57s
Epoch 105, Loss: 0.5294, Time: 40.76s
Epoch 106, Loss: 0.5288, Time: 39.71s
Epoch 107, Loss: 0.5277, Time: 35.32s
Epoch 108, Loss: 0.5249, Time: 33.98s
Epoch 109, Loss: 0.5239, Time: 35.78s
Epoch 110, Loss: 0.5232, Time: 35.29s
Epoch 111, Loss: 0.5213, Time: 35.75s
Epoch 112, Loss: 0.5209, Time: 37.86s
Epoch 113, Loss: 0.5184, Time: 36.87s
Epoch 114, Loss: 0.5174, Time: 36.81s
Epoch 115, Loss: 0.5167, Time: 38.95s
Epoch 116, Loss: 0.5152, Time: 42.97s
Epoch 117, Loss: 0.5141, Time: 53.41s
Epoch 118, Loss: 0.5133, Time: 46.79s
Epoch 119, Loss: 0.5116, Time: 48.90s
Epoch 120, Loss: 0.5109, Time: 43.85s
Epoch 121, Loss: 0.5093, Time: 43.53s
Epoch 122, Loss: 0.5085, Time: 42.40s
Epoch 123, Loss: 0.5068, Time: 42.65s
Epoch 124, Loss: 0.5046, Time: 37.90s
Epoch 125, Loss: 0.5040, Time: 37.77s
Epoch 126, Loss: 0.5026, Time: 40.20s
Epoch 127, Loss: 0.5023, Time: 35.35s
Epoch 128, Loss: 0.5013, Time: 37.27s
Epoch 129, Loss: 0.4989, Time: 37.62s
Epoch 130, Loss: 0.4986, Time: 38.59s
Epoch 131, Loss: 0.4973, Time: 39.26s
Epoch 132, Loss: 0.4951, Time: 35.66s
Epoch 133, Loss: 0.4957, Time: 39.28s
Epoch 134, Loss: 0.4942, Time: 37.41s
Epoch 135, Loss: 0.4934, Time: 36.24s
Epoch 136, Loss: 0.4914, Time: 39.75s
Epoch 137, Loss: 0.4905, Time: 38.46s
Epoch 138, Loss: 0.4897, Time: 53.44s
Epoch 139, Loss: 0.4882, Time: 52.12s
Epoch 140, Loss: 0.4869, Time: 56.53s
Epoch 141, Loss: 0.4855, Time: 47.92s
Epoch 142, Loss: 0.4849, Time: 54.17s
Epoch 143, Loss: 0.4842, Time: 52.70s
Epoch 144, Loss: 0.4843, Time: 51.65s
Epoch 145, Loss: 0.4818, Time: 53.06s
Epoch 146, Loss: 0.4810, Time: 39.12s
Epoch 147, Loss: 0.4799, Time: 51.21s
Epoch 148, Loss: 0.4790, Time: 53.16s
Epoch 149, Loss: 0.4780, Time: 55.04s
Epoch 150, Loss: 0.4772, Time: 53.40s
Epoch 151, Loss: 0.4763, Time: 50.31s
Epoch 152, Loss: 0.4745, Time: 52.32s
Epoch 153, Loss: 0.4750, Time: 48.80s
Epoch 154, Loss: 0.4725, Time: 47.78s
Epoch 155, Loss: 0.4725, Time: 40.53s
Epoch 156, Loss: 0.4713, Time: 47.12s
Epoch 157, Loss: 0.4702, Time: 40.71s
Epoch 158, Loss: 0.4685, Time: 38.79s
Epoch 159, Loss: 0.4685, Time: 40.26s
Epoch 160, Loss: 0.4664, Time: 38.15s
Epoch 161, Loss: 0.4658, Time: 34.99s
Epoch 162, Loss: 0.4657, Time: 30.34s
Epoch 163, Loss: 0.4637, Time: 36.91s
Epoch 164, Loss: 0.4627, Time: 41.77s
Epoch 165, Loss: 0.4628, Time: 34.55s
Epoch 166, Loss: 0.4605, Time: 38.57s
Epoch 167, Loss: 0.4601, Time: 33.74s
Epoch 168, Loss: 0.4596, Time: 40.02s
Epoch 169, Loss: 0.4588, Time: 34.04s
Epoch 170, Loss: 0.4572, Time: 50.41s
Epoch 171, Loss: 0.4566, Time: 50.24s
Epoch 172, Loss: 0.4552, Time: 47.70s
Epoch 173, Loss: 0.4548, Time: 40.43s
Epoch 174, Loss: 0.4537, Time: 49.18s
Epoch 175, Loss: 0.4525, Time: 39.52s
Epoch 176, Loss: 0.4511, Time: 43.11s
Epoch 177, Loss: 0.4511, Time: 42.27s
Epoch 178, Loss: 0.4502, Time: 40.22s
Epoch 179, Loss: 0.4494, Time: 37.12s
Epoch 180, Loss: 0.4483, Time: 41.43s
Epoch 181, Loss: 0.4471, Time: 40.28s
Epoch 182, Loss: 0.4460, Time: 43.95s
Epoch 183, Loss: 0.4445, Time: 41.43s
Epoch 184, Loss: 0.4440, Time: 48.06s
Epoch 185, Loss: 0.4442, Time: 55.79s
Epoch 186, Loss: 0.4431, Time: 52.77s
Epoch 187, Loss: 0.4421, Time: 49.09s
Epoch 188, Loss: 0.4406, Time: 42.16s
Epoch 189, Loss: 0.4406, Time: 44.06s
Epoch 190, Loss: 0.4386, Time: 48.18s
Epoch 191, Loss: 0.4391, Time: 45.18s
Epoch 192, Loss: 0.4374, Time: 49.03s
Epoch 193, Loss: 0.4363, Time: 39.75s
Epoch 194, Loss: 0.4356, Time: 49.33s
Epoch 195, Loss: 0.4347, Time: 42.90s
Epoch 196, Loss: 0.4348, Time: 47.35s
Epoch 197, Loss: 0.4344, Time: 44.39s
Epoch 198, Loss: 0.4329, Time: 34.71s
Epoch 199, Loss: 0.4324, Time: 42.23s
Epoch 200, Loss: 0.4313, Time: 42.91s
Epoch 201, Loss: 0.4307, Time: 38.02s
Epoch 202, Loss: 0.4296, Time: 37.78s
Epoch 203, Loss: 0.4287, Time: 39.98s
Epoch 204, Loss: 0.4283, Time: 32.70s
Epoch 205, Loss: 0.4283, Time: 36.24s
Epoch 206, Loss: 0.4261, Time: 39.78s
Epoch 207, Loss: 0.4265, Time: 37.17s
Epoch 208, Loss: 0.4247, Time: 41.39s
Epoch 209, Loss: 0.4241, Time: 36.17s
Epoch 210, Loss: 0.4237, Time: 42.14s
Epoch 211, Loss: 0.4223, Time: 36.55s
Epoch 212, Loss: 0.4218, Time: 39.10s
Epoch 213, Loss: 0.4228, Time: 39.82s
Epoch 214, Loss: 0.4206, Time: 34.03s
Epoch 215, Loss: 0.4205, Time: 36.52s
Epoch 216, Loss: 0.4196, Time: 40.14s
Epoch 217, Loss: 0.4187, Time: 43.76s
Epoch 218, Loss: 0.4172, Time: 37.26s
Epoch 219, Loss: 0.4175, Time: 36.44s
Epoch 220, Loss: 0.4164, Time: 38.39s
Epoch 221, Loss: 0.4160, Time: 39.38s
Epoch 222, Loss: 0.4154, Time: 40.27s
Epoch 223, Loss: 0.4146, Time: 39.08s
Epoch 224, Loss: 0.4131, Time: 41.68s
Epoch 225, Loss: 0.4136, Time: 49.87s
Epoch 226, Loss: 0.4125, Time: 49.14s
Epoch 227, Loss: 0.4116, Time: 51.72s
Epoch 228, Loss: 0.4112, Time: 47.91s
Epoch 229, Loss: 0.4101, Time: 51.82s
Epoch 230, Loss: 0.4102, Time: 50.09s
Epoch 231, Loss: 0.4109, Time: 51.61s
Epoch 232, Loss: 0.4088, Time: 45.67s
Epoch 233, Loss: 0.4078, Time: 52.15s
Epoch 234, Loss: 0.4079, Time: 47.55s
Epoch 235, Loss: 0.4071, Time: 48.95s
Epoch 236, Loss: 0.4060, Time: 46.05s
Epoch 237, Loss: 0.4053, Time: 52.90s
Epoch 238, Loss: 0.4057, Time: 54.33s
Epoch 239, Loss: 0.4037, Time: 51.97s
Epoch 240, Loss: 0.4030, Time: 49.94s
Epoch 241, Loss: 0.4035, Time: 54.57s
Epoch 242, Loss: 0.4026, Time: 47.56s
Epoch 243, Loss: 0.4016, Time: 53.32s
Epoch 244, Loss: 0.4011, Time: 49.86s
Epoch 245, Loss: 0.4009, Time: 48.66s
Epoch 246, Loss: 0.3996, Time: 52.10s
Epoch 247, Loss: 0.3994, Time: 45.61s
Epoch 248, Loss: 0.3989, Time: 50.73s
Epoch 249, Loss: 0.3981, Time: 43.73s
Epoch 250, Loss: 0.3987, Time: 50.31s
Epoch 251, Loss: 0.3973, Time: 50.35s
Epoch 252, Loss: 0.3966, Time: 53.28s
Epoch 253, Loss: 0.3962, Time: 53.83s
Epoch 254, Loss: 0.3949, Time: 55.10s
Epoch 255, Loss: 0.3950, Time: 52.22s
Epoch 256, Loss: 0.3947, Time: 52.23s
Epoch 257, Loss: 0.3936, Time: 49.71s
Epoch 258, Loss: 0.3934, Time: 52.17s
Epoch 259, Loss: 0.3922, Time: 53.37s
Epoch 260, Loss: 0.3920, Time: 51.20s
Epoch 261, Loss: 0.3918, Time: 55.13s
Epoch 262, Loss: 0.3910, Time: 51.00s
Epoch 263, Loss: 0.3903, Time: 51.35s
Epoch 264, Loss: 0.3901, Time: 53.88s
Epoch 265, Loss: 0.3895, Time: 40.77s
Epoch 266, Loss: 0.3884, Time: 41.50s
Epoch 267, Loss: 0.3876, Time: 48.03s
Epoch 268, Loss: 0.3873, Time: 49.31s
Epoch 269, Loss: 0.3874, Time: 47.87s
Epoch 270, Loss: 0.3863, Time: 53.96s
Epoch 271, Loss: 0.3861, Time: 50.77s
Epoch 272, Loss: 0.3853, Time: 46.05s
Epoch 273, Loss: 0.3847, Time: 47.90s
Epoch 274, Loss: 0.3838, Time: 53.53s
Epoch 275, Loss: 0.3839, Time: 45.85s
Epoch 276, Loss: 0.3833, Time: 44.45s
Epoch 277, Loss: 0.3828, Time: 51.24s
Epoch 278, Loss: 0.3823, Time: 51.68s
Epoch 279, Loss: 0.3820, Time: 52.99s
Epoch 280, Loss: 0.3811, Time: 50.50s
Epoch 281, Loss: 0.3804, Time: 48.18s
Epoch 282, Loss: 0.3809, Time: 42.51s
Epoch 283, Loss: 0.3796, Time: 39.90s
Epoch 284, Loss: 0.3797, Time: 42.30s
Epoch 285, Loss: 0.3785, Time: 49.05s
Epoch 286, Loss: 0.3784, Time: 41.03s
Epoch 287, Loss: 0.3777, Time: 49.50s
Epoch 288, Loss: 0.3769, Time: 53.30s
Epoch 289, Loss: 0.3764, Time: 48.54s
Epoch 290, Loss: 0.3755, Time: 51.19s
Epoch 291, Loss: 0.3755, Time: 49.72s
Epoch 292, Loss: 0.3749, Time: 40.83s
Epoch 293, Loss: 0.3750, Time: 46.51s
Epoch 294, Loss: 0.3732, Time: 52.83s
Epoch 295, Loss: 0.3741, Time: 46.28s
Epoch 296, Loss: 0.3730, Time: 48.04s
Epoch 297, Loss: 0.3717, Time: 45.16s
Epoch 298, Loss: 0.3718, Time: 48.86s
Epoch 299, Loss: 0.3721, Time: 48.19s
Epoch 300, Loss: 0.3718, Time: 38.55s
Epoch 301, Loss: 0.3700, Time: 51.28s
Epoch 302, Loss: 0.3711, Time: 49.73s
Epoch 303, Loss: 0.3696, Time: 48.99s
Epoch 304, Loss: 0.3694, Time: 42.38s
Epoch 305, Loss: 0.3684, Time: 49.71s
Epoch 306, Loss: 0.3687, Time: 49.22s
Epoch 307, Loss: 0.3684, Time: 49.14s
Epoch 308, Loss: 0.3697, Time: 51.12s
Epoch 309, Loss: 0.3671, Time: 52.69s
Epoch 310, Loss: 0.3668, Time: 52.82s
Epoch 311, Loss: 0.3657, Time: 53.71s
Epoch 312, Loss: 0.3668, Time: 50.11s
Epoch 313, Loss: 0.3655, Time: 50.55s
Epoch 314, Loss: 0.3640, Time: 52.27s
Epoch 315, Loss: 0.3643, Time: 52.72s
Epoch 316, Loss: 0.3638, Time: 49.33s
Epoch 317, Loss: 0.3648, Time: 54.79s
Epoch 318, Loss: 0.3632, Time: 49.51s
Epoch 319, Loss: 0.3625, Time: 54.35s
Epoch 320, Loss: 0.3610, Time: 53.22s
Epoch 321, Loss: 0.3617, Time: 52.40s
Epoch 322, Loss: 0.3624, Time: 57.15s
Epoch 323, Loss: 0.3619, Time: 48.75s
Epoch 324, Loss: 0.3607, Time: 49.94s
Epoch 325, Loss: 0.3592, Time: 54.35s
Epoch 326, Loss: 0.3607, Time: 54.49s
Epoch 327, Loss: 0.3596, Time: 50.52s
Epoch 328, Loss: 0.3598, Time: 53.70s
Epoch 329, Loss: 0.3581, Time: 50.47s
Epoch 330, Loss: 0.3576, Time: 52.54s
Epoch 331, Loss: 0.3571, Time: 57.22s
Epoch 332, Loss: 0.3575, Time: 53.19s
Epoch 333, Loss: 0.3575, Time: 52.72s
Epoch 334, Loss: 0.3559, Time: 54.71s
Epoch 335, Loss: 0.3567, Time: 53.87s
Epoch 336, Loss: 0.3548, Time: 47.51s
Epoch 337, Loss: 0.3547, Time: 51.87s
Epoch 338, Loss: 0.3550, Time: 45.35s
Epoch 339, Loss: 0.3565, Time: 40.70s
Epoch 340, Loss: 0.3538, Time: 53.70s
Epoch 341, Loss: 0.3531, Time: 47.75s
Epoch 342, Loss: 0.3524, Time: 52.16s
Epoch 343, Loss: 0.3528, Time: 40.05s
Epoch 344, Loss: 0.3518, Time: 39.65s
Epoch 345, Loss: 0.3522, Time: 45.38s
Epoch 346, Loss: 0.3507, Time: 42.19s
Epoch 347, Loss: 0.3503, Time: 45.40s
Epoch 348, Loss: 0.3517, Time: 37.02s
Epoch 349, Loss: 0.3506, Time: 40.38s
Epoch 350, Loss: 0.3519, Time: 49.03s
Epoch 351, Loss: 0.3518, Time: 37.53s
Epoch 352, Loss: 0.3498, Time: 49.31s
Epoch 353, Loss: 0.3493, Time: 50.92s
Epoch 354, Loss: 0.3486, Time: 41.48s
Epoch 355, Loss: 0.3481, Time: 42.50s
Epoch 356, Loss: 0.3481, Time: 50.44s
Epoch 357, Loss: 0.3475, Time: 43.41s
Epoch 358, Loss: 0.3478, Time: 49.95s
Epoch 359, Loss: 0.3467, Time: 55.20s
Epoch 360, Loss: 0.3466, Time: 43.42s
Epoch 361, Loss: 0.3461, Time: 39.78s
Epoch 362, Loss: 0.3472, Time: 42.48s
Epoch 363, Loss: 0.3456, Time: 46.54s
Epoch 364, Loss: 0.3447, Time: 48.58s
Epoch 365, Loss: 0.3449, Time: 36.86s
Epoch 366, Loss: 0.3448, Time: 32.01s
Epoch 367, Loss: 0.3430, Time: 30.48s
Epoch 368, Loss: 0.3426, Time: 28.89s
Epoch 369, Loss: 0.3431, Time: 33.35s
Epoch 370, Loss: 0.3441, Time: 41.71s
Epoch 371, Loss: 0.3432, Time: 37.73s
Epoch 372, Loss: 0.3427, Time: 42.63s
Epoch 373, Loss: 0.3428, Time: 39.58s
Epoch 374, Loss: 0.3426, Time: 32.49s
Epoch 375, Loss: 0.3418, Time: 32.35s
Epoch 376, Loss: 0.3416, Time: 29.82s
Epoch 377, Loss: 0.3412, Time: 41.58s
Epoch 378, Loss: 0.3397, Time: 35.20s
Epoch 379, Loss: 0.3405, Time: 44.32s
Epoch 380, Loss: 0.3411, Time: 39.80s
Epoch 381, Loss: 0.3396, Time: 40.72s
Epoch 382, Loss: 0.3390, Time: 36.35s
Epoch 383, Loss: 0.3401, Time: 36.61s
Epoch 384, Loss: 0.3379, Time: 37.45s
Epoch 385, Loss: 0.3382, Time: 30.52s
Epoch 386, Loss: 0.3393, Time: 42.15s
Epoch 387, Loss: 0.3375, Time: 37.09s
Epoch 388, Loss: 0.3378, Time: 31.85s
Epoch 389, Loss: 0.3371, Time: 32.02s
Epoch 390, Loss: 0.3371, Time: 29.43s
Epoch 391, Loss: 0.3353, Time: 29.87s
Epoch 392, Loss: 0.3358, Time: 35.42s
Epoch 393, Loss: 0.3347, Time: 41.35s
Epoch 394, Loss: 0.3367, Time: 42.04s
Epoch 395, Loss: 0.3352, Time: 32.51s
Epoch 396, Loss: 0.3348, Time: 40.31s
Epoch 397, Loss: 0.3348, Time: 40.42s
Epoch 398, Loss: 0.3344, Time: 36.07s
Epoch 399, Loss: 0.3346, Time: 33.56s
Epoch 400, Loss: 0.3342, Time: 44.00s
Epoch 401, Loss: 0.3336, Time: 36.34s
Epoch 402, Loss: 0.3331, Time: 29.14s
Epoch 403, Loss: 0.3316, Time: 33.83s
Epoch 404, Loss: 0.3339, Time: 42.12s
Epoch 405, Loss: 0.3317, Time: 39.89s
Epoch 406, Loss: 0.3324, Time: 36.61s
Epoch 407, Loss: 0.3319, Time: 31.97s
Epoch 408, Loss: 0.3319, Time: 34.59s
Epoch 409, Loss: 0.3304, Time: 37.03s
Epoch 410, Loss: 0.3312, Time: 38.37s
Epoch 411, Loss: 0.3315, Time: 29.52s
Epoch 412, Loss: 0.3292, Time: 38.30s
Epoch 413, Loss: 0.3287, Time: 48.61s
Epoch 414, Loss: 0.3299, Time: 41.23s
Epoch 415, Loss: 0.3295, Time: 35.12s
Epoch 416, Loss: 0.3291, Time: 39.02s
Epoch 417, Loss: 0.3287, Time: 35.10s
Epoch 418, Loss: 0.3280, Time: 38.62s
Epoch 419, Loss: 0.3287, Time: 35.23s
Epoch 420, Loss: 0.3284, Time: 34.12s
Epoch 421, Loss: 0.3264, Time: 28.28s
Epoch 422, Loss: 0.3289, Time: 38.32s
Epoch 423, Loss: 0.3271, Time: 37.72s
Epoch 424, Loss: 0.3263, Time: 30.51s
Epoch 425, Loss: 0.3257, Time: 32.30s
Epoch 426, Loss: 0.3255, Time: 37.21s
Epoch 427, Loss: 0.3255, Time: 44.09s
Epoch 428, Loss: 0.3286, Time: 38.53s
Epoch 429, Loss: 0.3260, Time: 40.12s
Epoch 430, Loss: 0.3256, Time: 31.16s
Epoch 431, Loss: 0.3252, Time: 34.46s
Epoch 432, Loss: 0.3259, Time: 32.50s
Epoch 433, Loss: 0.3266, Time: 32.61s
Epoch 434, Loss: 0.3241, Time: 31.86s
Epoch 435, Loss: 0.3251, Time: 28.67s
Epoch 436, Loss: 0.3231, Time: 32.08s
Epoch 437, Loss: 0.3234, Time: 36.27s
Epoch 438, Loss: 0.3236, Time: 36.65s
Epoch 439, Loss: 0.3235, Time: 33.08s
Epoch 440, Loss: 0.3223, Time: 30.14s
Epoch 441, Loss: 0.3225, Time: 37.39s
Epoch 442, Loss: 0.3239, Time: 47.33s
Epoch 443, Loss: 0.3230, Time: 39.07s
Epoch 444, Loss: 0.3231, Time: 43.06s
Epoch 445, Loss: 0.3214, Time: 34.53s
Epoch 446, Loss: 0.3203, Time: 36.24s
Epoch 447, Loss: 0.3202, Time: 37.59s
Epoch 448, Loss: 0.3189, Time: 32.28s
Epoch 449, Loss: 0.3202, Time: 29.26s
Epoch 450, Loss: 0.3189, Time: 30.14s
Epoch 451, Loss: 0.3196, Time: 35.91s
Epoch 452, Loss: 0.3184, Time: 30.11s
Epoch 453, Loss: 0.3178, Time: 29.93s
Epoch 454, Loss: 0.3195, Time: 28.82s
Epoch 455, Loss: 0.3196, Time: 32.59s
Epoch 456, Loss: 0.3186, Time: 33.69s
Epoch 457, Loss: 0.3186, Time: 34.34s
Epoch 458, Loss: 0.3168, Time: 29.95s
Epoch 459, Loss: 0.3173, Time: 30.46s
Epoch 460, Loss: 0.3188, Time: 44.43s
Epoch 461, Loss: 0.3164, Time: 30.93s
Epoch 462, Loss: 0.3155, Time: 39.86s
Epoch 463, Loss: 0.3176, Time: 35.82s
Epoch 464, Loss: 0.3171, Time: 35.58s
Epoch 465, Loss: 0.3164, Time: 39.29s
Epoch 466, Loss: 0.3175, Time: 31.73s
Epoch 467, Loss: 0.3172, Time: 32.71s
Epoch 468, Loss: 0.3147, Time: 32.38s
Epoch 469, Loss: 0.3148, Time: 41.24s
Epoch 470, Loss: 0.3132, Time: 35.77s
Epoch 471, Loss: 0.3151, Time: 31.41s
Epoch 472, Loss: 0.3138, Time: 30.28s
Epoch 473, Loss: 0.3136, Time: 32.97s
Epoch 474, Loss: 0.3141, Time: 27.75s
Epoch 475, Loss: 0.3122, Time: 35.59s
Epoch 476, Loss: 0.3125, Time: 40.70s
Epoch 477, Loss: 0.3142, Time: 35.44s
Epoch 478, Loss: 0.3106, Time: 30.49s
Epoch 479, Loss: 0.3137, Time: 38.87s
Epoch 480, Loss: 0.3130, Time: 39.02s
Epoch 481, Loss: 0.3125, Time: 37.90s
Epoch 482, Loss: 0.3120, Time: 31.58s
Epoch 483, Loss: 0.3113, Time: 34.70s
Epoch 484, Loss: 0.3103, Time: 30.49s
Epoch 485, Loss: 0.3110, Time: 36.20s
Epoch 486, Loss: 0.3111, Time: 39.39s
Epoch 487, Loss: 0.3099, Time: 44.72s
Epoch 488, Loss: 0.3104, Time: 41.34s
Epoch 489, Loss: 0.3124, Time: 40.94s
Epoch 490, Loss: 0.3097, Time: 42.59s
Epoch 491, Loss: 0.3107, Time: 42.24s
Epoch 492, Loss: 0.3090, Time: 35.10s
Epoch 493, Loss: 0.3098, Time: 41.70s
Epoch 494, Loss: 0.3098, Time: 40.81s
Epoch 495, Loss: 0.3074, Time: 40.64s
Epoch 496, Loss: 0.3088, Time: 35.96s
Epoch 497, Loss: 0.3078, Time: 37.02s
Epoch 498, Loss: 0.3090, Time: 46.67s
Epoch 499, Loss: 0.3061, Time: 40.70s
Epoch 500, Loss: 0.3098, Time: 37.52s
モデルを保存しました。

==== Testデータセット評価 ====
平均配列回収率 (Recall): 0.2528
平均グローバルアライメントスコア (Identity): 0.2872
平均ローカルアライメントスコア (Identity): 0.6064

==== Trainデータセット評価 ====
平均配列回収率 (Recall): 0.3965
平均グローバルアライメントスコア (Identity): 0.2778
平均ローカルアライメントスコア (Identity): 0.7774
