Trainデータ数: 13703
Testデータ数: 621
Epoch 1, Loss: 0.9694, Time: 220.79s
Epoch 2, Loss: 0.6085, Time: 209.49s
Epoch 3, Loss: 0.5154, Time: 207.79s
Epoch 4, Loss: 0.4720, Time: 193.04s
Epoch 5, Loss: 0.4399, Time: 190.73s
Epoch 6, Loss: 0.4134, Time: 186.53s
Epoch 7, Loss: 0.3927, Time: 196.49s
Epoch 8, Loss: 0.3777, Time: 192.79s
Epoch 9, Loss: 0.3611, Time: 189.17s
Epoch 10, Loss: 0.3489, Time: 198.18s
Epoch 11, Loss: 0.3402, Time: 191.29s
Epoch 12, Loss: 0.3335, Time: 189.19s
Epoch 13, Loss: 0.3263, Time: 192.52s
Epoch 14, Loss: 0.3187, Time: 193.80s
Epoch 15, Loss: 0.3135, Time: 195.70s
Epoch 16, Loss: 0.3052, Time: 187.60s
Epoch 17, Loss: 0.2975, Time: 192.62s
Epoch 18, Loss: 0.2921, Time: 191.39s
Epoch 19, Loss: 0.2858, Time: 194.09s
Epoch 20, Loss: 0.2781, Time: 172.69s
Epoch 21, Loss: 0.2734, Time: 196.59s
Epoch 22, Loss: 0.2665, Time: 194.10s
Epoch 23, Loss: 0.2617, Time: 197.64s
Epoch 24, Loss: 0.2560, Time: 194.95s
Epoch 25, Loss: 0.2518, Time: 190.75s
Epoch 26, Loss: 0.2465, Time: 198.03s
Epoch 27, Loss: 0.2428, Time: 194.28s
Epoch 28, Loss: 0.2342, Time: 194.34s
Epoch 29, Loss: 0.2326, Time: 195.46s
Epoch 30, Loss: 0.2290, Time: 190.37s
Epoch 31, Loss: 0.2233, Time: 194.98s
Epoch 32, Loss: 0.2192, Time: 190.95s
Epoch 33, Loss: 0.2152, Time: 196.17s
Epoch 34, Loss: 0.2112, Time: 197.47s
Epoch 35, Loss: 0.2080, Time: 188.96s
Epoch 36, Loss: 0.2034, Time: 193.79s
Epoch 37, Loss: 0.2006, Time: 190.98s
Epoch 38, Loss: 0.1977, Time: 195.30s
Epoch 39, Loss: 0.1947, Time: 195.93s
Epoch 40, Loss: 0.1905, Time: 189.86s
Epoch 41, Loss: 0.1874, Time: 193.98s
Epoch 42, Loss: 0.1855, Time: 189.33s
Epoch 43, Loss: 0.1820, Time: 187.70s
Epoch 44, Loss: 0.1786, Time: 191.20s
Epoch 45, Loss: 0.1778, Time: 193.52s
Epoch 46, Loss: 0.1745, Time: 190.15s
Epoch 47, Loss: 0.1716, Time: 189.65s
Epoch 48, Loss: 0.1690, Time: 192.85s
Epoch 49, Loss: 0.1662, Time: 180.55s
Epoch 50, Loss: 0.1641, Time: 189.74s
Epoch 51, Loss: 0.1620, Time: 187.54s
Epoch 52, Loss: 0.1594, Time: 187.69s
Epoch 53, Loss: 0.1575, Time: 189.79s
Epoch 54, Loss: 0.1549, Time: 189.51s
Epoch 55, Loss: 0.1528, Time: 193.20s
Epoch 56, Loss: 0.1511, Time: 199.76s
Epoch 57, Loss: 0.1499, Time: 227.87s
Epoch 58, Loss: 0.1480, Time: 268.10s
Epoch 59, Loss: 0.1447, Time: 297.91s
Epoch 60, Loss: 0.1438, Time: 305.94s
Epoch 61, Loss: 0.1435, Time: 271.70s
Epoch 62, Loss: 0.1405, Time: 292.36s
Epoch 63, Loss: 0.1372, Time: 263.78s
Epoch 64, Loss: 0.1373, Time: 290.56s
Epoch 65, Loss: 0.1343, Time: 265.03s
Epoch 66, Loss: 0.1321, Time: 256.61s
Epoch 67, Loss: 0.1318, Time: 234.57s
Epoch 68, Loss: 0.1291, Time: 234.02s
Epoch 69, Loss: 0.1285, Time: 221.45s
Epoch 70, Loss: 0.1271, Time: 196.73s
Epoch 71, Loss: 0.1258, Time: 206.21s
Epoch 72, Loss: 0.1247, Time: 203.53s
Epoch 73, Loss: 0.1235, Time: 199.92s
Epoch 74, Loss: 0.1207, Time: 210.33s
Epoch 75, Loss: 0.1198, Time: 190.25s
Epoch 76, Loss: 0.1191, Time: 184.99s
Epoch 77, Loss: 0.1176, Time: 188.40s
Epoch 78, Loss: 0.1157, Time: 180.58s
Epoch 79, Loss: 0.1145, Time: 215.65s
Epoch 80, Loss: 0.1137, Time: 201.79s
Epoch 81, Loss: 0.1109, Time: 183.96s
Epoch 82, Loss: 0.1108, Time: 197.18s
Epoch 83, Loss: 0.1099, Time: 195.01s
Epoch 84, Loss: 0.1087, Time: 190.52s
Epoch 85, Loss: 0.1071, Time: 208.66s
Epoch 86, Loss: 0.1066, Time: 209.11s
Epoch 87, Loss: 0.1050, Time: 200.07s
Epoch 88, Loss: 0.1036, Time: 195.39s
Epoch 89, Loss: 0.1035, Time: 193.19s
Epoch 90, Loss: 0.1018, Time: 190.94s
Epoch 91, Loss: 0.1000, Time: 203.21s
Epoch 92, Loss: 0.0998, Time: 220.02s
Epoch 93, Loss: 0.0993, Time: 207.13s
Epoch 94, Loss: 0.0975, Time: 196.15s
Epoch 95, Loss: 0.0969, Time: 203.39s
Epoch 96, Loss: 0.0951, Time: 190.83s
Epoch 97, Loss: 0.0946, Time: 191.75s
Epoch 98, Loss: 0.0932, Time: 216.22s
Epoch 99, Loss: 0.0921, Time: 204.01s
Epoch 100, Loss: 0.0919, Time: 200.29s
Epoch 101, Loss: 0.0904, Time: 195.75s
Epoch 102, Loss: 0.0889, Time: 195.25s
Epoch 103, Loss: 0.0902, Time: 193.76s
Epoch 104, Loss: 0.0875, Time: 210.30s
Epoch 105, Loss: 0.0873, Time: 202.78s
Epoch 106, Loss: 0.0864, Time: 198.18s
Epoch 107, Loss: 0.0846, Time: 196.14s
Epoch 108, Loss: 0.0844, Time: 195.46s
Epoch 109, Loss: 0.0836, Time: 193.97s
Epoch 110, Loss: 0.0820, Time: 199.79s
Epoch 111, Loss: 0.0819, Time: 194.99s
Epoch 112, Loss: 0.0806, Time: 196.10s
Epoch 113, Loss: 0.0805, Time: 199.39s
Epoch 114, Loss: 0.0796, Time: 200.44s
Epoch 115, Loss: 0.0796, Time: 195.41s
Epoch 116, Loss: 0.0780, Time: 193.19s
Epoch 117, Loss: 0.0767, Time: 222.72s
Epoch 118, Loss: 0.0764, Time: 198.66s
Epoch 119, Loss: 0.0764, Time: 200.17s
Epoch 120, Loss: 0.0752, Time: 191.46s
Epoch 121, Loss: 0.0742, Time: 224.51s
Epoch 122, Loss: 0.0739, Time: 191.24s
Epoch 123, Loss: 0.0726, Time: 209.10s
Epoch 124, Loss: 0.0729, Time: 195.34s
Epoch 125, Loss: 0.0719, Time: 200.63s
Epoch 126, Loss: 0.0705, Time: 190.95s
Epoch 127, Loss: 0.0707, Time: 185.17s
Epoch 128, Loss: 0.0700, Time: 205.17s
Epoch 129, Loss: 0.0686, Time: 188.75s
Epoch 130, Loss: 0.0692, Time: 195.44s
Epoch 131, Loss: 0.0681, Time: 193.23s
Epoch 132, Loss: 0.0672, Time: 194.54s
Epoch 133, Loss: 0.0671, Time: 183.23s
Epoch 134, Loss: 0.0661, Time: 192.47s
Epoch 135, Loss: 0.0655, Time: 192.32s
Epoch 136, Loss: 0.0645, Time: 191.01s
Epoch 137, Loss: 0.0641, Time: 186.16s
Epoch 138, Loss: 0.0643, Time: 185.09s
Epoch 139, Loss: 0.0634, Time: 180.77s
Epoch 140, Loss: 0.0622, Time: 182.43s
Epoch 141, Loss: 0.0628, Time: 189.41s
Epoch 142, Loss: 0.0624, Time: 183.31s
Epoch 143, Loss: 0.0611, Time: 188.73s
Epoch 144, Loss: 0.0605, Time: 190.74s
Epoch 145, Loss: 0.0601, Time: 187.49s
Epoch 146, Loss: 0.0601, Time: 190.23s
Epoch 147, Loss: 0.0595, Time: 190.61s
Epoch 148, Loss: 0.0588, Time: 186.85s
Epoch 149, Loss: 0.0588, Time: 187.64s
Epoch 150, Loss: 0.0574, Time: 191.11s
Epoch 151, Loss: 0.0574, Time: 189.22s
Epoch 152, Loss: 0.0569, Time: 193.32s
Epoch 153, Loss: 0.0566, Time: 190.63s
Epoch 154, Loss: 0.0561, Time: 186.08s
Epoch 155, Loss: 0.0556, Time: 188.06s
Epoch 156, Loss: 0.0552, Time: 192.39s
Epoch 157, Loss: 0.0544, Time: 188.79s
Epoch 158, Loss: 0.0547, Time: 189.74s
Epoch 159, Loss: 0.0545, Time: 195.42s
Epoch 160, Loss: 0.0537, Time: 191.85s
Epoch 161, Loss: 0.0527, Time: 192.25s
Epoch 162, Loss: 0.0526, Time: 193.83s
Epoch 163, Loss: 0.0528, Time: 196.47s
Epoch 164, Loss: 0.0523, Time: 197.35s
Epoch 165, Loss: 0.0515, Time: 192.17s
Epoch 166, Loss: 0.0512, Time: 186.00s
Epoch 167, Loss: 0.0504, Time: 200.56s
Epoch 168, Loss: 0.0499, Time: 197.97s
Epoch 169, Loss: 0.0498, Time: 189.86s
Epoch 170, Loss: 0.0498, Time: 189.82s
Epoch 171, Loss: 0.0488, Time: 173.08s
Epoch 172, Loss: 0.0486, Time: 192.38s
Epoch 173, Loss: 0.0488, Time: 199.59s
Epoch 174, Loss: 0.0491, Time: 195.81s
Epoch 175, Loss: 0.0480, Time: 199.08s
Epoch 176, Loss: 0.0474, Time: 186.66s
Epoch 177, Loss: 0.0470, Time: 193.31s
Epoch 178, Loss: 0.0467, Time: 194.31s
Epoch 179, Loss: 0.0463, Time: 189.13s
Epoch 180, Loss: 0.0462, Time: 192.98s
Epoch 181, Loss: 0.0461, Time: 199.54s
Epoch 182, Loss: 0.0460, Time: 201.16s
Epoch 183, Loss: 0.0452, Time: 197.07s
Epoch 184, Loss: 0.0446, Time: 190.69s
Epoch 185, Loss: 0.0448, Time: 192.08s
Epoch 186, Loss: 0.0445, Time: 198.62s
Epoch 187, Loss: 0.0438, Time: 191.43s
Epoch 188, Loss: 0.0440, Time: 197.82s
Epoch 189, Loss: 0.0432, Time: 197.00s
Epoch 190, Loss: 0.0433, Time: 193.16s
Epoch 191, Loss: 0.0431, Time: 190.38s
Epoch 192, Loss: 0.0424, Time: 191.89s
Epoch 193, Loss: 0.0422, Time: 194.16s
Epoch 194, Loss: 0.0420, Time: 195.86s
Epoch 195, Loss: 0.0419, Time: 190.54s
Epoch 196, Loss: 0.0414, Time: 193.75s
Epoch 197, Loss: 0.0414, Time: 191.01s
Epoch 198, Loss: 0.0414, Time: 189.85s
Epoch 199, Loss: 0.0406, Time: 194.83s
Epoch 200, Loss: 0.0409, Time: 169.62s
Epoch 201, Loss: 0.0402, Time: 195.96s
Epoch 202, Loss: 0.0397, Time: 201.47s
Epoch 203, Loss: 0.0400, Time: 192.17s
Epoch 204, Loss: 0.0392, Time: 199.35s
Epoch 205, Loss: 0.0392, Time: 189.93s
Epoch 206, Loss: 0.0392, Time: 191.47s
Epoch 207, Loss: 0.0386, Time: 192.57s
Epoch 208, Loss: 0.0389, Time: 196.80s
Epoch 209, Loss: 0.0381, Time: 191.50s
Epoch 210, Loss: 0.0382, Time: 189.93s
Epoch 211, Loss: 0.0379, Time: 186.66s
Epoch 212, Loss: 0.0378, Time: 191.55s
Epoch 213, Loss: 0.0374, Time: 193.75s
Epoch 214, Loss: 0.0373, Time: 192.45s
Epoch 215, Loss: 0.0367, Time: 187.99s
Epoch 216, Loss: 0.0370, Time: 185.50s
Epoch 217, Loss: 0.0365, Time: 187.30s
Epoch 218, Loss: 0.0366, Time: 183.75s
Epoch 219, Loss: 0.0359, Time: 184.84s
Epoch 220, Loss: 0.0357, Time: 189.55s
Epoch 221, Loss: 0.0358, Time: 189.20s
Epoch 222, Loss: 0.0354, Time: 189.74s
Epoch 223, Loss: 0.0353, Time: 190.51s
Epoch 224, Loss: 0.0353, Time: 187.44s
Epoch 225, Loss: 0.0353, Time: 190.97s
Epoch 226, Loss: 0.0351, Time: 183.95s
Epoch 227, Loss: 0.0347, Time: 185.37s
Epoch 228, Loss: 0.0343, Time: 197.41s
Epoch 229, Loss: 0.0343, Time: 183.06s
Epoch 230, Loss: 0.0338, Time: 183.58s
Epoch 231, Loss: 0.0341, Time: 189.51s
Epoch 232, Loss: 0.0336, Time: 189.30s
Epoch 233, Loss: 0.0338, Time: 188.36s
Epoch 234, Loss: 0.0333, Time: 192.14s
Epoch 235, Loss: 0.0334, Time: 192.54s
Epoch 236, Loss: 0.0332, Time: 190.09s
Epoch 237, Loss: 0.0328, Time: 184.62s
Epoch 238, Loss: 0.0329, Time: 185.53s
Epoch 239, Loss: 0.0328, Time: 195.17s
Epoch 240, Loss: 0.0324, Time: 186.62s
Epoch 241, Loss: 0.0322, Time: 184.09s
Epoch 242, Loss: 0.0319, Time: 183.95s
Epoch 243, Loss: 0.0320, Time: 184.82s
Epoch 244, Loss: 0.0319, Time: 189.50s
Epoch 245, Loss: 0.0318, Time: 190.66s
Epoch 246, Loss: 0.0314, Time: 188.18s
Epoch 247, Loss: 0.0311, Time: 189.05s
Epoch 248, Loss: 0.0309, Time: 188.36s
Epoch 249, Loss: 0.0312, Time: 191.48s
Epoch 250, Loss: 0.0308, Time: 184.72s
Epoch 251, Loss: 0.0304, Time: 186.19s
Epoch 252, Loss: 0.0306, Time: 190.19s
Epoch 253, Loss: 0.0302, Time: 189.18s
Epoch 254, Loss: 0.0302, Time: 191.25s
Epoch 255, Loss: 0.0300, Time: 192.08s
Epoch 256, Loss: 0.0297, Time: 191.39s
Epoch 257, Loss: 0.0301, Time: 197.13s
Epoch 258, Loss: 0.0297, Time: 197.27s
Epoch 259, Loss: 0.0299, Time: 183.18s
Epoch 260, Loss: 0.0295, Time: 185.69s
Epoch 261, Loss: 0.0293, Time: 200.72s
Epoch 262, Loss: 0.0291, Time: 197.99s
Epoch 263, Loss: 0.0292, Time: 187.81s
Epoch 264, Loss: 0.0289, Time: 193.98s
Epoch 265, Loss: 0.0291, Time: 197.05s
Epoch 266, Loss: 0.0286, Time: 194.42s
Epoch 267, Loss: 0.0285, Time: 191.94s
Epoch 268, Loss: 0.0285, Time: 189.76s
Epoch 269, Loss: 0.0285, Time: 193.19s
Epoch 270, Loss: 0.0284, Time: 189.88s
Epoch 271, Loss: 0.0281, Time: 191.17s
Epoch 272, Loss: 0.0281, Time: 188.68s
Epoch 273, Loss: 0.0280, Time: 192.23s
Epoch 274, Loss: 0.0278, Time: 193.04s
Epoch 275, Loss: 0.0275, Time: 184.53s
Epoch 276, Loss: 0.0276, Time: 193.08s
Epoch 277, Loss: 0.0273, Time: 188.41s
Epoch 278, Loss: 0.0274, Time: 193.01s
Epoch 279, Loss: 0.0274, Time: 191.41s
Epoch 280, Loss: 0.0274, Time: 191.44s
Epoch 281, Loss: 0.0269, Time: 188.87s
Epoch 282, Loss: 0.0270, Time: 184.86s
Epoch 283, Loss: 0.0267, Time: 192.87s
Epoch 284, Loss: 0.0266, Time: 191.49s
Epoch 285, Loss: 0.0266, Time: 190.14s
Epoch 286, Loss: 0.0265, Time: 187.30s
Epoch 287, Loss: 0.0262, Time: 186.98s
Epoch 288, Loss: 0.0264, Time: 191.66s
Epoch 289, Loss: 0.0262, Time: 173.31s
Epoch 290, Loss: 0.0257, Time: 202.44s
Epoch 291, Loss: 0.0259, Time: 202.94s
Epoch 292, Loss: 0.0259, Time: 196.96s
Epoch 293, Loss: 0.0257, Time: 189.14s
Epoch 294, Loss: 0.0257, Time: 191.02s
Epoch 295, Loss: 0.0257, Time: 190.26s
Epoch 296, Loss: 0.0255, Time: 190.90s
Epoch 297, Loss: 0.0252, Time: 191.10s
Epoch 298, Loss: 0.0251, Time: 184.49s
Epoch 299, Loss: 0.0255, Time: 189.86s
Epoch 300, Loss: 0.0248, Time: 189.83s
モデルを保存しました。

==== Testデータセット評価 ====
平均配列回収率 (Recall): 0.3484
平均グローバルアライメントスコア (Identity): 0.4499
平均ローカルアライメントスコア (Identity): 0.7154

==== Trainデータセット評価 ====
平均配列回収率 (Recall): 0.5358
平均グローバルアライメントスコア (Identity): 0.5259
平均ローカルアライメントスコア (Identity): 0.9204
