/home/slab/ishiiayuka/.pyenv/versions/anaconda3-2023.03/envs/deepclip/lib/python2.7/site-packages/theano/tensor/signal/downsample.py:6: UserWarning: downsample module has been moved to the theano.tensor.signal.pool module.
  "downsample module has been moved to the theano.tensor.signal.pool module.")
/home/slab/ishiiayuka/.pyenv/versions/anaconda3-2023.03/envs/deepclip/lib/python2.7/site-packages/lasagne/theano_extensions/conv.py:66: UserWarning: The `image_shape` keyword argument to `tensor.nnet.conv2d` is deprecated, it has been renamed to `input_shape`.
  border_mode=border_mode)
[WARN] モデルファイルが見つかりません: models/RNCMPT/RNCMPT00291_RNCMPT.pkl
[WARN] モデルファイルが見つかりません: models/RNCMPT/RNCMPT00123_RNCMPT.pkl
[WARN] モデルファイルが見つかりません: models/RNCMPT/RNCMPT00265_RNCMPT.pkl
[WARN] モデルファイルが見つかりません: models/RNCMPT/RNCMPT00287_RNCMPT.pkl
[WARN] モデルファイルが見つかりません: models/RNCMPT/RNCMPT00270_RNCMPT.pkl
[WARN] モデルファイルが見つかりません: models/RNCMPT/RNCMPT00114_RNCMPT.pkl
[WARN] モデルファイルが見つかりません: models/RNCMPT/RNCMPT00003_RNCMPT.pkl
[WARN] モデルファイルが見つかりません: models/RNCMPT/RNCMPT00180_RNCMPT.pkl
[WARN] モデルファイルが見つかりません: models/RNCMPT/RNCMPT00284_RNCMPT.pkl
[WARN] モデルファイルが見つかりません: models/RNCMPT/RNCMPT00134_RNCMPT.pkl
[WARN] モデルファイルが見つかりません: models/RNCMPT/RNCMPT00122_RNCMPT.pkl
[WARN] モデルファイルが見つかりません: models/RNCMPT/RNCMPT00129_RNCMPT.pkl
[WARN] モデルファイルが見つかりません: models/RNCMPT/RNCMPT00006_RNCMPT.pkl
[WARN] モデルファイルが見つかりません: models/RNCMPT/RNCMPT00131_RNCMPT.pkl
[WARN] モデルファイルが見つかりません: models/RNCMPT/RNCMPT00147_RNCMPT.pkl
[WARN] モデルファイルが見つかりません: models/RNCMPT/RNCMPT00007_RNCMPT.pkl
[WARN] モデルファイルが見つかりません: models/RNCMPT/RNCMPT00009_RNCMPT.pkl
[WARN] モデルファイルが見つかりません: models/RNCMPT/RNCMPT00010_RNCMPT.pkl
[WARN] モデルファイルが見つかりません: models/RNCMPT/RNCMPT00146_RNCMPT.pkl
[WARN] モデルファイルが見つかりません: models/RNCMPT/RNCMPT00144_RNCMPT.pkl
[WARN] モデルファイルが見つかりません: models/RNCMPT/RNCMPT00008_RNCMPT.pkl
[WARN] モデルファイルが見つかりません: models/RNCMPT/RNCMPT00133_RNCMPT.pkl
[WARN] モデルファイルが見つかりません: models/RNCMPT/RNCMPT00273_RNCMPT.pkl
[WARN] モデルファイルが見つかりません: models/RNCMPT/RNCMPT00121_RNCMPT.pkl
[WARN] モデルファイルが見つかりません: models/RNCMPT/RNCMPT00183_RNCMPT.pkl
[WARN] モデルファイルが見つかりません: models/RNCMPT/RNCMPT00014_RNCMPT.pkl
[WARN] モデルファイルが見つかりません: models/RNCMPT/RNCMPT00015_RNCMPT.pkl
[WARN] モデルファイルが見つかりません: models/RNCMPT/RNCMPT00120_RNCMPT.pkl
[WARN] モデルファイルが見つかりません: models/RNCMPT/RNCMPT00017_RNCMPT.pkl
[WARN] モデルファイルが見つかりません: models/RNCMPT/RNCMPT00245_RNCMPT.pkl
[WARN] モデルファイルが見つかりません: models/RNCMPT/RNCMPT00288_RNCMPT.pkl
[WARN] モデルファイルが見つかりません: models/RNCMPT/RNCMPT00289_RNCMPT.pkl
[WARN] モデルファイルが見つかりません: models/RNCMPT/RNCMPT00118_RNCMPT.pkl
[WARN] モデルファイルが見つかりません: models/RNCMPT/RNCMPT00028_RNCMPT.pkl
[WARN] モデルファイルが見つかりません: models/RNCMPT/RNCMPT00093_RNCMPT.pkl
[WARN] モデルファイルが見つかりません: models/RNCMPT/RNCMPT00029_RNCMPT.pkl
[WARN] モデルファイルが見つかりません: models/RNCMPT/RNCMPT00095_RNCMPT.pkl
[WARN] モデルファイルが見つかりません: models/RNCMPT/RNCMPT00096_RNCMPT.pkl
[WARN] モデルファイルが見つかりません: models/RNCMPT/RNCMPT00094_RNCMPT.pkl
[WARN] モデルファイルが見つかりません: models/RNCMPT/RNCMPT00031_RNCMPT.pkl
[WARN] モデルファイルが見つかりません: models/RNCMPT/RNCMPT00062_RNCMPT.pkl
[WARN] モデルファイルが見つかりません: models/RNCMPT/RNCMPT00035_RNCMPT.pkl
[WARN] モデルファイルが見つかりません: models/RNCMPT/RNCMPT00097_RNCMPT.pkl
[WARN] モデルファイルが見つかりません: models/RNCMPT/RNCMPT00124_RNCMPT.pkl
[WARN] モデルファイルが見つかりません: models/RNCMPT/RNCMPT00212_RNCMPT.pkl
[WARN] モデルファイルが見つかりません: models/RNCMPT/RNCMPT00223_RNCMPT.pkl
[WARN] モデルファイルが見つかりません: models/RNCMPT/RNCMPT00254_RNCMPT.pkl
[WARN] モデルファイルが見つかりません: models/RNCMPT/RNCMPT00255_RNCMPT.pkl
[WARN] モデルファイルが見つかりません: models/RNCMPT/RNCMPT00234_RNCMPT.pkl
[WARN] モデルファイルが見つかりません: models/RNCMPT/RNCMPT00197_RNCMPT.pkl
[WARN] モデルファイルが見つかりません: models/RNCMPT/RNCMPT00181_RNCMPT.pkl
[WARN] モデルファイルが見つかりません: models/RNCMPT/RNCMPT00039_RNCMPT.pkl
[WARN] モデルファイルが見つかりません: models/RNCMPT/RNCMPT00140_RNCMPT.pkl
[WARN] モデルファイルが見つかりません: models/RNCMPT/RNCMPT00040_RNCMPT.pkl
[WARN] モデルファイルが見つかりません: models/RNCMPT/RNCMPT00100_RNCMPT.pkl
[WARN] モデルファイルが見つかりません: models/RNCMPT/RNCMPT00099_RNCMPT.pkl
[WARN] モデルファイルが見つかりません: models/RNCMPT/RNCMPT00137_RNCMPT.pkl
[WARN] モデルファイルが見つかりません: models/RNCMPT/RNCMPT00042_RNCMPT.pkl
[WARN] モデルファイルが見つかりません: models/RNCMPT/RNCMPT00238_RNCMPT.pkl
[WARN] モデルファイルが見つかりません: models/RNCMPT/RNCMPT00209_RNCMPT.pkl
[WARN] モデルファイルが見つかりません: models/RNCMPT/RNCMPT00261_RNCMPT.pkl
[WARN] モデルファイルが見つかりません: models/RNCMPT/RNCMPT00278_RNCMPT.pkl
[WARN] モデルファイルが見つかりません: models/RNCMPT/RNCMPT00126_RNCMPT.pkl
[WARN] モデルファイルが見つかりません: models/RNCMPT/RNCMPT00262_RNCMPT.pkl
[WARN] モデルファイルが見つかりません: models/RNCMPT/RNCMPT00263_RNCMPT.pkl
[WARN] モデルファイルが見つかりません: models/RNCMPT/RNCMPT00139_RNCMPT.pkl
[WARN] モデルファイルが見つかりません: models/RNCMPT/RNCMPT00011_RNCMPT.pkl
[WARN] モデルファイルが見つかりません: models/RNCMPT/RNCMPT00239_RNCMPT.pkl
[WARN] モデルファイルが見つかりません: models/RNCMPT/RNCMPT00246_RNCMPT.pkl
[WARN] モデルファイルが見つかりません: models/RNCMPT/RNCMPT00215_RNCMPT.pkl
[WARN] モデルファイルが見つかりません: models/RNCMPT/RNCMPT00199_RNCMPT.pkl
[WARN] モデルファイルが見つかりません: models/RNCMPT/RNCMPT00240_RNCMPT.pkl
[WARN] モデルファイルが見つかりません: models/RNCMPT/RNCMPT00200_RNCMPT.pkl
[WARN] モデルファイルが見つかりません: models/RNCMPT/RNCMPT00235_RNCMPT.pkl
[WARN] モデルファイルが見つかりません: models/RNCMPT/RNCMPT00202_RNCMPT.pkl
[WARN] モデルファイルが見つかりません: models/RNCMPT/RNCMPT00203_RNCMPT.pkl
[WARN] モデルファイルが見つかりません: models/RNCMPT/RNCMPT00206_RNCMPT.pkl
[WARN] モデルファイルが見つかりません: models/RNCMPT/RNCMPT00228_RNCMPT.pkl
[WARN] モデルファイルが見つかりません: models/RNCMPT/RNCMPT00229_RNCMPT.pkl
[WARN] モデルファイルが見つかりません: models/RNCMPT/RNCMPT00237_RNCMPT.pkl
[WARN] モデルファイルが見つかりません: models/RNCMPT/RNCMPT00249_RNCMPT.pkl
[WARN] モデルファイルが見つかりません: models/RNCMPT/RNCMPT00141_RNCMPT.pkl
[WARN] モデルファイルが見つかりません: models/RNCMPT/RNCMPT00101_RNCMPT.pkl
[WARN] モデルファイルが見つかりません: models/RNCMPT/RNCMPT00102_RNCMPT.pkl
[WARN] モデルファイルが見つかりません: models/RNCMPT/RNCMPT00103_RNCMPT.pkl
[WARN] モデルファイルが見つかりません: models/RNCMPT/RNCMPT00104_RNCMPT.pkl
[WARN] モデルファイルが見つかりません: models/RNCMPT/RNCMPT00105_RNCMPT.pkl
[WARN] モデルファイルが見つかりません: models/RNCMPT/RNCMPT00046_RNCMPT.pkl
[WARN] モデルファイルが見つかりません: models/RNCMPT/RNCMPT00142_RNCMPT.pkl
[WARN] モデルファイルが見つかりません: models/RNCMPT/RNCMPT00285_RNCMPT.pkl
[WARN] RNA配列が見つかりません (id=RNCMPT00051)
[WARN] モデルファイルが見つかりません: models/RNCMPT/RNCMPT00283_RNCMPT.pkl
[WARN] モデルファイルが見つかりません: models/RNCMPT/RNCMPT00248_RNCMPT.pkl
[WARN] モデルファイルが見つかりません: models/RNCMPT/RNCMPT00282_RNCMPT.pkl
[WARN] モデルファイルが見つかりません: models/RNCMPT/RNCMPT00279_RNCMPT.pkl
[WARN] モデルファイルが見つかりません: models/RNCMPT/RNCMPT00280_RNCMPT.pkl
[WARN] モデルファイルが見つかりません: models/RNCMPT/RNCMPT00058_RNCMPT.pkl
[WARN] モデルファイルが見つかりません: models/RNCMPT/RNCMPT00127_RNCMPT.pkl
[WARN] モデルファイルが見つかりません: models/RNCMPT/RNCMPT00132_RNCMPT.pkl
[WARN] モデルファイルが見つかりません: models/RNCMPT/RNCMPT00059_RNCMPT.pkl
[WARN] モデルファイルが見つかりません: models/RNCMPT/RNCMPT00138_RNCMPT.pkl
[WARN] モデルファイルが見つかりません: models/RNCMPT/RNCMPT00060_RNCMPT.pkl
[WARN] モデルファイルが見つかりません: models/RNCMPT/RNCMPT00205_RNCMPT.pkl
[WARN] モデルファイルが見つかりません: models/RNCMPT/RNCMPT00148_RNCMPT.pkl
[WARN] モデルファイルが見つかりません: models/RNCMPT/RNCMPT00061_RNCMPT.pkl
[WARN] モデルファイルが見つかりません: models/RNCMPT/RNCMPT00065_RNCMPT.pkl
[WARN] モデルファイルが見つかりません: models/RNCMPT/RNCMPT00066_RNCMPT.pkl
[WARN] モデルファイルが見つかりません: models/RNCMPT/RNCMPT00224_RNCMPT.pkl
[WARN] モデルファイルが見つかりません: models/RNCMPT/RNCMPT00174_RNCMPT.pkl
[WARN] モデルファイルが見つかりません: models/RNCMPT/RNCMPT00175_RNCMPT.pkl
[WARN] モデルファイルが見つかりません: models/RNCMPT/RNCMPT00068_RNCMPT.pkl
[WARN] モデルファイルが見つかりません: models/RNCMPT/RNCMPT00069_RNCMPT.pkl
[WARN] モデルファイルが見つかりません: models/RNCMPT/RNCMPT00232_RNCMPT.pkl
[WARN] モデルファイルが見つかりません: models/RNCMPT/RNCMPT00145_RNCMPT.pkl
[WARN] モデルファイルが見つかりません: models/RNCMPT/RNCMPT00143_RNCMPT.pkl
[WARN] モデルファイルが見つかりません: models/RNCMPT/RNCMPT00272_RNCMPT.pkl
[WARN] モデルファイルが見つかりません: models/RNCMPT/RNCMPT00179_RNCMPT.pkl
[WARN] モデルファイルが見つかりません: models/RNCMPT/RNCMPT00182_RNCMPT.pkl
[WARN] モデルファイルが見つかりません: models/RNCMPT/RNCMPT00119_RNCMPT.pkl
[WARN] モデルファイルが見つかりません: models/RNCMPT/RNCMPT00281_RNCMPT.pkl
[WARN] モデルファイルが見つかりません: models/RNCMPT/RNCMPT00216_RNCMPT.pkl
[WARN] モデルファイルが見つかりません: models/RNCMPT/RNCMPT00217_RNCMPT.pkl
[WARN] モデルファイルが見つかりません: models/RNCMPT/RNCMPT00218_RNCMPT.pkl
[WARN] モデルファイルが見つかりません: models/RNCMPT/RNCMPT00219_RNCMPT.pkl
[WARN] モデルファイルが見つかりません: models/RNCMPT/RNCMPT00220_RNCMPT.pkl
[WARN] モデルファイルが見つかりません: models/RNCMPT/RNCMPT00230_RNCMPT.pkl
[WARN] モデルファイルが見つかりません: models/RNCMPT/RNCMPT00251_RNCMPT.pkl
[WARN] モデルファイルが見つかりません: models/RNCMPT/RNCMPT00252_RNCMPT.pkl
[WARN] モデルファイルが見つかりません: models/RNCMPT/RNCMPT00253_RNCMPT.pkl
[WARN] モデルファイルが見つかりません: models/RNCMPT/RNCMPT00256_RNCMPT.pkl
[WARN] モデルファイルが見つかりません: models/RNCMPT/RNCMPT00005_RNCMPT.pkl
[WARN] モデルファイルが見つかりません: models/RNCMPT/RNCMPT00225_RNCMPT.pkl
[WARN] モデルファイルが見つかりません: models/RNCMPT/RNCMPT00078_RNCMPT.pkl
[WARN] モデルファイルが見つかりません: models/RNCMPT/RNCMPT00226_RNCMPT.pkl
[WARN] モデルファイルが見つかりません: models/RNCMPT/RNCMPT00236_RNCMPT.pkl
[WARN] モデルファイルが見つかりません: models/RNCMPT/RNCMPT00257_RNCMPT.pkl
[WARN] モデルファイルが見つかりません: models/RNCMPT/RNCMPT00258_RNCMPT.pkl
[WARN] モデルファイルが見つかりません: models/RNCMPT/RNCMPT00259_RNCMPT.pkl
[WARN] モデルファイルが見つかりません: models/RNCMPT/RNCMPT00080_RNCMPT.pkl
[WARN] モデルファイルが見つかりません: models/RNCMPT/RNCMPT00081_RNCMPT.pkl
[WARN] モデルファイルが見つかりません: models/RNCMPT/RNCMPT00111_RNCMPT.pkl
[WARN] モデルファイルが見つかりません: models/RNCMPT/RNCMPT00082_RNCMPT.pkl
