id,protein_name,score
 Making prediction function ...finished in 25.155s
 Predicting . . .done, completed 1 predictions.
Q9NQ94,A1CF,0.000007
 Making prediction function ...finished in 21.080s
 Predicting . . .done, completed 1 predictions.
Q9UKV8,AGO2,0.388213
 Making prediction function ...finished in 21.424s
 Predicting . . .done, completed 1 predictions.
Q6P6C2,ALKBH5,0.330213
 Making prediction function ...finished in 19.207s
 Predicting . . .done, completed 1 predictions.
Q53F19,C17ORF85,0.245424
 Making prediction function ...finished in 20.882s
 Predicting . . .done, completed 1 predictions.
Q9Y3I0,C22ORF28,0.196770
 Making prediction function ...finished in 22.357s
 Predicting . . .done, completed 1 predictions.
Q14444,CAPRIN1,0.000000
 Making prediction function ...finished in 21.021s
 Predicting . . .done, completed 1 predictions.
Q9BZC1,CELF4,0.000001
 Making prediction function ...finished in 20.793s
 Predicting . . .done, completed 1 predictions.
Q8N6W0,CELF5,0.000000
 Making prediction function ...finished in 20.792s
 Predicting . . .done, completed 1 predictions.
Q96J87,CELF6,0.344083
 Making prediction function ...finished in 20.924s
 Predicting . . .done, completed 1 predictions.
O95628,CNOT4,0.500000
 Making prediction function ...finished in 22.125s
 Predicting . . .done, completed 1 predictions.
Q7Z5Q1,CPEB2,0.500000
 Making prediction function ...finished in 21.920s
 Predicting . . .done, completed 1 predictions.
Q17RY0,CPEB4,0.500000
 Making prediction function ...finished in 20.889s
 Predicting . . .done, completed 1 predictions.
Q96EP5,DAZAP1,0.500000
 Making prediction function ...finished in 21.005s
 Predicting . . .done, completed 1 predictions.
Q15717,ELAVL1,0.166274
 Making prediction function ...finished in 20.808s
 Predicting . . .done, completed 1 predictions.
Q8TC92,ENOX1,0.002544
 Making prediction function ...finished in 21.200s
 Predicting . . .done, completed 1 predictions.
Q9H6T0,ESRP2,0.972008
 Making prediction function ...finished in 20.971s
 Predicting . . .done, completed 1 predictions.
Q01844,EWSR1,0.988596
 Making prediction function ...finished in 20.723s
 Predicting . . .done, completed 1 predictions.
Q06787,FMR1,0.088966
 Making prediction function ...finished in 21.471s
 Predicting . . .done, completed 1 predictions.
Q96I24,FUBP3,0.001309
 Making prediction function ...finished in 20.958s
 Predicting . . .done, completed 1 predictions.
P35637,FUS,0.000370
 Making prediction function ...finished in 20.849s
 Predicting . . .done, completed 1 predictions.
P51114,FXR1,0.034830
 Making prediction function ...finished in 20.872s
 Predicting . . .done, completed 1 predictions.
P51116,FXR2,0.437272
 Making prediction function ...finished in 20.915s
 Predicting . . .done, completed 1 predictions.
Q13283,G3BP1,0.500000
 Making prediction function ...finished in 20.658s
 Predicting . . .done, completed 1 predictions.
Q9UN86,G3BP2,0.500000
 Making prediction function ...finished in 21.702s
 Predicting . . .done, completed 1 predictions.
Q12849,GRSF1,0.500000
 Making prediction function ...finished in 21.189s
 Predicting . . .done, completed 1 predictions.
P09651,HNRNPA1,0.500000
 Making prediction function ...finished in 22.878s
 Predicting . . .done, completed 1 predictions.
Q32P51,HNRNPA1L2,0.000262
 Making prediction function ...finished in 21.000s
 Predicting . . .done, completed 1 predictions.
P22626,HNRNPA2B1,0.016271
 Making prediction function ...finished in 20.932s
 Predicting . . .done, completed 1 predictions.
P07910,HNRNPC,0.127553
 Making prediction function ...finished in 21.018s
 Predicting . . .done, completed 1 predictions.
O60812,HNRNPCL1,0.002259
 Making prediction function ...finished in 21.028s
 Predicting . . .done, completed 1 predictions.
P55795,HNRNPH2,0.936308
 Making prediction function ...finished in 20.751s
 Predicting . . .done, completed 1 predictions.
P61978,HNRNPK,0.500000
 Making prediction function ...finished in 20.788s
 Predicting . . .done, completed 1 predictions.
P14866,HNRNPL,0.045921
 Making prediction function ...finished in 21.299s
 Predicting . . .done, completed 1 predictions.
Q8WVV9,HNRNPLL,0.305857
 Making prediction function ...finished in 21.036s
 Predicting . . .done, completed 1 predictions.
P52272,HNRNPM,0.002328
 Making prediction function ...finished in 21.375s
 Predicting . . .done, completed 1 predictions.
Q00839,HNRNPU,0.155373
 Making prediction function ...finished in 21.018s
 Predicting . . .done, completed 1 predictions.
Q9BUJ2,HNRNPUL1,0.500000
 Making prediction function ...finished in 21.732s
 Predicting . . .done, completed 1 predictions.
Q9NZI8,IGF2BP1,0.389982
 Making prediction function ...finished in 21.019s
 Predicting . . .done, completed 1 predictions.
Q9Y6M1,IGF2BP2,0.000284
 Making prediction function ...finished in 21.552s
 Predicting . . .done, completed 1 predictions.
Q96M15,IGF2BP2,0.592497
 Making prediction function ...finished in 20.997s
 Predicting . . .done, completed 1 predictions.
O00425,IGF2BP3,0.657717
 Making prediction function ...finished in 20.783s
 Predicting . . .done, completed 1 predictions.
Q12906,ILF3,0.135017
 Making prediction function ...finished in 20.722s
 Predicting . . .done, completed 1 predictions.
Q07666,KHDRBS1,0.000117
 Making prediction function ...finished in 21.972s
 Predicting . . .done, completed 1 predictions.
Q5VWX1,KHDRBS2,0.033389
 Making prediction function ...finished in 21.493s
 Predicting . . .done, completed 1 predictions.
O75525,KHDRBS3,0.000860
 Making prediction function ...finished in 23.307s
 Predicting . . .done, completed 1 predictions.
Q92945,KHSRP,0.173324
 Making prediction function ...finished in 20.772s
 Predicting . . .done, completed 1 predictions.
Q71RC2,LARP4,0.571871
 Making prediction function ...finished in 20.853s
 Predicting . . .done, completed 1 predictions.
Q4G0J3,LARP7,0.602001
 Making prediction function ...finished in 20.921s
 Predicting . . .done, completed 1 predictions.
Q9H9Z2,LIN28A,0.005204
 Making prediction function ...finished in 21.038s
 Predicting . . .done, completed 1 predictions.
P43243,MATR3,0.000000
 Making prediction function ...finished in 20.991s
 Predicting . . .done, completed 1 predictions.
Q9NR56,MBNL1,0.015884
 Making prediction function ...finished in 20.752s
 Predicting . . .done, completed 1 predictions.
O43347,MSI1,0.000011
 Making prediction function ...finished in 20.834s
 Predicting . . .done, completed 1 predictions.
Q15233,NONO,0.500000
 Making prediction function ...finished in 21.207s
 Predicting . . .done, completed 1 predictions.
P11940,PABPC1,0.500000
 Making prediction function ...finished in 22.847s
 Predicting . . .done, completed 1 predictions.
Q9H361,PABPC3,0.500000
 Making prediction function ...finished in 20.840s
 Predicting . . .done, completed 1 predictions.
Q13310,PABPC4,0.500000
 Making prediction function ...finished in 20.951s
 Predicting . . .done, completed 1 predictions.
Q96DU9,PABPC5,0.995482
 Making prediction function ...finished in 20.901s
 Predicting . . .done, completed 1 predictions.
Q86U42,PABPN1,0.683637
 Making prediction function ...finished in 21.214s
 Predicting . . .done, completed 1 predictions.
Q15365,PCBP1,0.309473
 Making prediction function ...finished in 20.827s
 Predicting . . .done, completed 1 predictions.
Q15366,PCBP2,0.539420
 Making prediction function ...finished in 21.269s
 Predicting . . .done, completed 1 predictions.
P26599,PTBP1,0.913808
 Making prediction function ...finished in 21.645s
 Predicting . . .done, completed 1 predictions.
Q96PU8,QKI,0.000187
 Making prediction function ...finished in 21.801s
 Predicting . . .done, completed 1 predictions.
Q9UKM9,RALY,0.136132
 Making prediction function ...finished in 20.718s
 Predicting . . .done, completed 1 predictions.
Q9NWB1,RBFOX1,0.500000
 Making prediction function ...finished in 20.972s
 Predicting . . .done, completed 1 predictions.
O43251,RBFOX2,0.500000
 Making prediction function ...finished in 21.306s
 Predicting . . .done, completed 1 predictions.
P98179,RBM3,0.500000
 Making prediction function ...finished in 20.951s
 Predicting . . .done, completed 1 predictions.
Q9BWF3,RBM4,0.000000
 Making prediction function ...finished in 22.432s
 Predicting . . .done, completed 1 predictions.
P52756,RBM5,0.961898
 Making prediction function ...finished in 21.083s
 Predicting . . .done, completed 1 predictions.
Q9Y5S9,RBM8A,0.000226
 Making prediction function ...finished in 21.407s
 Predicting . . .done, completed 1 predictions.
Q96T37,RBM15,0.619014
 Making prediction function ...finished in 21.016s
 Predicting . . .done, completed 1 predictions.
Q9NW64,RBM22,0.010407
 Making prediction function ...finished in 20.828s
 Predicting . . .done, completed 1 predictions.
Q9BX46,RBM24,0.003610
 Making prediction function ...finished in 20.848s
 Predicting . . .done, completed 1 predictions.
Q9NW13,RBM28,0.000002
 Making prediction function ...finished in 22.592s
 Predicting . . .done, completed 1 predictions.
Q96IZ5,RBM41,0.000020
 Making prediction function ...finished in 21.496s
 Predicting . . .done, completed 1 predictions.
Q9BTD8,RBM42,0.000119
 Making prediction function ...finished in 20.904s
 Predicting . . .done, completed 1 predictions.
Q8IUH3,RBM45,0.498180
 Making prediction function ...finished in 22.084s
 Predicting . . .done, completed 1 predictions.
Q8TBY0,RBM46,0.999658
 Making prediction function ...finished in 20.769s
 Predicting . . .done, completed 1 predictions.
P29558,RBMS1,0.005008
 Making prediction function ...finished in 22.254s
 Predicting . . .done, completed 1 predictions.
Q6XE24,RBMS3,0.002546
 Making prediction function ...finished in 20.674s
 Predicting . . .done, completed 1 predictions.
Q9UPU9,SAMD4A,0.573472
 Making prediction function ...finished in 21.053s
 Predicting . . .done, completed 1 predictions.
Q15020,SART3,0.752478
 Making prediction function ...finished in 21.133s
 Predicting . . .done, completed 1 predictions.
Q12874,SF3A3,0.013836
 Making prediction function ...finished in 20.662s
 Predicting . . .done, completed 1 predictions.
Q15427,SF3B4,0.034820
 Making prediction function ...finished in 21.247s
 Predicting . . .done, completed 1 predictions.
P23246,SFPQ,0.000003
 Making prediction function ...finished in 20.823s
 Predicting . . .done, completed 1 predictions.
P08621,SNRNP70,0.000587
 Making prediction function ...finished in 20.740s
 Predicting . . .done, completed 1 predictions.
P09012,SNRPA,0.003669
 Making prediction function ...finished in 20.765s
 Predicting . . .done, completed 1 predictions.
Q07955,SRSF1,0.010142
 Making prediction function ...finished in 20.779s
 Predicting . . .done, completed 1 predictions.
Q01130,SRSF2,0.053784
 Making prediction function ...finished in 20.829s
 Predicting . . .done, completed 1 predictions.
Q13243,SRSF5,0.102685
 Making prediction function ...finished in 20.732s
 Predicting . . .done, completed 1 predictions.
Q13247,SRSF6,0.640531
 Making prediction function ...finished in 20.774s
 Predicting . . .done, completed 1 predictions.
Q16629,SRSF7,0.854344
 Making prediction function ...finished in 20.722s
 Predicting . . .done, completed 1 predictions.
Q13242,SRSF9,0.462250
 Making prediction function ...finished in 20.877s
 Predicting . . .done, completed 1 predictions.
O75494,SRSF10,0.999735
 Making prediction function ...finished in 21.528s
 Predicting . . .done, completed 1 predictions.
Q92804,TAF15,0.000000
 Making prediction function ...finished in 22.264s
 Predicting . . .done, completed 1 predictions.
Q16514,TAF15,0.007315
 Making prediction function ...finished in 21.264s
 Predicting . . .done, completed 1 predictions.
Q13148,TARDBP,0.272761
 Making prediction function ...finished in 21.064s
 Predicting . . .done, completed 1 predictions.
P31483,TIA1,0.698879
 Making prediction function ...finished in 20.793s
 Predicting . . .done, completed 1 predictions.
Q01085,TIAL1,0.819749
 Making prediction function ...finished in 21.322s
 Predicting . . .done, completed 1 predictions.
Q13595,TRA2A,0.500000
 Making prediction function ...finished in 21.046s
 Predicting . . .done, completed 1 predictions.
P62995,TRA2B,0.500000
 Making prediction function ...finished in 20.738s
 Predicting . . .done, completed 1 predictions.
Q9H6E5,TUT1,0.000000
 Making prediction function ...finished in 20.948s
 Predicting . . .done, completed 1 predictions.
Q01081,U2AF1,0.500000
 Making prediction function ...finished in 23.092s
 Predicting . . .done, completed 1 predictions.
Q8WU68,U2AF1,0.500000
 Making prediction function ...finished in 20.830s
 Predicting . . .done, completed 1 predictions.
Q15696,U2AF1,0.478656
 Making prediction function ...finished in 21.023s
 Predicting . . .done, completed 1 predictions.
Q15695,U2AF1,0.508521
 Making prediction function ...finished in 23.072s
 Predicting . . .done, completed 1 predictions.
P26368,U2AF2,0.500000
 Making prediction function ...finished in 20.897s
 Predicting . . .done, completed 1 predictions.
P67809,YBX1,0.002197
 Making prediction function ...finished in 21.052s
 Predicting . . .done, completed 1 predictions.
Q9Y2T7,YBX2,0.424636
 Making prediction function ...finished in 21.066s
 Predicting . . .done, completed 1 predictions.
Q96K80,ZC3H10,0.669726
 Making prediction function ...finished in 21.124s
 Predicting . . .done, completed 1 predictions.
Q6PJT7,ZC3H14,0.797067
 Making prediction function ...finished in 21.464s
 Predicting . . .done, completed 1 predictions.
Q9UGR2,ZC3H7B,0.071258
 Making prediction function ...finished in 20.924s
 Predicting . . .done, completed 1 predictions.
Q8TBF4,ZCRB1,0.008936
