Q9NQ94	A1CF	0.010
Q9BZC1	CELF4	0.000
Q8N6W0	CELF5	0.000
Q96J87	CELF6	0.000
O95628	CNOT4	0.230
Q7Z5Q1	CPEB2	0.000
Q17RY0	CPEB4	0.000
Q96EP5	DAZAP1	0.040
Q15717	ELAVL1	0.000
Q8TC92	ENOX1	0.050
Q9H6T0	ESRP2	0.040
Q06787	FMR1	0.150
P35637	FUS	0.000
P51114	FXR1	0.000
P51116	FXR2	0.000
Q9UN86	G3BP2	0.000
P09651	HNRNPA1	0.130
Q32P51	HNRNPA1L2	0.210
P22626	HNRNPA2B1	0.090
P07910	HNRNPC	0.020
O60812	HNRNPCL1	0.000
P55795	HNRNPH2	0.130
P61978	HNRNPK	0.040
P14866	HNRNPL	0.230
P14866	HNRNPL	0.210
Q8WVV9	HNRNPLL	0.200
Q9Y6M1	IGF2BP2	0.670
O00425	IGF2BP3	0.110
Q07666	KHDRBS1	0.260
Q5VWX1	KHDRBS2	0.280
O75525	KHDRBS3	0.210
Q9H9Z2	LIN28A	0.010
Q9H9Z2	LIN28A	0.010
P43243	MATR3	0.000
Q9NR56	MBNL1	0.020
O43347	MSI1	0.010
O43347	MSI1	0.010
P11940	PABPC1	0.370
Q9H361	PABPC3	0.390
Q13310	PABPC4	0.530
Q96DU9	PABPC5	0.500
Q86U42	PABPN1	0.300
Q15365	PCBP1	0.050
Q15366	PCBP2	0.010
P26599	PTBP1	0.000
P26599	PTBP1	0.000
Q96PU8	QKI	0.010
Q9UKM9	RALY	0.000
Q9NWB1	RBFOX1	0.000
P98179	RBM3	0.300
Q9BWF3	RBM4	0.000
Q9BWF3	RBM4	0.190
P52756	RBM5	0.240
P52756	RBM5	0.020
Q9Y5S9	RBM8A	0.010
Q9BX46	RBM24	0.000
Q9NW13	RBM28	0.000
Q96IZ5	RBM41	0.000
Q9BTD8	RBM42	0.000
Q8IUH3	RBM45	0.010
Q8TBY0	RBM46	0.000
P29558	RBMS1	0.000
Q6XE24	RBMS3	0.010
Q6XE24	RBMS3	0.000
Q9UPU9	SAMD4A	0.240
Q15020	SART3	0.580
P23246	SFPQ	0.000
P08621	SNRNP70	0.000
P09012	SNRPA	0.040
Q07955	SRSF1	0.120
Q01130	SRSF2	0.050
Q16629	SRSF7	0.140
Q13242	SRSF9	0.150
Q13242	SRSF9	0.220
O75494	SRSF10	0.090
O75494	SRSF10	0.030
O75494	SRSF10	0.050
O75494	SRSF10	0.200
Q13148	TARDBP	0.000
P31483	TIA1	0.000
P31483	TIA1	0.000
Q9H6E5	TUT1	0.010
Q15696	U2AF2	0.010
P67809	YBX1	0.550
P67809	YBX1	0.020
Q9Y2T7	YBX2	0.160
Q96K80	ZC3H10	0.540
Q6PJT7	ZC3H14	0.040
Q8TBF4	ZCRB1	0.310
