RNCMPT00001	A1CF	0.040
RNCMPT00002	ANKHD1	0.100
RNCMPT00004	BRUNOL4	0.000
RNCMPT00166	BRUNOL5	0.000
RNCMPT00187	BRUNOL6	0.000
RNCMPT00156	CNOT4	0.220
RNCMPT00012	CPEB2	0.050
RNCMPT00158	CPEB4	0.120
RNCMPT00013	DAZAP1	0.170
RNCMPT00149	ENOX1	0.400
RNCMPT00150	ESRP2	0.030
RNCMPT00016	FMR1	0.280
RNCMPT00018	FUS	0.110
RNCMPT00161	FXR1	0.180
RNCMPT00020	FXR2	0.050
RNCMPT00021	G3BP2	0.090
RNCMPT00022	HNRNPA1	0.060
RNCMPT00023	HNRNPA1L2	0.200
RNCMPT00024	HNRNPA2B1	0.130
RNCMPT00025	HNRNPC	0.110
RNCMPT00167	HNRNPCL1	0.300
RNCMPT00160	HNRNPH2	0.150
RNCMPT00026	HNRNPK	0.270
RNCMPT00027	HNRNPL	0.340
RNCMPT00091	HNRNPL	0.300
RNCMPT00178	HNRPLL	0.410
RNCMPT00112	HuR	0.010
RNCMPT00117	HuR	0.040
RNCMPT00136	HuR	0.010
RNCMPT00032	HuR	0.000
RNCMPT00274	HuR	0.000
RNCMPT00033	IGF2BP2	0.350
RNCMPT00172	IGF2BP3	0.050
RNCMPT00169	KHDRBS1	0.100
RNCMPT00185	KHDRBS2	0.000
RNCMPT00034	KHDRBS3	0.040
RNCMPT00036	LIN28A	0.280
RNCMPT00162	LIN28A	0.320
RNCMPT00037	MATR3	0.090
RNCMPT00038	MBNL1	0.050
RNCMPT00041	MSI1	0.010
RNCMPT00176	MSI1	0.020
RNCMPT00155	PABPC1	0.150
RNCMPT00153	PABPC3	0.090
RNCMPT00043	PABPC4	0.360
RNCMPT00171	PABPC5	0.130
RNCMPT00157	PABPN1	0.260
RNCMPT00186	PCBP1	0.200
RNCMPT00044	PCBP2	0.080
RNCMPT00045	PPRC1	0.100
RNCMPT00268	PTBP1	0.000
RNCMPT00269	PTBP1	0.000
RNCMPT00047	QKI	0.200
RNCMPT00159	RALY	0.000
RNCMPT00168	RBFOX1	0.140
RNCMPT00184	RBM24	0.000
RNCMPT00049	RBM28	0.190
RNCMPT00050	RBM3	0.090
RNCMPT00113	RBM4	0.050
RNCMPT00052	RBM4	0.330
RNCMPT00053	RBM41	0.030
RNCMPT00151	RBM42	0.000
RNCMPT00241	RBM45	0.410
RNCMPT00054	RBM46	0.000
RNCMPT00055	RBM5	0.300
RNCMPT00154	RBM5	0.180
RNCMPT00170	RBM6	0.230
RNCMPT00056	RBM8A	0.150
RNCMPT00152	RBMS1	0.040
RNCMPT00173	RBMS3	0.180
RNCMPT00057	RBMS3	0.440
RNCMPT00063	SAMD4A	0.240
RNCMPT00064	SART3	0.230
RNCMPT00177	SFPQ	0.000
RNCMPT00070	SNRNP70	0.280
RNCMPT00071	SNRPA	0.290
RNCMPT00106	SRSF1	0.040
RNCMPT00107	SRSF1	0.060
RNCMPT00108	SRSF1	0.100
RNCMPT00109	SRSF1	0.250
RNCMPT00110	SRSF1	0.160
RNCMPT00163	SRSF1	0.030
RNCMPT00088	SRSF10	0.310
RNCMPT00089	SRSF10	0.150
RNCMPT00090	SRSF10	0.290
RNCMPT00019	SRSF10	0.340
RNCMPT00072	SRSF2	0.010
RNCMPT00073	SRSF7	0.420
RNCMPT00074	SRSF9	0.300
RNCMPT00067	SRSF9	0.140
RNCMPT00076	TARDBP	0.000
RNCMPT00165	TIA1	0.000
RNCMPT00077	TIA1	0.000
RNCMPT00075	TUT1	0.140
RNCMPT00079	U2AF2	0.050
RNCMPT00116	YBX1	0.610
RNCMPT00083	YBX1	0.170
RNCMPT00084	YBX2	0.220
RNCMPT00085	ZC3H10	0.330
RNCMPT00086	ZC3H14	0.000
RNCMPT00087	ZCRB1	0.030
RNCMPT00164	ZNF638	0.010
