Q9NQ94	A1CF	0.000
Q9BZC1	CELF4	0.000
Q8N6W0	CELF5	0.000
Q96J87	CELF6	0.000
O95628	CNOT4	0.000
Q7Z5Q1	CPEB2	0.000
Q17RY0	CPEB4	0.060
Q96EP5	DAZAP1	0.000
Q15717	ELAVL1	0.000
Q8TC92	ENOX1	0.000
Q9H6T0	ESRP2	0.020
Q06787	FMR1	0.150
P35637	FUS	0.000
P51114	FXR1	0.040
P51116	FXR2	0.140
Q9UN86	G3BP2	0.020
P09651	HNRNPA1	0.100
Q32P51	HNRNPA1L2	0.110
P22626	HNRNPA2B1	0.170
P07910	HNRNPC	0.000
O60812	HNRNPCL1	0.000
P55795	HNRNPH2	0.370
P61978	HNRNPK	0.720
P14866	HNRNPL	0.010
P14866	HNRNPL	0.000
Q8WVV9	HNRNPLL	0.050
Q9Y6M1	IGF2BP2	0.000
O00425	IGF2BP3	0.000
Q07666	KHDRBS1	0.000
Q5VWX1	KHDRBS2	0.000
O75525	KHDRBS3	0.000
Q9H9Z2	LIN28A	0.000
Q9H9Z2	LIN28A	0.000
P43243	MATR3	0.000
Q9NR56	MBNL1	0.000
O43347	MSI1	0.000
O43347	MSI1	0.000
P11940	PABPC1	0.480
Q9H361	PABPC3	0.390
Q13310	PABPC4	0.120
Q96DU9	PABPC5	0.870
Q86U42	PABPN1	0.160
Q15365	PCBP1	0.030
Q15366	PCBP2	0.000
P26599	PTBP1	0.000
P26599	PTBP1	0.000
Q96PU8	QKI	0.000
Q9UKM9	RALY	0.000
Q9NWB1	RBFOX1	0.000
P98179	RBM3	0.030
Q9BWF3	RBM4	0.000
Q9BWF3	RBM4	0.010
P52756	RBM5	0.670
P52756	RBM5	0.010
Q9Y5S9	RBM8A	0.000
Q9BX46	RBM24	0.050
Q9NW13	RBM28	0.000
Q96IZ5	RBM41	0.000
Q9BTD8	RBM42	0.000
Q8IUH3	RBM45	0.110
Q8TBY0	RBM46	0.000
P29558	RBMS1	0.000
Q6XE24	RBMS3	0.000
Q6XE24	RBMS3	0.000
Q9UPU9	SAMD4A	0.990
Q15020	SART3	0.750
P23246	SFPQ	0.000
P08621	SNRNP70	0.000
P09012	SNRPA	0.020
Q07955	SRSF1	0.070
Q01130	SRSF2	0.020
Q16629	SRSF7	0.870
Q13242	SRSF9	0.760
Q13242	SRSF9	0.280
O75494	SRSF10	0.010
O75494	SRSF10	0.000
O75494	SRSF10	0.010
O75494	SRSF10	0.120
Q13148	TARDBP	0.000
P31483	TIA1	0.000
P31483	TIA1	0.000
Q9H6E5	TUT1	0.000
Q15696	U2AF2	0.010
P67809	YBX1	0.360
P67809	YBX1	0.280
Q9Y2T7	YBX2	0.670
Q96K80	ZC3H10	0.290
Q6PJT7	ZC3H14	0.000
Q8TBF4	ZCRB1	0.010
