/home/slab/ishiiayuka/.pyenv/versions/anaconda3-2023.03/envs/deepclip/lib/python2.7/site-packages/theano/tensor/signal/downsample.py:6: UserWarning: downsample module has been moved to the theano.tensor.signal.pool module.
  "downsample module has been moved to the theano.tensor.signal.pool module.")
RNA配列が見つかりません (id=Q9NQ94)
RNA配列が見つかりません (id=Q8IWZ3)
RNA配列が見つかりません (id=Q9BZC1)
RNA配列が見つかりません (id=Q8N6W0)
RNA配列が見つかりません (id=Q96J87)
RNA配列が見つかりません (id=O95628)
RNA配列が見つかりません (id=Q7Z5Q1)
RNA配列が見つかりません (id=Q17RY0)
RNA配列が見つかりません (id=Q96EP5)
RNA配列が見つかりません (id=Q15717)
RNA配列が見つかりません (id=Q15718)
/home/slab/ishiiayuka/.pyenv/versions/anaconda3-2023.03/envs/deepclip/lib/python2.7/site-packages/lasagne/theano_extensions/conv.py:66: UserWarning: The `image_shape` keyword argument to `tensor.nnet.conv2d` is deprecated, it has been renamed to `input_shape`.
  border_mode=border_mode)
RNA配列が見つかりません (id=Q15720)
RNA配列が見つかりません (id=Q15721)
RNA配列が見つかりません (id=Q8TC92)
RNA配列が見つかりません (id=Q9H6T0)
RNA配列が見つかりません (id=Q06787)
RNA配列が見つかりません (id=P35637)
RNA配列が見つかりません (id=P51114)
RNA配列が見つかりません (id=P51116)
RNA配列が見つかりません (id=Q9UN86)
RNA配列が見つかりません (id=P09651)
RNA配列が見つかりません (id=Q32P51)
RNA配列が見つかりません (id=P22626)
RNA配列が見つかりません (id=P07910)
RNA配列が見つかりません (id=O60812)
RNA配列が見つかりません (id=P55795)
RNA配列が見つかりません (id=P61978)
RNA配列が見つかりません (id=P14866)
RNA配列が見つかりません (id=P14866)
RNA配列が見つかりません (id=Q8WVV9)
RNA配列が見つかりません (id=Q9Y6M1)
RNA配列が見つかりません (id=O00425)
RNA配列が見つかりません (id=Q07666)
RNA配列が見つかりません (id=Q5VWX1)
RNA配列が見つかりません (id=O75525)
RNA配列が見つかりません (id=Q9H9Z2)
RNA配列が見つかりません (id=Q9H9Z2)
RNA配列が見つかりません (id=P43243)
RNA配列が見つかりません (id=Q9NR56)
RNA配列が見つかりません (id=O43347)
RNA配列が見つかりません (id=O43347)
RNA配列が見つかりません (id=P11940)
RNA配列が見つかりません (id=Q9H361)
RNA配列が見つかりません (id=Q13310)
RNA配列が見つかりません (id=Q96DU9)
RNA配列が見つかりません (id=Q86U42)
RNA配列が見つかりません (id=Q15365)
RNA配列が見つかりません (id=Q15366)
RNA配列が見つかりません (id=Q5VV67)
RNA配列が見つかりません (id=P26599)
RNA配列が見つかりません (id=P26599)
RNA配列が見つかりません (id=Q96PU8)
RNA配列が見つかりません (id=Q9UKM9)
RNA配列が見つかりません (id=Q9NWB1)
RNA配列が見つかりません (id=P98179)
RNA配列が見つかりません (id=Q9BWF3)
RNA配列が見つかりません (id=Q9BWF3)
RNA配列が見つかりません (id=P52756)
RNA配列が見つかりません (id=P52756)
RNA配列が見つかりません (id=P78332)
RNA配列が見つかりません (id=Q9Y5S9)
RNA配列が見つかりません (id=Q9BX46)
RNA配列が見つかりません (id=Q9NW13)
RNA配列が見つかりません (id=Q96IZ5)
RNA配列が見つかりません (id=Q9BTD8)
RNA配列が見つかりません (id=Q8IUH3)
RNA配列が見つかりません (id=Q8TBY0)
RNA配列が見つかりません (id=P29558)
RNA配列が見つかりません (id=Q6XE24)
RNA配列が見つかりません (id=Q6XE24)
RNA配列が見つかりません (id=Q9UPU9)
RNA配列が見つかりません (id=Q15020)
RNA配列が見つかりません (id=P23246)
RNA配列が見つかりません (id=P08621)
RNA配列が見つかりません (id=P09012)
RNA配列が見つかりません (id=Q07955)
RNA配列が見つかりません (id=Q07956)
RNA配列が見つかりません (id=Q07957)
RNA配列が見つかりません (id=Q07958)
RNA配列が見つかりません (id=Q07959)
RNA配列が見つかりません (id=Q07960)
RNA配列が見つかりません (id=Q01130)
RNA配列が見つかりません (id=Q16629)
RNA配列が見つかりません (id=Q13242)
RNA配列が見つかりません (id=Q13242)
RNA配列が見つかりません (id=O75494)
RNA配列が見つかりません (id=O75494)
RNA配列が見つかりません (id=O75494)
RNA配列が見つかりません (id=O75494)
RNA配列が見つかりません (id=Q13148)
RNA配列が見つかりません (id=P31483)
RNA配列が見つかりません (id=P31483)
RNA配列が見つかりません (id=Q9H6E5)
RNA配列が見つかりません (id=Q15696)
RNA配列が見つかりません (id=P67809)
RNA配列が見つかりません (id=P67809)
RNA配列が見つかりません (id=Q9Y2T7)
RNA配列が見つかりません (id=Q96K80)
RNA配列が見つかりません (id=Q6PJT7)
RNA配列が見つかりません (id=Q8TBF4)
RNA配列が見つかりません (id=Q14966)
