/home/slab/ishiiayuka/.pyenv/versions/anaconda3-2023.03/envs/deepclip/lib/python2.7/site-packages/theano/tensor/signal/downsample.py:6: UserWarning: downsample module has been moved to the theano.tensor.signal.pool module.
  "downsample module has been moved to the theano.tensor.signal.pool module.")
RNA配列が見つかりません (id=Q9NQ94)
RNA配列が見つかりません (id=Q8IWZ3)
RNA配列が見つかりません (id=Q9BZC1)
RNA配列が見つかりません (id=Q8N6W0)
RNA配列が見つかりません (id=Q96J87)
RNA配列が見つかりません (id=O95628)
RNA配列が見つかりません (id=Q7Z5Q1)
RNA配列が見つかりません (id=Q17RY0)
RNA配列が見つかりません (id=Q96EP5)
RNA配列が見つかりません (id=Q15717)
RNA配列が見つかりません (id=Q15718)
RNA配列が見つかりません (id=Q15719)
RNA配列が見つかりません (id=Q15720)
RNA配列が見つかりません (id=Q15721)
RNA配列が見つかりません (id=Q8TC92)
RNA配列が見つかりません (id=Q9H6T0)
RNA配列が見つかりません (id=Q06787)
RNA配列が見つかりません (id=P35637)
RNA配列が見つかりません (id=P51114)
RNA配列が見つかりません (id=P51116)
RNA配列が見つかりません (id=Q9UN86)
/home/slab/ishiiayuka/.pyenv/versions/anaconda3-2023.03/envs/deepclip/lib/python2.7/site-packages/lasagne/theano_extensions/conv.py:66: UserWarning: The `image_shape` keyword argument to `tensor.nnet.conv2d` is deprecated, it has been renamed to `input_shape`.
  border_mode=border_mode)
RNA配列が見つかりません (id=Q5VV67)
RNA配列が見つかりません (id=P78332)
RNA配列が見つかりません (id=Q14966)
WARNING (theano.gof.cmodule): A module that was loaded by this ModuleCache can no longer be read from file /home/slab/ishiiayuka/.theano/compiledir_Linux-5.15--generic-x86_64-with-debian-bookworm-sid-x86_64-2.7.15-64/tmpaZKRQk/72fc7e0c4d4251381ea9e91f0a4a2440.so... this could lead to problems.
WARNING (theano.gof.cmodule): Removing key file /home/slab/ishiiayuka/.theano/compiledir_Linux-5.15--generic-x86_64-with-debian-bookworm-sid-x86_64-2.7.15-64/tmpaZKRQk/key.pkl because the corresponding module is gone from the file system.
WARNING (theano.gof.cmodule): A module that was loaded by this ModuleCache can no longer be read from file /home/slab/ishiiayuka/.theano/compiledir_Linux-5.15--generic-x86_64-with-debian-bookworm-sid-x86_64-2.7.15-64/tmpQPUvOZ/6e061a45fbba8f93538dbd39d00dea18.so... this could lead to problems.
WARNING (theano.gof.cmodule): Removing key file /home/slab/ishiiayuka/.theano/compiledir_Linux-5.15--generic-x86_64-with-debian-bookworm-sid-x86_64-2.7.15-64/tmpQPUvOZ/key.pkl because the corresponding module is gone from the file system.
WARNING (theano.gof.cmodule): A module that was loaded by this ModuleCache can no longer be read from file /home/slab/ishiiayuka/.theano/compiledir_Linux-5.15--generic-x86_64-with-debian-bookworm-sid-x86_64-2.7.15-64/tmplgN5KU/92906411f7b9649c39692d3cd34dece1.so... this could lead to problems.
WARNING (theano.gof.cmodule): Removing key file /home/slab/ishiiayuka/.theano/compiledir_Linux-5.15--generic-x86_64-with-debian-bookworm-sid-x86_64-2.7.15-64/tmplgN5KU/key.pkl because the corresponding module is gone from the file system.
WARNING (theano.gof.cmodule): A module that was loaded by this ModuleCache can no longer be read from file /home/slab/ishiiayuka/.theano/compiledir_Linux-5.15--generic-x86_64-with-debian-bookworm-sid-x86_64-2.7.15-64/tmpDYrfUr/131563a1ccda80d056582f31667cd6a5.so... this could lead to problems.
WARNING (theano.gof.cmodule): Removing key file /home/slab/ishiiayuka/.theano/compiledir_Linux-5.15--generic-x86_64-with-debian-bookworm-sid-x86_64-2.7.15-64/tmpDYrfUr/key.pkl because the corresponding module is gone from the file system.
WARNING (theano.gof.cmodule): A module that was loaded by this ModuleCache can no longer be read from file /home/slab/ishiiayuka/.theano/compiledir_Linux-5.15--generic-x86_64-with-debian-bookworm-sid-x86_64-2.7.15-64/tmpzIgige/756559e83a765da0f91a6874a3b75a2d.so... this could lead to problems.
WARNING (theano.gof.cmodule): Removing key file /home/slab/ishiiayuka/.theano/compiledir_Linux-5.15--generic-x86_64-with-debian-bookworm-sid-x86_64-2.7.15-64/tmpzIgige/key.pkl because the corresponding module is gone from the file system.
WARNING (theano.gof.cmodule): A module that was loaded by this ModuleCache can no longer be read from file /home/slab/ishiiayuka/.theano/compiledir_Linux-5.15--generic-x86_64-with-debian-bookworm-sid-x86_64-2.7.15-64/tmpa9juKq/7b997d34e45fee017d53864619fdc2cc.so... this could lead to problems.
WARNING (theano.gof.cmodule): Removing key file /home/slab/ishiiayuka/.theano/compiledir_Linux-5.15--generic-x86_64-with-debian-bookworm-sid-x86_64-2.7.15-64/tmpa9juKq/key.pkl because the corresponding module is gone from the file system.
WARNING (theano.gof.cmodule): Removing key file /home/slab/ishiiayuka/.theano/compiledir_Linux-5.15--generic-x86_64-with-debian-bookworm-sid-x86_64-2.7.15-64/tmp3S_grU/key.pkl because the corresponding module is gone from the file system.
WARNING (theano.gof.cmodule): A module that was loaded by this ModuleCache can no longer be read from file /home/slab/ishiiayuka/.theano/compiledir_Linux-5.15--generic-x86_64-with-debian-bookworm-sid-x86_64-2.7.15-64/tmpad4qTi/ef1e1faffba1905c5970e1d671d23cc1.so... this could lead to problems.
WARNING (theano.gof.cmodule): Removing key file /home/slab/ishiiayuka/.theano/compiledir_Linux-5.15--generic-x86_64-with-debian-bookworm-sid-x86_64-2.7.15-64/tmpad4qTi/key.pkl because the corresponding module is gone from the file system.
WARNING (theano.gof.cmodule): A module that was loaded by this ModuleCache can no longer be read from file /home/slab/ishiiayuka/.theano/compiledir_Linux-5.15--generic-x86_64-with-debian-bookworm-sid-x86_64-2.7.15-64/tmp_XGMui/fe6391cbd35700743ccde3f61bdc505c.so... this could lead to problems.
WARNING (theano.gof.cmodule): Removing key file /home/slab/ishiiayuka/.theano/compiledir_Linux-5.15--generic-x86_64-with-debian-bookworm-sid-x86_64-2.7.15-64/tmp_XGMui/key.pkl because the corresponding module is gone from the file system.
WARNING (theano.gof.cmodule): A module that was loaded by this ModuleCache can no longer be read from file /home/slab/ishiiayuka/.theano/compiledir_Linux-5.15--generic-x86_64-with-debian-bookworm-sid-x86_64-2.7.15-64/tmphvBUab/f608bca9530234254343ce8c6b0bc586.so... this could lead to problems.
WARNING (theano.gof.cmodule): Removing key file /home/slab/ishiiayuka/.theano/compiledir_Linux-5.15--generic-x86_64-with-debian-bookworm-sid-x86_64-2.7.15-64/tmphvBUab/key.pkl because the corresponding module is gone from the file system.
WARNING (theano.gof.cmodule): A module that was loaded by this ModuleCache can no longer be read from file /home/slab/ishiiayuka/.theano/compiledir_Linux-5.15--generic-x86_64-with-debian-bookworm-sid-x86_64-2.7.15-64/tmpQ_AlFW/e26dfd5f0c71c04f2a204933f185fa3c.so... this could lead to problems.
WARNING (theano.gof.cmodule): Removing key file /home/slab/ishiiayuka/.theano/compiledir_Linux-5.15--generic-x86_64-with-debian-bookworm-sid-x86_64-2.7.15-64/tmpQ_AlFW/key.pkl because the corresponding module is gone from the file system.
WARNING (theano.gof.cmodule): A module that was loaded by this ModuleCache can no longer be read from file /home/slab/ishiiayuka/.theano/compiledir_Linux-5.15--generic-x86_64-with-debian-bookworm-sid-x86_64-2.7.15-64/tmpCNET_r/1329df1954d3c118cbab0203f016df4c.so... this could lead to problems.
WARNING (theano.gof.cmodule): Removing key file /home/slab/ishiiayuka/.theano/compiledir_Linux-5.15--generic-x86_64-with-debian-bookworm-sid-x86_64-2.7.15-64/tmpCNET_r/key.pkl because the corresponding module is gone from the file system.
WARNING (theano.gof.cmodule): A module that was loaded by this ModuleCache can no longer be read from file /home/slab/ishiiayuka/.theano/compiledir_Linux-5.15--generic-x86_64-with-debian-bookworm-sid-x86_64-2.7.15-64/tmphMjOaM/a43c564eba0a16460a718a05555825db.so... this could lead to problems.
WARNING (theano.gof.cmodule): Removing key file /home/slab/ishiiayuka/.theano/compiledir_Linux-5.15--generic-x86_64-with-debian-bookworm-sid-x86_64-2.7.15-64/tmphMjOaM/key.pkl because the corresponding module is gone from the file system.
WARNING (theano.gof.cmodule): A module that was loaded by this ModuleCache can no longer be read from file /home/slab/ishiiayuka/.theano/compiledir_Linux-5.15--generic-x86_64-with-debian-bookworm-sid-x86_64-2.7.15-64/tmpb7mZ5A/46e083848928b588dcfe4f7f3e259a5e.so... this could lead to problems.
WARNING (theano.gof.cmodule): Removing key file /home/slab/ishiiayuka/.theano/compiledir_Linux-5.15--generic-x86_64-with-debian-bookworm-sid-x86_64-2.7.15-64/tmpb7mZ5A/key.pkl because the corresponding module is gone from the file system.
WARNING (theano.gof.cmodule): A module that was loaded by this ModuleCache can no longer be read from file /home/slab/ishiiayuka/.theano/compiledir_Linux-5.15--generic-x86_64-with-debian-bookworm-sid-x86_64-2.7.15-64/tmplPttBb/af8288e23d4f9216c7a523f6c00e6cf5.so... this could lead to problems.
WARNING (theano.gof.cmodule): Removing key file /home/slab/ishiiayuka/.theano/compiledir_Linux-5.15--generic-x86_64-with-debian-bookworm-sid-x86_64-2.7.15-64/tmplPttBb/key.pkl because the corresponding module is gone from the file system.
WARNING (theano.gof.cmodule): A module that was loaded by this ModuleCache can no longer be read from file /home/slab/ishiiayuka/.theano/compiledir_Linux-5.15--generic-x86_64-with-debian-bookworm-sid-x86_64-2.7.15-64/tmpL6SGgv/f3adaab9771fc8afb742037d17b2f859.so... this could lead to problems.
WARNING (theano.gof.cmodule): Removing key file /home/slab/ishiiayuka/.theano/compiledir_Linux-5.15--generic-x86_64-with-debian-bookworm-sid-x86_64-2.7.15-64/tmpL6SGgv/key.pkl because the corresponding module is gone from the file system.
WARNING (theano.gof.cmodule): Removing key file /home/slab/ishiiayuka/.theano/compiledir_Linux-5.15--generic-x86_64-with-debian-bookworm-sid-x86_64-2.7.15-64/tmpeZ5p9i/key.pkl because the corresponding module is gone from the file system.
WARNING (theano.gof.cmodule): A module that was loaded by this ModuleCache can no longer be read from file /home/slab/ishiiayuka/.theano/compiledir_Linux-5.15--generic-x86_64-with-debian-bookworm-sid-x86_64-2.7.15-64/tmpgWFZKb/e272626fce8242df38e99a5ea7f34d67.so... this could lead to problems.
WARNING (theano.gof.cmodule): Removing key file /home/slab/ishiiayuka/.theano/compiledir_Linux-5.15--generic-x86_64-with-debian-bookworm-sid-x86_64-2.7.15-64/tmpgWFZKb/key.pkl because the corresponding module is gone from the file system.
WARNING (theano.gof.cmodule): A module that was loaded by this ModuleCache can no longer be read from file /home/slab/ishiiayuka/.theano/compiledir_Linux-5.15--generic-x86_64-with-debian-bookworm-sid-x86_64-2.7.15-64/tmpucQ30N/59275b57c5d14779fd61ab0875c5a62d.so... this could lead to problems.
WARNING (theano.gof.cmodule): Removing key file /home/slab/ishiiayuka/.theano/compiledir_Linux-5.15--generic-x86_64-with-debian-bookworm-sid-x86_64-2.7.15-64/tmpucQ30N/key.pkl because the corresponding module is gone from the file system.
WARNING (theano.gof.cmodule): A module that was loaded by this ModuleCache can no longer be read from file /home/slab/ishiiayuka/.theano/compiledir_Linux-5.15--generic-x86_64-with-debian-bookworm-sid-x86_64-2.7.15-64/tmpM4QJR2/2f598c8accb057bae2cb6e60a6c9b8e2.so... this could lead to problems.
WARNING (theano.gof.cmodule): Removing key file /home/slab/ishiiayuka/.theano/compiledir_Linux-5.15--generic-x86_64-with-debian-bookworm-sid-x86_64-2.7.15-64/tmpM4QJR2/key.pkl because the corresponding module is gone from the file system.
WARNING (theano.gof.cmodule): A module that was loaded by this ModuleCache can no longer be read from file /home/slab/ishiiayuka/.theano/compiledir_Linux-5.15--generic-x86_64-with-debian-bookworm-sid-x86_64-2.7.15-64/tmp8xM2Em/490b9ce850ac30ab4d390ee9f163e6e4.so... this could lead to problems.
WARNING (theano.gof.cmodule): Removing key file /home/slab/ishiiayuka/.theano/compiledir_Linux-5.15--generic-x86_64-with-debian-bookworm-sid-x86_64-2.7.15-64/tmp8xM2Em/key.pkl because the corresponding module is gone from the file system.
WARNING (theano.gof.cmodule): A module that was loaded by this ModuleCache can no longer be read from file /home/slab/ishiiayuka/.theano/compiledir_Linux-5.15--generic-x86_64-with-debian-bookworm-sid-x86_64-2.7.15-64/tmptdjmrV/feb58e08597cd4021ec0a6e9ecec48ee.so... this could lead to problems.
WARNING (theano.gof.cmodule): Removing key file /home/slab/ishiiayuka/.theano/compiledir_Linux-5.15--generic-x86_64-with-debian-bookworm-sid-x86_64-2.7.15-64/tmptdjmrV/key.pkl because the corresponding module is gone from the file system.
WARNING (theano.gof.cmodule): A module that was loaded by this ModuleCache can no longer be read from file /home/slab/ishiiayuka/.theano/compiledir_Linux-5.15--generic-x86_64-with-debian-bookworm-sid-x86_64-2.7.15-64/tmphhkBVj/a2620097ba6b0128af11741161e3f981.so... this could lead to problems.
WARNING (theano.gof.cmodule): Removing key file /home/slab/ishiiayuka/.theano/compiledir_Linux-5.15--generic-x86_64-with-debian-bookworm-sid-x86_64-2.7.15-64/tmphhkBVj/key.pkl because the corresponding module is gone from the file system.
WARNING (theano.gof.cmodule): A module that was loaded by this ModuleCache can no longer be read from file /home/slab/ishiiayuka/.theano/compiledir_Linux-5.15--generic-x86_64-with-debian-bookworm-sid-x86_64-2.7.15-64/tmpm7xOrx/f1de5245a274fc645cfe106f7b8e469d.so... this could lead to problems.
WARNING (theano.gof.cmodule): Removing key file /home/slab/ishiiayuka/.theano/compiledir_Linux-5.15--generic-x86_64-with-debian-bookworm-sid-x86_64-2.7.15-64/tmpm7xOrx/key.pkl because the corresponding module is gone from the file system.
WARNING (theano.gof.cmodule): A module that was loaded by this ModuleCache can no longer be read from file /home/slab/ishiiayuka/.theano/compiledir_Linux-5.15--generic-x86_64-with-debian-bookworm-sid-x86_64-2.7.15-64/tmpkDEkHF/a55b284dc1e03e51152e831e4de95e1e.so... this could lead to problems.
WARNING (theano.gof.cmodule): Removing key file /home/slab/ishiiayuka/.theano/compiledir_Linux-5.15--generic-x86_64-with-debian-bookworm-sid-x86_64-2.7.15-64/tmpkDEkHF/key.pkl because the corresponding module is gone from the file system.
WARNING (theano.gof.cmodule): A module that was loaded by this ModuleCache can no longer be read from file /home/slab/ishiiayuka/.theano/compiledir_Linux-5.15--generic-x86_64-with-debian-bookworm-sid-x86_64-2.7.15-64/tmpu2lWp1/23932b19cebdfa4e554a34e1216d8f64.so... this could lead to problems.
WARNING (theano.gof.cmodule): Removing key file /home/slab/ishiiayuka/.theano/compiledir_Linux-5.15--generic-x86_64-with-debian-bookworm-sid-x86_64-2.7.15-64/tmpu2lWp1/key.pkl because the corresponding module is gone from the file system.
WARNING (theano.gof.cmodule): A module that was loaded by this ModuleCache can no longer be read from file /home/slab/ishiiayuka/.theano/compiledir_Linux-5.15--generic-x86_64-with-debian-bookworm-sid-x86_64-2.7.15-64/tmpOyFmwq/dccfbf231cd45c7201a0352ea4ac78f9.so... this could lead to problems.
WARNING (theano.gof.cmodule): Removing key file /home/slab/ishiiayuka/.theano/compiledir_Linux-5.15--generic-x86_64-with-debian-bookworm-sid-x86_64-2.7.15-64/tmpOyFmwq/key.pkl because the corresponding module is gone from the file system.
WARNING (theano.gof.cmodule): A module that was loaded by this ModuleCache can no longer be read from file /home/slab/ishiiayuka/.theano/compiledir_Linux-5.15--generic-x86_64-with-debian-bookworm-sid-x86_64-2.7.15-64/tmp2sSu0h/c78d7fc72da98cfff5dd1b3f34fc6519.so... this could lead to problems.
WARNING (theano.gof.cmodule): Removing key file /home/slab/ishiiayuka/.theano/compiledir_Linux-5.15--generic-x86_64-with-debian-bookworm-sid-x86_64-2.7.15-64/tmp2sSu0h/key.pkl because the corresponding module is gone from the file system.
WARNING (theano.gof.cmodule): A module that was loaded by this ModuleCache can no longer be read from file /home/slab/ishiiayuka/.theano/compiledir_Linux-5.15--generic-x86_64-with-debian-bookworm-sid-x86_64-2.7.15-64/tmpgkX16O/844e85714ccd0aa0fcf276010a639d65.so... this could lead to problems.
WARNING (theano.gof.cmodule): Removing key file /home/slab/ishiiayuka/.theano/compiledir_Linux-5.15--generic-x86_64-with-debian-bookworm-sid-x86_64-2.7.15-64/tmpgkX16O/key.pkl because the corresponding module is gone from the file system.
WARNING (theano.gof.cmodule): A module that was loaded by this ModuleCache can no longer be read from file /home/slab/ishiiayuka/.theano/compiledir_Linux-5.15--generic-x86_64-with-debian-bookworm-sid-x86_64-2.7.15-64/tmpwNDWy8/83e90a3513b8d4c9b9b52ce80a997bbc.so... this could lead to problems.
WARNING (theano.gof.cmodule): Removing key file /home/slab/ishiiayuka/.theano/compiledir_Linux-5.15--generic-x86_64-with-debian-bookworm-sid-x86_64-2.7.15-64/tmpwNDWy8/key.pkl because the corresponding module is gone from the file system.
WARNING (theano.gof.cmodule): A module that was loaded by this ModuleCache can no longer be read from file /home/slab/ishiiayuka/.theano/compiledir_Linux-5.15--generic-x86_64-with-debian-bookworm-sid-x86_64-2.7.15-64/tmpki7lqa/6bef42dbdf58e3b8ec30f2ecb453e860.so... this could lead to problems.
WARNING (theano.gof.cmodule): Removing key file /home/slab/ishiiayuka/.theano/compiledir_Linux-5.15--generic-x86_64-with-debian-bookworm-sid-x86_64-2.7.15-64/tmpki7lqa/key.pkl because the corresponding module is gone from the file system.
WARNING (theano.gof.cmodule): A module that was loaded by this ModuleCache can no longer be read from file /home/slab/ishiiayuka/.theano/compiledir_Linux-5.15--generic-x86_64-with-debian-bookworm-sid-x86_64-2.7.15-64/tmpDOptEm/8ace80bb346bcf6a358a8d756b13e249.so... this could lead to problems.
WARNING (theano.gof.cmodule): Removing key file /home/slab/ishiiayuka/.theano/compiledir_Linux-5.15--generic-x86_64-with-debian-bookworm-sid-x86_64-2.7.15-64/tmpDOptEm/key.pkl because the corresponding module is gone from the file system.
WARNING (theano.gof.cmodule): A module that was loaded by this ModuleCache can no longer be read from file /home/slab/ishiiayuka/.theano/compiledir_Linux-5.15--generic-x86_64-with-debian-bookworm-sid-x86_64-2.7.15-64/tmpegN_Od/f7ca9a45a70a38477c38239644db2324.so... this could lead to problems.
WARNING (theano.gof.cmodule): Removing key file /home/slab/ishiiayuka/.theano/compiledir_Linux-5.15--generic-x86_64-with-debian-bookworm-sid-x86_64-2.7.15-64/tmpegN_Od/key.pkl because the corresponding module is gone from the file system.
WARNING (theano.gof.cmodule): A module that was loaded by this ModuleCache can no longer be read from file /home/slab/ishiiayuka/.theano/compiledir_Linux-5.15--generic-x86_64-with-debian-bookworm-sid-x86_64-2.7.15-64/tmpkhBmkL/dfd6934ed93ea8cf74a1ca62b5f3e31c.so... this could lead to problems.
WARNING (theano.gof.cmodule): Removing key file /home/slab/ishiiayuka/.theano/compiledir_Linux-5.15--generic-x86_64-with-debian-bookworm-sid-x86_64-2.7.15-64/tmpkhBmkL/key.pkl because the corresponding module is gone from the file system.
WARNING (theano.gof.cmodule): A module that was loaded by this ModuleCache can no longer be read from file /home/slab/ishiiayuka/.theano/compiledir_Linux-5.15--generic-x86_64-with-debian-bookworm-sid-x86_64-2.7.15-64/tmpuFcTvA/11b5b88af6eb9cd72c41b39ecacebe1b.so... this could lead to problems.
WARNING (theano.gof.cmodule): Removing key file /home/slab/ishiiayuka/.theano/compiledir_Linux-5.15--generic-x86_64-with-debian-bookworm-sid-x86_64-2.7.15-64/tmpuFcTvA/key.pkl because the corresponding module is gone from the file system.
WARNING (theano.gof.cmodule): A module that was loaded by this ModuleCache can no longer be read from file /home/slab/ishiiayuka/.theano/compiledir_Linux-5.15--generic-x86_64-with-debian-bookworm-sid-x86_64-2.7.15-64/tmpTwjbYF/5e7f98ba584c0d994287dfdf1c17485f.so... this could lead to problems.
WARNING (theano.gof.cmodule): Removing key file /home/slab/ishiiayuka/.theano/compiledir_Linux-5.15--generic-x86_64-with-debian-bookworm-sid-x86_64-2.7.15-64/tmpTwjbYF/key.pkl because the corresponding module is gone from the file system.
WARNING (theano.gof.cmodule): A module that was loaded by this ModuleCache can no longer be read from file /home/slab/ishiiayuka/.theano/compiledir_Linux-5.15--generic-x86_64-with-debian-bookworm-sid-x86_64-2.7.15-64/tmppoeyjR/d1f1998cf05ce1604f98d6ea9b336d89.so... this could lead to problems.
WARNING (theano.gof.cmodule): Removing key file /home/slab/ishiiayuka/.theano/compiledir_Linux-5.15--generic-x86_64-with-debian-bookworm-sid-x86_64-2.7.15-64/tmppoeyjR/key.pkl because the corresponding module is gone from the file system.
WARNING (theano.gof.cmodule): A module that was loaded by this ModuleCache can no longer be read from file /home/slab/ishiiayuka/.theano/compiledir_Linux-5.15--generic-x86_64-with-debian-bookworm-sid-x86_64-2.7.15-64/tmpq1rO36/0c2203a2969bab58feeee3b2e412ea7a.so... this could lead to problems.
WARNING (theano.gof.cmodule): Removing key file /home/slab/ishiiayuka/.theano/compiledir_Linux-5.15--generic-x86_64-with-debian-bookworm-sid-x86_64-2.7.15-64/tmpq1rO36/key.pkl because the corresponding module is gone from the file system.
WARNING (theano.gof.cmodule): A module that was loaded by this ModuleCache can no longer be read from file /home/slab/ishiiayuka/.theano/compiledir_Linux-5.15--generic-x86_64-with-debian-bookworm-sid-x86_64-2.7.15-64/tmp8ThBG6/d4f2728a5c60b2c0d310f6d2e8f8e5b0.so... this could lead to problems.
WARNING (theano.gof.cmodule): Removing key file /home/slab/ishiiayuka/.theano/compiledir_Linux-5.15--generic-x86_64-with-debian-bookworm-sid-x86_64-2.7.15-64/tmp8ThBG6/key.pkl because the corresponding module is gone from the file system.
WARNING (theano.gof.cmodule): A module that was loaded by this ModuleCache can no longer be read from file /home/slab/ishiiayuka/.theano/compiledir_Linux-5.15--generic-x86_64-with-debian-bookworm-sid-x86_64-2.7.15-64/tmpKozNoO/050b620cfaeeb205cbbd871d45c950d1.so... this could lead to problems.
WARNING (theano.gof.cmodule): Removing key file /home/slab/ishiiayuka/.theano/compiledir_Linux-5.15--generic-x86_64-with-debian-bookworm-sid-x86_64-2.7.15-64/tmpKozNoO/key.pkl because the corresponding module is gone from the file system.
WARNING (theano.gof.cmodule): A module that was loaded by this ModuleCache can no longer be read from file /home/slab/ishiiayuka/.theano/compiledir_Linux-5.15--generic-x86_64-with-debian-bookworm-sid-x86_64-2.7.15-64/tmpay0HLQ/907e7ff178aef0187cf6b501e29c3323.so... this could lead to problems.
WARNING (theano.gof.cmodule): Removing key file /home/slab/ishiiayuka/.theano/compiledir_Linux-5.15--generic-x86_64-with-debian-bookworm-sid-x86_64-2.7.15-64/tmpay0HLQ/key.pkl because the corresponding module is gone from the file system.
WARNING (theano.gof.cmodule): A module that was loaded by this ModuleCache can no longer be read from file /home/slab/ishiiayuka/.theano/compiledir_Linux-5.15--generic-x86_64-with-debian-bookworm-sid-x86_64-2.7.15-64/tmpUF4MYS/d794461d8649d656d8a368a82107fbc7.so... this could lead to problems.
WARNING (theano.gof.cmodule): Removing key file /home/slab/ishiiayuka/.theano/compiledir_Linux-5.15--generic-x86_64-with-debian-bookworm-sid-x86_64-2.7.15-64/tmpUF4MYS/key.pkl because the corresponding module is gone from the file system.
WARNING (theano.gof.cmodule): A module that was loaded by this ModuleCache can no longer be read from file /home/slab/ishiiayuka/.theano/compiledir_Linux-5.15--generic-x86_64-with-debian-bookworm-sid-x86_64-2.7.15-64/tmpVwwmp0/3793440468268857d349b7c2efc6178d.so... this could lead to problems.
WARNING (theano.gof.cmodule): Removing key file /home/slab/ishiiayuka/.theano/compiledir_Linux-5.15--generic-x86_64-with-debian-bookworm-sid-x86_64-2.7.15-64/tmpVwwmp0/key.pkl because the corresponding module is gone from the file system.
WARNING (theano.gof.cmodule): A module that was loaded by this ModuleCache can no longer be read from file /home/slab/ishiiayuka/.theano/compiledir_Linux-5.15--generic-x86_64-with-debian-bookworm-sid-x86_64-2.7.15-64/tmpieiFdd/68822a40cb674a836a602b0ecf4b6d65.so... this could lead to problems.
WARNING (theano.gof.cmodule): Removing key file /home/slab/ishiiayuka/.theano/compiledir_Linux-5.15--generic-x86_64-with-debian-bookworm-sid-x86_64-2.7.15-64/tmpieiFdd/key.pkl because the corresponding module is gone from the file system.
WARNING (theano.gof.cmodule): A module that was loaded by this ModuleCache can no longer be read from file /home/slab/ishiiayuka/.theano/compiledir_Linux-5.15--generic-x86_64-with-debian-bookworm-sid-x86_64-2.7.15-64/tmpPYcjWE/b1197179cb27bdda0ca179990d5b638f.so... this could lead to problems.
WARNING (theano.gof.cmodule): Removing key file /home/slab/ishiiayuka/.theano/compiledir_Linux-5.15--generic-x86_64-with-debian-bookworm-sid-x86_64-2.7.15-64/tmpPYcjWE/key.pkl because the corresponding module is gone from the file system.
WARNING (theano.gof.cmodule): A module that was loaded by this ModuleCache can no longer be read from file /home/slab/ishiiayuka/.theano/compiledir_Linux-5.15--generic-x86_64-with-debian-bookworm-sid-x86_64-2.7.15-64/tmpoN5WxC/5acaca1a87cae24d88a65da2a3219bd2.so... this could lead to problems.
WARNING (theano.gof.cmodule): Removing key file /home/slab/ishiiayuka/.theano/compiledir_Linux-5.15--generic-x86_64-with-debian-bookworm-sid-x86_64-2.7.15-64/tmpoN5WxC/key.pkl because the corresponding module is gone from the file system.
WARNING (theano.gof.cmodule): A module that was loaded by this ModuleCache can no longer be read from file /home/slab/ishiiayuka/.theano/compiledir_Linux-5.15--generic-x86_64-with-debian-bookworm-sid-x86_64-2.7.15-64/tmpdM5hJf/45b47c4a0de0aaa8627d546533a5621b.so... this could lead to problems.
WARNING (theano.gof.cmodule): Removing key file /home/slab/ishiiayuka/.theano/compiledir_Linux-5.15--generic-x86_64-with-debian-bookworm-sid-x86_64-2.7.15-64/tmpdM5hJf/key.pkl because the corresponding module is gone from the file system.
WARNING (theano.gof.cmodule): A module that was loaded by this ModuleCache can no longer be read from file /home/slab/ishiiayuka/.theano/compiledir_Linux-5.15--generic-x86_64-with-debian-bookworm-sid-x86_64-2.7.15-64/tmpBfL30W/78a480c69f26da430efc74078d4e7b30.so... this could lead to problems.
WARNING (theano.gof.cmodule): Removing key file /home/slab/ishiiayuka/.theano/compiledir_Linux-5.15--generic-x86_64-with-debian-bookworm-sid-x86_64-2.7.15-64/tmpBfL30W/key.pkl because the corresponding module is gone from the file system.
WARNING (theano.gof.cmodule): A module that was loaded by this ModuleCache can no longer be read from file /home/slab/ishiiayuka/.theano/compiledir_Linux-5.15--generic-x86_64-with-debian-bookworm-sid-x86_64-2.7.15-64/tmpco0BS0/4898bd97b986a0e4b75fd2d56441e527.so... this could lead to problems.
WARNING (theano.gof.cmodule): Removing key file /home/slab/ishiiayuka/.theano/compiledir_Linux-5.15--generic-x86_64-with-debian-bookworm-sid-x86_64-2.7.15-64/tmpco0BS0/key.pkl because the corresponding module is gone from the file system.
WARNING (theano.gof.cmodule): A module that was loaded by this ModuleCache can no longer be read from file /home/slab/ishiiayuka/.theano/compiledir_Linux-5.15--generic-x86_64-with-debian-bookworm-sid-x86_64-2.7.15-64/tmpw7msfv/0a3c9dbd902950519d27b84cc7c487f1.so... this could lead to problems.
WARNING (theano.gof.cmodule): Removing key file /home/slab/ishiiayuka/.theano/compiledir_Linux-5.15--generic-x86_64-with-debian-bookworm-sid-x86_64-2.7.15-64/tmpw7msfv/key.pkl because the corresponding module is gone from the file system.
WARNING (theano.gof.cmodule): A module that was loaded by this ModuleCache can no longer be read from file /home/slab/ishiiayuka/.theano/compiledir_Linux-5.15--generic-x86_64-with-debian-bookworm-sid-x86_64-2.7.15-64/tmpa7iHZp/58114b62b2df87f567dd6a8d997b471f.so... this could lead to problems.
WARNING (theano.gof.cmodule): Removing key file /home/slab/ishiiayuka/.theano/compiledir_Linux-5.15--generic-x86_64-with-debian-bookworm-sid-x86_64-2.7.15-64/tmpa7iHZp/key.pkl because the corresponding module is gone from the file system.
WARNING (theano.gof.cmodule): A module that was loaded by this ModuleCache can no longer be read from file /home/slab/ishiiayuka/.theano/compiledir_Linux-5.15--generic-x86_64-with-debian-bookworm-sid-x86_64-2.7.15-64/tmpMnfQWR/2cd1848b180502e77da8240ef430d440.so... this could lead to problems.
WARNING (theano.gof.cmodule): Removing key file /home/slab/ishiiayuka/.theano/compiledir_Linux-5.15--generic-x86_64-with-debian-bookworm-sid-x86_64-2.7.15-64/tmpMnfQWR/key.pkl because the corresponding module is gone from the file system.
WARNING (theano.gof.cmodule): A module that was loaded by this ModuleCache can no longer be read from file /home/slab/ishiiayuka/.theano/compiledir_Linux-5.15--generic-x86_64-with-debian-bookworm-sid-x86_64-2.7.15-64/tmpgR9dxr/6e25eccaf992068c32871e9c61e62701.so... this could lead to problems.
WARNING (theano.gof.cmodule): Removing key file /home/slab/ishiiayuka/.theano/compiledir_Linux-5.15--generic-x86_64-with-debian-bookworm-sid-x86_64-2.7.15-64/tmpgR9dxr/key.pkl because the corresponding module is gone from the file system.
WARNING (theano.gof.cmodule): A module that was loaded by this ModuleCache can no longer be read from file /home/slab/ishiiayuka/.theano/compiledir_Linux-5.15--generic-x86_64-with-debian-bookworm-sid-x86_64-2.7.15-64/tmpXWLdsF/1a1db31f3dcd8830764ce5e400f54e77.so... this could lead to problems.
WARNING (theano.gof.cmodule): Removing key file /home/slab/ishiiayuka/.theano/compiledir_Linux-5.15--generic-x86_64-with-debian-bookworm-sid-x86_64-2.7.15-64/tmpXWLdsF/key.pkl because the corresponding module is gone from the file system.
WARNING (theano.gof.cmodule): A module that was loaded by this ModuleCache can no longer be read from file /home/slab/ishiiayuka/.theano/compiledir_Linux-5.15--generic-x86_64-with-debian-bookworm-sid-x86_64-2.7.15-64/tmpZfDIgq/202335defcb44c61551a028499ac2803.so... this could lead to problems.
WARNING (theano.gof.cmodule): Removing key file /home/slab/ishiiayuka/.theano/compiledir_Linux-5.15--generic-x86_64-with-debian-bookworm-sid-x86_64-2.7.15-64/tmpZfDIgq/key.pkl because the corresponding module is gone from the file system.
WARNING (theano.gof.cmodule): Removing key file /home/slab/ishiiayuka/.theano/compiledir_Linux-5.15--generic-x86_64-with-debian-bookworm-sid-x86_64-2.7.15-64/tmp1rF9nN/key.pkl because the corresponding module is gone from the file system.
WARNING (theano.gof.cmodule): A module that was loaded by this ModuleCache can no longer be read from file /home/slab/ishiiayuka/.theano/compiledir_Linux-5.15--generic-x86_64-with-debian-bookworm-sid-x86_64-2.7.15-64/tmpl8KcdC/3ac1a679827cde9f9de1cff3b88c182a.so... this could lead to problems.
WARNING (theano.gof.cmodule): Removing key file /home/slab/ishiiayuka/.theano/compiledir_Linux-5.15--generic-x86_64-with-debian-bookworm-sid-x86_64-2.7.15-64/tmpl8KcdC/key.pkl because the corresponding module is gone from the file system.
WARNING (theano.gof.cmodule): A module that was loaded by this ModuleCache can no longer be read from file /home/slab/ishiiayuka/.theano/compiledir_Linux-5.15--generic-x86_64-with-debian-bookworm-sid-x86_64-2.7.15-64/tmpIQCGCC/98ee6e9fd0c4c9a7fa9d9c70d2f0af05.so... this could lead to problems.
WARNING (theano.gof.cmodule): Removing key file /home/slab/ishiiayuka/.theano/compiledir_Linux-5.15--generic-x86_64-with-debian-bookworm-sid-x86_64-2.7.15-64/tmpIQCGCC/key.pkl because the corresponding module is gone from the file system.
WARNING (theano.gof.cmodule): A module that was loaded by this ModuleCache can no longer be read from file /home/slab/ishiiayuka/.theano/compiledir_Linux-5.15--generic-x86_64-with-debian-bookworm-sid-x86_64-2.7.15-64/tmp68CEMH/78448ffbb2446a4fb3141b4d07b1d7e0.so... this could lead to problems.
WARNING (theano.gof.cmodule): Removing key file /home/slab/ishiiayuka/.theano/compiledir_Linux-5.15--generic-x86_64-with-debian-bookworm-sid-x86_64-2.7.15-64/tmp68CEMH/key.pkl because the corresponding module is gone from the file system.
WARNING (theano.gof.cmodule): A module that was loaded by this ModuleCache can no longer be read from file /home/slab/ishiiayuka/.theano/compiledir_Linux-5.15--generic-x86_64-with-debian-bookworm-sid-x86_64-2.7.15-64/tmpnmqVhe/923a9fa749a9cde5a747c4613023e7db.so... this could lead to problems.
WARNING (theano.gof.cmodule): Removing key file /home/slab/ishiiayuka/.theano/compiledir_Linux-5.15--generic-x86_64-with-debian-bookworm-sid-x86_64-2.7.15-64/tmpnmqVhe/key.pkl because the corresponding module is gone from the file system.
WARNING (theano.gof.cmodule): A module that was loaded by this ModuleCache can no longer be read from file /home/slab/ishiiayuka/.theano/compiledir_Linux-5.15--generic-x86_64-with-debian-bookworm-sid-x86_64-2.7.15-64/tmpsVRQID/97e64adde59d9856d68b30a664e9ffbd.so... this could lead to problems.
WARNING (theano.gof.cmodule): Removing key file /home/slab/ishiiayuka/.theano/compiledir_Linux-5.15--generic-x86_64-with-debian-bookworm-sid-x86_64-2.7.15-64/tmpsVRQID/key.pkl because the corresponding module is gone from the file system.
WARNING (theano.gof.cmodule): A module that was loaded by this ModuleCache can no longer be read from file /home/slab/ishiiayuka/.theano/compiledir_Linux-5.15--generic-x86_64-with-debian-bookworm-sid-x86_64-2.7.15-64/tmpplyXyH/e9eb314fe9c5c38d92e6dcb26a60b149.so... this could lead to problems.
WARNING (theano.gof.cmodule): Removing key file /home/slab/ishiiayuka/.theano/compiledir_Linux-5.15--generic-x86_64-with-debian-bookworm-sid-x86_64-2.7.15-64/tmpplyXyH/key.pkl because the corresponding module is gone from the file system.
WARNING (theano.gof.cmodule): A module that was loaded by this ModuleCache can no longer be read from file /home/slab/ishiiayuka/.theano/compiledir_Linux-5.15--generic-x86_64-with-debian-bookworm-sid-x86_64-2.7.15-64/tmpRZJdU_/deebbd8bcf4d099fe44ec2781e106c45.so... this could lead to problems.
WARNING (theano.gof.cmodule): Removing key file /home/slab/ishiiayuka/.theano/compiledir_Linux-5.15--generic-x86_64-with-debian-bookworm-sid-x86_64-2.7.15-64/tmpRZJdU_/key.pkl because the corresponding module is gone from the file system.
WARNING (theano.gof.cmodule): A module that was loaded by this ModuleCache can no longer be read from file /home/slab/ishiiayuka/.theano/compiledir_Linux-5.15--generic-x86_64-with-debian-bookworm-sid-x86_64-2.7.15-64/tmpJ0gyEw/872511bd62fd11e2d8a451392d79f53d.so... this could lead to problems.
WARNING (theano.gof.cmodule): Removing key file /home/slab/ishiiayuka/.theano/compiledir_Linux-5.15--generic-x86_64-with-debian-bookworm-sid-x86_64-2.7.15-64/tmpJ0gyEw/key.pkl because the corresponding module is gone from the file system.
WARNING (theano.gof.cmodule): A module that was loaded by this ModuleCache can no longer be read from file /home/slab/ishiiayuka/.theano/compiledir_Linux-5.15--generic-x86_64-with-debian-bookworm-sid-x86_64-2.7.15-64/tmpmnpoUa/8e74fde408e242d87846e0d66b99ea5c.so... this could lead to problems.
WARNING (theano.gof.cmodule): Removing key file /home/slab/ishiiayuka/.theano/compiledir_Linux-5.15--generic-x86_64-with-debian-bookworm-sid-x86_64-2.7.15-64/tmpmnpoUa/key.pkl because the corresponding module is gone from the file system.
WARNING (theano.gof.cmodule): A module that was loaded by this ModuleCache can no longer be read from file /home/slab/ishiiayuka/.theano/compiledir_Linux-5.15--generic-x86_64-with-debian-bookworm-sid-x86_64-2.7.15-64/tmpM_4YZM/f0cf1e0917f2b88e56cac1e246d6ab1a.so... this could lead to problems.
WARNING (theano.gof.cmodule): Removing key file /home/slab/ishiiayuka/.theano/compiledir_Linux-5.15--generic-x86_64-with-debian-bookworm-sid-x86_64-2.7.15-64/tmpM_4YZM/key.pkl because the corresponding module is gone from the file system.
WARNING (theano.gof.cmodule): A module that was loaded by this ModuleCache can no longer be read from file /home/slab/ishiiayuka/.theano/compiledir_Linux-5.15--generic-x86_64-with-debian-bookworm-sid-x86_64-2.7.15-64/tmpP7MT8i/8db4e9bcf00e8f1b100365910a4cf701.so... this could lead to problems.
WARNING (theano.gof.cmodule): Removing key file /home/slab/ishiiayuka/.theano/compiledir_Linux-5.15--generic-x86_64-with-debian-bookworm-sid-x86_64-2.7.15-64/tmpP7MT8i/key.pkl because the corresponding module is gone from the file system.
WARNING (theano.gof.cmodule): A module that was loaded by this ModuleCache can no longer be read from file /home/slab/ishiiayuka/.theano/compiledir_Linux-5.15--generic-x86_64-with-debian-bookworm-sid-x86_64-2.7.15-64/tmpoONggU/70d402bc702df6d06d24e9fe90761094.so... this could lead to problems.
WARNING (theano.gof.cmodule): Removing key file /home/slab/ishiiayuka/.theano/compiledir_Linux-5.15--generic-x86_64-with-debian-bookworm-sid-x86_64-2.7.15-64/tmpoONggU/key.pkl because the corresponding module is gone from the file system.
WARNING (theano.gof.cmodule): A module that was loaded by this ModuleCache can no longer be read from file /home/slab/ishiiayuka/.theano/compiledir_Linux-5.15--generic-x86_64-with-debian-bookworm-sid-x86_64-2.7.15-64/tmpQx6Gc5/dc5c6daa40cc969f75d8a4cb354bd7d9.so... this could lead to problems.
WARNING (theano.gof.cmodule): Removing key file /home/slab/ishiiayuka/.theano/compiledir_Linux-5.15--generic-x86_64-with-debian-bookworm-sid-x86_64-2.7.15-64/tmpQx6Gc5/key.pkl because the corresponding module is gone from the file system.
WARNING (theano.gof.cmodule): A module that was loaded by this ModuleCache can no longer be read from file /home/slab/ishiiayuka/.theano/compiledir_Linux-5.15--generic-x86_64-with-debian-bookworm-sid-x86_64-2.7.15-64/tmpB4fpN5/552bd888401244e5ea22f16a11be6578.so... this could lead to problems.
WARNING (theano.gof.cmodule): Removing key file /home/slab/ishiiayuka/.theano/compiledir_Linux-5.15--generic-x86_64-with-debian-bookworm-sid-x86_64-2.7.15-64/tmpB4fpN5/key.pkl because the corresponding module is gone from the file system.
WARNING (theano.gof.cmodule): A module that was loaded by this ModuleCache can no longer be read from file /home/slab/ishiiayuka/.theano/compiledir_Linux-5.15--generic-x86_64-with-debian-bookworm-sid-x86_64-2.7.15-64/tmp3YHNrX/8ff3e7aa6d49488c9f9f254a16ff112b.so... this could lead to problems.
WARNING (theano.gof.cmodule): Removing key file /home/slab/ishiiayuka/.theano/compiledir_Linux-5.15--generic-x86_64-with-debian-bookworm-sid-x86_64-2.7.15-64/tmp3YHNrX/key.pkl because the corresponding module is gone from the file system.
WARNING (theano.gof.cmodule): Removing key file /home/slab/ishiiayuka/.theano/compiledir_Linux-5.15--generic-x86_64-with-debian-bookworm-sid-x86_64-2.7.15-64/tmpKUFRpo/key.pkl because the corresponding module is gone from the file system.
WARNING (theano.gof.cmodule): A module that was loaded by this ModuleCache can no longer be read from file /home/slab/ishiiayuka/.theano/compiledir_Linux-5.15--generic-x86_64-with-debian-bookworm-sid-x86_64-2.7.15-64/tmp6z20Df/f4bd33b5907272802305dcff1ff738ad.so... this could lead to problems.
WARNING (theano.gof.cmodule): Removing key file /home/slab/ishiiayuka/.theano/compiledir_Linux-5.15--generic-x86_64-with-debian-bookworm-sid-x86_64-2.7.15-64/tmp6z20Df/key.pkl because the corresponding module is gone from the file system.
WARNING (theano.gof.cmodule): A module that was loaded by this ModuleCache can no longer be read from file /home/slab/ishiiayuka/.theano/compiledir_Linux-5.15--generic-x86_64-with-debian-bookworm-sid-x86_64-2.7.15-64/tmpVr1t9P/431b85e061ff68e44a72e9d5414b6939.so... this could lead to problems.
WARNING (theano.gof.cmodule): Removing key file /home/slab/ishiiayuka/.theano/compiledir_Linux-5.15--generic-x86_64-with-debian-bookworm-sid-x86_64-2.7.15-64/tmpVr1t9P/key.pkl because the corresponding module is gone from the file system.
WARNING (theano.gof.cmodule): A module that was loaded by this ModuleCache can no longer be read from file /home/slab/ishiiayuka/.theano/compiledir_Linux-5.15--generic-x86_64-with-debian-bookworm-sid-x86_64-2.7.15-64/tmpqD0Ywm/a323421d9402805228d9a7b830b8469a.so... this could lead to problems.
WARNING (theano.gof.cmodule): Removing key file /home/slab/ishiiayuka/.theano/compiledir_Linux-5.15--generic-x86_64-with-debian-bookworm-sid-x86_64-2.7.15-64/tmpqD0Ywm/key.pkl because the corresponding module is gone from the file system.
WARNING (theano.gof.cmodule): A module that was loaded by this ModuleCache can no longer be read from file /home/slab/ishiiayuka/.theano/compiledir_Linux-5.15--generic-x86_64-with-debian-bookworm-sid-x86_64-2.7.15-64/tmp6ouPn7/7be1fd901f8d52493f152b17cdc988b7.so... this could lead to problems.
WARNING (theano.gof.cmodule): Removing key file /home/slab/ishiiayuka/.theano/compiledir_Linux-5.15--generic-x86_64-with-debian-bookworm-sid-x86_64-2.7.15-64/tmp6ouPn7/key.pkl because the corresponding module is gone from the file system.
WARNING (theano.gof.cmodule): Removing key file /home/slab/ishiiayuka/.theano/compiledir_Linux-5.15--generic-x86_64-with-debian-bookworm-sid-x86_64-2.7.15-64/tmpRMOHnW/key.pkl because the corresponding module is gone from the file system.
WARNING (theano.gof.cmodule): A module that was loaded by this ModuleCache can no longer be read from file /home/slab/ishiiayuka/.theano/compiledir_Linux-5.15--generic-x86_64-with-debian-bookworm-sid-x86_64-2.7.15-64/tmpfbqSYM/71e7bcde2680e1b11c4263fe2633d502.so... this could lead to problems.
WARNING (theano.gof.cmodule): Removing key file /home/slab/ishiiayuka/.theano/compiledir_Linux-5.15--generic-x86_64-with-debian-bookworm-sid-x86_64-2.7.15-64/tmpfbqSYM/key.pkl because the corresponding module is gone from the file system.
